<?xml version="1.0" encoding="UTF-8"?>
<testsuite name="org.springframework.beans.factory.xml.DuplicateBeanIdTests" tests="2" skipped="0" failures="0" errors="0" timestamp="2021-03-19T02:33:14" hostname="Dream.local" time="0.033">
  <properties/>
  <testcase name="duplicateBeanIdsAcrossNestingLevels" classname="org.springframework.beans.factory.xml.DuplicateBeanIdTests" time="0.026"/>
  <testcase name="duplicateBeanIdsWithinSameNestingLevelRaisesError" classname="org.springframework.beans.factory.xml.DuplicateBeanIdTests" time="0.007"/>
  <system-out><![CDATA[]]></system-out>
  <system-err><![CDATA[]]></system-err>
</testsuite>
