<?xml version="1.0" encoding="UTF-8"?>
<testsuite name="org.springframework.beans.factory.xml.DefaultLifecycleMethodsTests" tests="6" skipped="0" failures="0" errors="0" timestamp="2021-03-19T10:45:02" hostname="Dream.local" time="0.016">
  <properties/>
  <testcase name="childWithLifecycleMethodsDisabled" classname="org.springframework.beans.factory.xml.DefaultLifecycleMethodsTests" time="0.003"/>
  <testcase name="lifecycleMethodsDisabled" classname="org.springframework.beans.factory.xml.DefaultLifecycleMethodsTests" time="0.002"/>
  <testcase name="overrideDefaultLifecycleMethods" classname="org.springframework.beans.factory.xml.DefaultLifecycleMethodsTests" time="0.001"/>
  <testcase name="childWithDefaultLifecycleMethods" classname="org.springframework.beans.factory.xml.DefaultLifecycleMethodsTests" time="0.002"/>
  <testcase name="ignoreDefaultLifecycleMethods" classname="org.springframework.beans.factory.xml.DefaultLifecycleMethodsTests" time="0.005"/>
  <testcase name="lifecycleMethodsInvoked" classname="org.springframework.beans.factory.xml.DefaultLifecycleMethodsTests" time="0.002"/>
  <system-out><![CDATA[]]></system-out>
  <system-err><![CDATA[]]></system-err>
</testsuite>
