<?xml version="1.0" encoding="UTF-8"?>
<testsuite name="org.springframework.beans.factory.support.DefaultSingletonBeanRegistryTests" tests="3" skipped="0" failures="0" errors="0" timestamp="2021-03-19T02:33:16" hostname="Dream.local" time="0.002">
  <properties/>
  <testcase name="testDependentRegistration" classname="org.springframework.beans.factory.support.DefaultSingletonBeanRegistryTests" time="0.001"/>
  <testcase name="testSingletons" classname="org.springframework.beans.factory.support.DefaultSingletonBeanRegistryTests" time="0.001"/>
  <testcase name="testDisposableBean" classname="org.springframework.beans.factory.support.DefaultSingletonBeanRegistryTests" time="0.0"/>
  <system-out><![CDATA[]]></system-out>
  <system-err><![CDATA[]]></system-err>
</testsuite>
