<?xml version="1.0" encoding="UTF-8"?>
<testsuite name="org.springframework.beans.factory.config.ObjectFactoryCreatingFactoryBeanTests" tests="9" skipped="0" failures="0" errors="0" timestamp="2021-03-19T10:45:00" hostname="Dream.local" time="0.095">
  <properties/>
  <testcase name="testWhenTargetBeanNameIsEmptyString" classname="org.springframework.beans.factory.config.ObjectFactoryCreatingFactoryBeanTests" time="0.005"/>
  <testcase name="testWhenTargetBeanNameIsNull" classname="org.springframework.beans.factory.config.ObjectFactoryCreatingFactoryBeanTests" time="0.003"/>
  <testcase name="testFactoryOperation" classname="org.springframework.beans.factory.config.ObjectFactoryCreatingFactoryBeanTests" time="0.01"/>
  <testcase name="testProviderSerialization" classname="org.springframework.beans.factory.config.ObjectFactoryCreatingFactoryBeanTests" time="0.018"/>
  <testcase name="testDoesNotComplainWhenTargetBeanNameRefersToSingleton" classname="org.springframework.beans.factory.config.ObjectFactoryCreatingFactoryBeanTests" time="0.047"/>
  <testcase name="testWhenTargetBeanNameIsWhitespacedString" classname="org.springframework.beans.factory.config.ObjectFactoryCreatingFactoryBeanTests" time="0.003"/>
  <testcase name="testFactorySerialization" classname="org.springframework.beans.factory.config.ObjectFactoryCreatingFactoryBeanTests" time="0.004"/>
  <testcase name="testEnsureOFBFBReportsThatItActuallyCreatesObjectFactoryInstances" classname="org.springframework.beans.factory.config.ObjectFactoryCreatingFactoryBeanTests" time="0.002"/>
  <testcase name="testProviderOperation" classname="org.springframework.beans.factory.config.ObjectFactoryCreatingFactoryBeanTests" time="0.003"/>
  <system-out><![CDATA[]]></system-out>
  <system-err><![CDATA[]]></system-err>
</testsuite>
