<?xml version="1.0" encoding="UTF-8"?>
<testsuite name="org.springframework.beans.factory.support.BeanDefinitionTests" tests="7" skipped="0" failures="0" errors="0" timestamp="2021-03-19T02:33:16" hostname="Dream.local" time="0.002">
  <properties/>
  <testcase name="beanDefinitionEquality" classname="org.springframework.beans.factory.support.BeanDefinitionTests" time="0.0"/>
  <testcase name="beanDefinitionHolderEquality" classname="org.springframework.beans.factory.support.BeanDefinitionTests" time="0.0"/>
  <testcase name="genericBeanDefinitionEquality" classname="org.springframework.beans.factory.support.BeanDefinitionTests" time="0.0"/>
  <testcase name="beanDefinitionEqualityWithConstructorArguments" classname="org.springframework.beans.factory.support.BeanDefinitionTests" time="0.0"/>
  <testcase name="beanDefinitionEqualityWithTypedConstructorArguments" classname="org.springframework.beans.factory.support.BeanDefinitionTests" time="0.001"/>
  <testcase name="beanDefinitionEqualityWithPropertyValues" classname="org.springframework.beans.factory.support.BeanDefinitionTests" time="0.0"/>
  <testcase name="beanDefinitionMerging" classname="org.springframework.beans.factory.support.BeanDefinitionTests" time="0.0"/>
  <system-out><![CDATA[]]></system-out>
  <system-err><![CDATA[]]></system-err>
</testsuite>
