<?xml version="1.0" encoding="UTF-8"?>
<testsuite name="org.springframework.beans.BeanUtilsTests" tests="18" skipped="0" failures="0" errors="0" timestamp="2021-03-19T02:33:11" hostname="Dream.local" time="0.027">
  <properties/>
  <testcase name="testCopyPropertiesWithDifferentTypes1" classname="org.springframework.beans.BeanUtilsTests" time="0.004"/>
  <testcase name="testCopyPropertiesWithDifferentTypes2" classname="org.springframework.beans.BeanUtilsTests" time="0.0"/>
  <testcase name="testResolveSignatureWithArray" classname="org.springframework.beans.BeanUtilsTests" time="0.001"/>
  <testcase name="testCopyPropertiesWithEditable" classname="org.springframework.beans.BeanUtilsTests" time="0.001"/>
  <testcase name="testFindEditorByConvention" classname="org.springframework.beans.BeanUtilsTests" time="0.0"/>
  <testcase name="testResolveSimpleSignature" classname="org.springframework.beans.BeanUtilsTests" time="0.0"/>
  <testcase name="testResolveWithAndWithoutArgList" classname="org.springframework.beans.BeanUtilsTests" time="0.001"/>
  <testcase name="testInstantiateClass" classname="org.springframework.beans.BeanUtilsTests" time="0.001"/>
  <testcase name="testCopyPropertiesWithIgnore" classname="org.springframework.beans.BeanUtilsTests" time="0.0"/>
  <testcase name="testCopyPropertiesWithIgnoredNonExistingProperty" classname="org.springframework.beans.BeanUtilsTests" time="0.002"/>
  <testcase name="testCopyPropertiesWithInvalidProperty" classname="org.springframework.beans.BeanUtilsTests" time="0.008"/>
  <testcase name="testResolveTypedSignature" classname="org.springframework.beans.BeanUtilsTests" time="0.001"/>
  <testcase name="testSPR6063" classname="org.springframework.beans.BeanUtilsTests" time="0.005"/>
  <testcase name="testGetPropertyDescriptors" classname="org.springframework.beans.BeanUtilsTests" time="0.0"/>
  <testcase name="testResolveOverloadedSignature" classname="org.springframework.beans.BeanUtilsTests" time="0.001"/>
  <testcase name="testResolveInvalidSignature" classname="org.springframework.beans.BeanUtilsTests" time="0.0"/>
  <testcase name="testCopyProperties" classname="org.springframework.beans.BeanUtilsTests" time="0.0"/>
  <testcase name="testBeanPropertyIsArray" classname="org.springframework.beans.BeanUtilsTests" time="0.002"/>
  <system-out><![CDATA[]]></system-out>
  <system-err><![CDATA[]]></system-err>
</testsuite>
