<?xml version="1.0" encoding="UTF-8"?>
<testsuite name="org.springframework.beans.factory.BeanFactoryUtilsTests" tests="17" skipped="0" failures="0" errors="0" timestamp="2021-03-19T10:44:59" hostname="Dream.local" time="0.638">
  <properties/>
  <testcase name="testHierarchicalResolutionWithOverride" classname="org.springframework.beans.factory.BeanFactoryUtilsTests" time="0.215"/>
  <testcase name="testHierarchicalCountBeansWithNonHierarchicalFactory" classname="org.springframework.beans.factory.BeanFactoryUtilsTests" time="0.046"/>
  <testcase name="testGetBeanNamesForTypeWithOverride" classname="org.springframework.beans.factory.BeanFactoryUtilsTests" time="0.032"/>
  <testcase name="testGetBeanNamesForAnnotationWithOverride" classname="org.springframework.beans.factory.BeanFactoryUtilsTests" time="0.038"/>
  <testcase name="testCDependencies" classname="org.springframework.beans.factory.BeanFactoryUtilsTests" time="0.029"/>
  <testcase name="testBDependencies" classname="org.springframework.beans.factory.BeanFactoryUtilsTests" time="0.032"/>
  <testcase name="testADependencies" classname="org.springframework.beans.factory.BeanFactoryUtilsTests" time="0.026"/>
  <testcase name="isSingletonAndIsPrototypeWithStaticFactory" classname="org.springframework.beans.factory.BeanFactoryUtilsTests" time="0.024"/>
  <testcase name="testHierarchicalNamesForAnnotationWithMatchOnlyInRoot" classname="org.springframework.beans.factory.BeanFactoryUtilsTests" time="0.021"/>
  <testcase name="testHierarchicalCountBeansWithOverride" classname="org.springframework.beans.factory.BeanFactoryUtilsTests" time="0.021"/>
  <testcase name="testFindsBeansOfTypeWithDefaultFactory" classname="org.springframework.beans.factory.BeanFactoryUtilsTests" time="0.029"/>
  <testcase name="testHierarchicalNamesWithNoMatch" classname="org.springframework.beans.factory.BeanFactoryUtilsTests" time="0.023"/>
  <testcase name="testIntDependencies" classname="org.springframework.beans.factory.BeanFactoryUtilsTests" time="0.019"/>
  <testcase name="testNoBeansOfType" classname="org.springframework.beans.factory.BeanFactoryUtilsTests" time="0.016"/>
  <testcase name="testFindsBeansOfTypeWithStaticFactory" classname="org.springframework.beans.factory.BeanFactoryUtilsTests" time="0.02"/>
  <testcase name="testHierarchicalNamesWithMatchOnlyInRoot" classname="org.springframework.beans.factory.BeanFactoryUtilsTests" time="0.024"/>
  <testcase name="testHierarchicalNamesForAnnotationWithNoMatch" classname="org.springframework.beans.factory.BeanFactoryUtilsTests" time="0.022"/>
  <system-out><![CDATA[]]></system-out>
  <system-err><![CDATA[]]></system-err>
</testsuite>
