<?xml version="1.0" encoding="UTF-8"?>
<testsuite name="org.springframework.beans.factory.xml.NestedBeansElementTests" tests="2" skipped="0" failures="0" errors="0" timestamp="2021-03-19T02:33:14" hostname="Dream.local" time="0.008">
  <properties/>
  <testcase name="getBean_withActiveProfile" classname="org.springframework.beans.factory.xml.NestedBeansElementTests" time="0.004"/>
  <testcase name="getBean_withoutActiveProfile" classname="org.springframework.beans.factory.xml.NestedBeansElementTests" time="0.003"/>
  <system-out><![CDATA[]]></system-out>
  <system-err><![CDATA[]]></system-err>
</testsuite>
