<?xml version="1.0" encoding="UTF-8"?>
<testsuite name="org.springframework.beans.factory.support.BeanFactoryGenericsTests" tests="42" skipped="1" failures="0" errors="0" timestamp="2021-03-19T02:33:15" hostname="Dream.local" time="0.055">
  <properties/>
  <testcase name="testGenericListProperty" classname="org.springframework.beans.factory.support.BeanFactoryGenericsTests" time="0.001"/>
  <testcase name="testGenericSetFactoryMethod" classname="org.springframework.beans.factory.support.BeanFactoryGenericsTests" time="0.001"/>
  <testcase name="testGenericMapWithKeyTypeConstructor" classname="org.springframework.beans.factory.support.BeanFactoryGenericsTests" time="0.001"/>
  <testcase name="testGenericMapMapConstructorWithSameRefAndNoConversion" classname="org.springframework.beans.factory.support.BeanFactoryGenericsTests" time="0.001"/>
  <testcase name="testGenericSetMapFactoryMethod" classname="org.springframework.beans.factory.support.BeanFactoryGenericsTests" time="0.001"/>
  <testcase name="testGenericMapMapConstructor" classname="org.springframework.beans.factory.support.BeanFactoryGenericsTests" time="0.0"/>
  <testcase name="testGenericMapResourceFactoryMethod" classname="org.springframework.beans.factory.support.BeanFactoryGenericsTests" time="0.001"/>
  <testcase name="parameterizedInstanceFactoryMethod" classname="org.springframework.beans.factory.support.BeanFactoryGenericsTests" time="0.002"/>
  <testcase name="parameterizedInstanceFactoryMethodWithIndexedArgument" classname="org.springframework.beans.factory.support.BeanFactoryGenericsTests" time="0.0"/>
  <testcase name="testGenericMatchingWithBeanNameDifferentiation" classname="org.springframework.beans.factory.support.BeanFactoryGenericsTests" time="0.003"/>
  <testcase name="parameterizedInstanceFactoryMethodWithNonResolvedClassName" classname="org.springframework.beans.factory.support.BeanFactoryGenericsTests" time="0.0"/>
  <testcase name="testGenericListPropertyWithInvalidElementType" classname="org.springframework.beans.factory.support.BeanFactoryGenericsTests" time="0.001"/>
  <testcase name="testGenericMapMapConstructorWithSameRefAndConversion" classname="org.springframework.beans.factory.support.BeanFactoryGenericsTests" time="0.0"/>
  <testcase name="parameterizedInstanceFactoryMethodWithTempClassLoader" classname="org.springframework.beans.factory.support.BeanFactoryGenericsTests" time="0.001"/>
  <testcase name="testGenericListPropertyWithAutowiring" classname="org.springframework.beans.factory.support.BeanFactoryGenericsTests" time="0.0"/>
  <testcase name="testGenericSetProperty" classname="org.springframework.beans.factory.support.BeanFactoryGenericsTests" time="0.0"/>
  <testcase name="testGenericListBean" classname="org.springframework.beans.factory.support.BeanFactoryGenericsTests" time="0.003"/>
  <testcase name="testGenericallyTypedSetOfIntegerBean" classname="org.springframework.beans.factory.support.BeanFactoryGenericsTests" time="0.002"/>
  <testcase name="testGenericallyTypedIntegerBean" classname="org.springframework.beans.factory.support.BeanFactoryGenericsTests" time="0.002"/>
  <testcase name="testGenericListOfArraysProperty" classname="org.springframework.beans.factory.support.BeanFactoryGenericsTests" time="0.003"/>
  <testcase name="testGenericSetConstructorWithOptionalAutowiring" classname="org.springframework.beans.factory.support.BeanFactoryGenericsTests" time="0.0"/>
  <testcase name="parameterizedStaticFactoryMethod" classname="org.springframework.beans.factory.support.BeanFactoryGenericsTests" time="0.009"/>
  <testcase name="testGenericMapBean" classname="org.springframework.beans.factory.support.BeanFactoryGenericsTests" time="0.003"/>
  <testcase name="parameterizedInstanceFactoryMethodWithWrappedClassName" classname="org.springframework.beans.factory.support.BeanFactoryGenericsTests" time="0.001"/>
  <testcase name="testGenericSetConstructorWithAutowiring" classname="org.springframework.beans.factory.support.BeanFactoryGenericsTests" time="0.001"/>
  <testcase name="testGenericSetListConstructorWithOptionalAutowiring" classname="org.springframework.beans.factory.support.BeanFactoryGenericsTests" time="0.0"/>
  <testcase name="testGenericMapWithCollectionValueFactoryMethod" classname="org.springframework.beans.factory.support.BeanFactoryGenericsTests" time="0.002"/>
  <testcase name="parameterizedInstanceFactoryMethodWithInvalidClassName" classname="org.springframework.beans.factory.support.BeanFactoryGenericsTests" time="0.001"/>
  <testcase name="testGenericMapResourceConstructor" classname="org.springframework.beans.factory.support.BeanFactoryGenericsTests" time="0.001"/>
  <testcase name="testGenericListPropertyWithOptionalAutowiring" classname="org.springframework.beans.factory.support.BeanFactoryGenericsTests" time="0.001"/>
  <testcase name="testGenericSetListConstructor" classname="org.springframework.beans.factory.support.BeanFactoryGenericsTests" time="0.001"/>
  <testcase name="testGenericMapWithKeyTypeFactoryMethod" classname="org.springframework.beans.factory.support.BeanFactoryGenericsTests" time="0.0"/>
  <testcase name="testGenericMatchingWithFullTypeDifferentiation" classname="org.springframework.beans.factory.support.BeanFactoryGenericsTests" time="0.0"/>
  <testcase name="testGenericMapProperty" classname="org.springframework.beans.factory.support.BeanFactoryGenericsTests" time="0.001"/>
  <testcase name="testGenericSetListFactoryMethod" classname="org.springframework.beans.factory.support.BeanFactoryGenericsTests" time="0.001"/>
  <testcase name="testGenericSetBean" classname="org.springframework.beans.factory.support.BeanFactoryGenericsTests" time="0.003"/>
  <testcase name="testGenericSetListConstructorWithAutowiring" classname="org.springframework.beans.factory.support.BeanFactoryGenericsTests" time="0.001"/>
  <testcase name="testGenericMapWithCollectionValueConstructor" classname="org.springframework.beans.factory.support.BeanFactoryGenericsTests" time="0.001"/>
  <testcase name="testSetBean" classname="org.springframework.beans.factory.support.BeanFactoryGenericsTests" time="0.0">
    <skipped/>
  </testcase>
  <testcase name="testGenericSetConstructor" classname="org.springframework.beans.factory.support.BeanFactoryGenericsTests" time="0.001"/>
  <testcase name="testGenericMapMapFactoryMethod" classname="org.springframework.beans.factory.support.BeanFactoryGenericsTests" time="0.0"/>
  <testcase name="testGenericSetMapConstructor" classname="org.springframework.beans.factory.support.BeanFactoryGenericsTests" time="0.001"/>
  <system-out><![CDATA[]]></system-out>
  <system-err><![CDATA[]]></system-err>
</testsuite>
