<?xml version="1.0" encoding="UTF-8"?>
<testsuite name="org.springframework.beans.factory.support.DefinitionMetadataEqualsHashCodeTests" tests="4" skipped="0" failures="0" errors="0" timestamp="2021-03-19T10:45:03" hostname="Dream.local" time="0.002">
  <properties/>
  <testcase name="childBeanDefinition" classname="org.springframework.beans.factory.support.DefinitionMetadataEqualsHashCodeTests" time="0.0"/>
  <testcase name="runtimeBeanReference" classname="org.springframework.beans.factory.support.DefinitionMetadataEqualsHashCodeTests" time="0.002"/>
  <testcase name="rootBeanDefinitionAndMethodOverridesWithDifferentOverloadedValues" classname="org.springframework.beans.factory.support.DefinitionMetadataEqualsHashCodeTests" time="0.0"/>
  <testcase name="rootBeanDefinition" classname="org.springframework.beans.factory.support.DefinitionMetadataEqualsHashCodeTests" time="0.0"/>
  <system-out><![CDATA[]]></system-out>
  <system-err><![CDATA[]]></system-err>
</testsuite>
