<?xml version="1.0" encoding="UTF-8"?>
<testsuite name="org.springframework.beans.factory.annotation.CustomAutowireConfigurerTests" tests="1" skipped="0" failures="0" errors="0" timestamp="2021-03-19T02:33:14" hostname="Dream.local" time="0.013">
  <properties/>
  <testcase name="testCustomResolver" classname="org.springframework.beans.factory.annotation.CustomAutowireConfigurerTests" time="0.013"/>
  <system-out><![CDATA[]]></system-out>
  <system-err><![CDATA[]]></system-err>
</testsuite>
