<?xml version="1.0" encoding="UTF-8"?>
<testsuite name="org.springframework.beans.factory.xml.ProfileXmlBeanDefinitionTests" tests="4" skipped="0" failures="0" errors="0" timestamp="2021-03-19T10:45:02" hostname="Dream.local" time="0.151">
  <properties/>
  <testcase name="testDefaultAndNonDefaultProfile" classname="org.springframework.beans.factory.xml.ProfileXmlBeanDefinitionTests" time="0.019"/>
  <testcase name="testDefaultProfile" classname="org.springframework.beans.factory.xml.ProfileXmlBeanDefinitionTests" time="0.007"/>
  <testcase name="testProfilePermutations" classname="org.springframework.beans.factory.xml.ProfileXmlBeanDefinitionTests" time="0.125"/>
  <testcase name="testProfileValidation" classname="org.springframework.beans.factory.xml.ProfileXmlBeanDefinitionTests" time="0.0"/>
  <system-out><![CDATA[]]></system-out>
  <system-err><![CDATA[]]></system-err>
</testsuite>
