<?xml version="1.0" encoding="UTF-8"?>
<testsuite name="org.springframework.beans.propertyeditors.ZoneIdEditorTests" tests="4" skipped="0" failures="0" errors="0" timestamp="2021-03-19T02:33:12" hostname="Dream.local" time="0.013">
  <properties/>
  <testcase name="americaLosAngeles" classname="org.springframework.beans.propertyeditors.ZoneIdEditorTests" time="0.011"/>
  <testcase name="americaChicago" classname="org.springframework.beans.propertyeditors.ZoneIdEditorTests" time="0.001"/>
  <testcase name="getNullAsText" classname="org.springframework.beans.propertyeditors.ZoneIdEditorTests" time="0.0"/>
  <testcase name="getValueAsText" classname="org.springframework.beans.propertyeditors.ZoneIdEditorTests" time="0.001"/>
  <system-out><![CDATA[]]></system-out>
  <system-err><![CDATA[]]></system-err>
</testsuite>
