<?xml version="1.0" encoding="UTF-8"?>
<testsuite name="org.springframework.beans.factory.xml.NestedBeansElementTests" tests="2" skipped="0" failures="0" errors="0" timestamp="2021-03-19T10:45:02" hostname="Dream.local" time="0.013">
  <properties/>
  <testcase name="getBean_withActiveProfile" classname="org.springframework.beans.factory.xml.NestedBeansElementTests" time="0.007"/>
  <testcase name="getBean_withoutActiveProfile" classname="org.springframework.beans.factory.xml.NestedBeansElementTests" time="0.006"/>
  <system-out><![CDATA[]]></system-out>
  <system-err><![CDATA[]]></system-err>
</testsuite>
