<?xml version="1.0" encoding="UTF-8"?>
<testsuite name="org.springframework.beans.ConcurrentBeanWrapperTests" tests="2" skipped="0" failures="0" errors="0" timestamp="2021-03-19T02:33:11" hostname="Dream.local" time="0.317">
  <properties/>
  <testcase name="testSingleThread" classname="org.springframework.beans.ConcurrentBeanWrapperTests" time="0.092"/>
  <testcase name="testConcurrent" classname="org.springframework.beans.ConcurrentBeanWrapperTests" time="0.224"/>
  <system-out><![CDATA[]]></system-out>
  <system-err><![CDATA[]]></system-err>
</testsuite>
