<?xml version="1.0" encoding="UTF-8"?>
<testsuite name="org.springframework.beans.CachedIntrospectionResultsTests" tests="3" skipped="0" failures="0" errors="0" timestamp="2021-03-19T10:44:58" hostname="Dream.local" time="0.039">
  <properties/>
  <testcase name="acceptAndClearClassLoader" classname="org.springframework.beans.CachedIntrospectionResultsTests" time="0.029"/>
  <testcase name="clearClassLoaderForSystemClassLoader" classname="org.springframework.beans.CachedIntrospectionResultsTests" time="0.008"/>
  <testcase name="shouldUseExtendedBeanInfoWhenApplicable" classname="org.springframework.beans.CachedIntrospectionResultsTests" time="0.002"/>
  <system-out><![CDATA[]]></system-out>
  <system-err><![CDATA[]]></system-err>
</testsuite>
