<?xml version="1.0" encoding="UTF-8"?>
<testsuite name="org.springframework.beans.factory.config.MethodInvokingFactoryBeanTests" tests="7" skipped="0" failures="0" errors="0" timestamp="2021-03-19T10:45:00" hostname="Dream.local" time="0.006">
  <properties/>
  <testcase name="testGetObjectType" classname="org.springframework.beans.factory.config.MethodInvokingFactoryBeanTests" time="0.003"/>
  <testcase name="testParameterValidation" classname="org.springframework.beans.factory.config.MethodInvokingFactoryBeanTests" time="0.001"/>
  <testcase name="testArgumentConversion" classname="org.springframework.beans.factory.config.MethodInvokingFactoryBeanTests" time="0.0"/>
  <testcase name="testInvokeWithNullArgument" classname="org.springframework.beans.factory.config.MethodInvokingFactoryBeanTests" time="0.0"/>
  <testcase name="testInvokeWithIntArgument" classname="org.springframework.beans.factory.config.MethodInvokingFactoryBeanTests" time="0.001"/>
  <testcase name="testInvokeWithIntArguments" classname="org.springframework.beans.factory.config.MethodInvokingFactoryBeanTests" time="0.0"/>
  <testcase name="testGetObject" classname="org.springframework.beans.factory.config.MethodInvokingFactoryBeanTests" time="0.001"/>
  <system-out><![CDATA[]]></system-out>
  <system-err><![CDATA[]]></system-err>
</testsuite>
