<?xml version="1.0" encoding="UTF-8"?>
<testsuite name="org.springframework.beans.factory.support.BeanDefinitionBuilderTests" tests="4" skipped="0" failures="0" errors="0" timestamp="2021-03-19T10:45:03" hostname="Dream.local" time="0.0">
  <properties/>
  <testcase name="beanClassNameWithFactoryMethod" classname="org.springframework.beans.factory.support.BeanDefinitionBuilderTests" time="0.0"/>
  <testcase name="beanClassWithSimpleProperty" classname="org.springframework.beans.factory.support.BeanDefinitionBuilderTests" time="0.0"/>
  <testcase name="beanClassWithFactoryMethod" classname="org.springframework.beans.factory.support.BeanDefinitionBuilderTests" time="0.0"/>
  <testcase name="beanClassName" classname="org.springframework.beans.factory.support.BeanDefinitionBuilderTests" time="0.0"/>
  <system-out><![CDATA[]]></system-out>
  <system-err><![CDATA[]]></system-err>
</testsuite>
