<?xml version="1.0" encoding="UTF-8"?>
<testsuite name="org.springframework.beans.support.PropertyComparatorTests" tests="4" skipped="0" failures="0" errors="0" timestamp="2021-03-19T10:44:59" hostname="Dream.local" time="0.007">
  <properties/>
  <testcase name="testPropertyComparatorNulls" classname="org.springframework.beans.support.PropertyComparatorTests" time="0.004"/>
  <testcase name="testChainedComparatorsReversed" classname="org.springframework.beans.support.PropertyComparatorTests" time="0.003"/>
  <testcase name="testPropertyComparator" classname="org.springframework.beans.support.PropertyComparatorTests" time="0.0"/>
  <testcase name="testChainedComparators" classname="org.springframework.beans.support.PropertyComparatorTests" time="0.0"/>
  <system-out><![CDATA[]]></system-out>
  <system-err><![CDATA[]]></system-err>
</testsuite>
