<?xml version="1.0" encoding="UTF-8"?>
<testsuite name="org.springframework.beans.factory.xml.SchemaValidationTests" tests="3" skipped="0" failures="0" errors="0" timestamp="2021-03-19T10:45:01" hostname="Dream.local" time="0.024">
  <properties/>
  <testcase name="withAutodetection" classname="org.springframework.beans.factory.xml.SchemaValidationTests" time="0.009"/>
  <testcase name="loadDefinitions" classname="org.springframework.beans.factory.xml.SchemaValidationTests" time="0.008"/>
  <testcase name="withExplicitValidationMode" classname="org.springframework.beans.factory.xml.SchemaValidationTests" time="0.006"/>
  <system-out><![CDATA[]]></system-out>
  <system-err><![CDATA[]]></system-err>
</testsuite>
