<?xml version="1.0" encoding="UTF-8"?>
<testsuite name="org.springframework.beans.ConcurrentBeanWrapperTests" tests="2" skipped="0" failures="0" errors="0" timestamp="2021-03-19T10:44:58" hostname="Dream.local" time="0.326">
  <properties/>
  <testcase name="testSingleThread" classname="org.springframework.beans.ConcurrentBeanWrapperTests" time="0.086"/>
  <testcase name="testConcurrent" classname="org.springframework.beans.ConcurrentBeanWrapperTests" time="0.24"/>
  <system-out><![CDATA[]]></system-out>
  <system-err><![CDATA[]]></system-err>
</testsuite>
