<?xml version="1.0" encoding="UTF-8"?>
<testsuite name="org.springframework.beans.factory.xml.ProfileXmlBeanDefinitionTests" tests="4" skipped="0" failures="0" errors="0" timestamp="2021-03-19T02:33:15" hostname="Dream.local" time="0.153">
  <properties/>
  <testcase name="testDefaultAndNonDefaultProfile" classname="org.springframework.beans.factory.xml.ProfileXmlBeanDefinitionTests" time="0.021"/>
  <testcase name="testDefaultProfile" classname="org.springframework.beans.factory.xml.ProfileXmlBeanDefinitionTests" time="0.008"/>
  <testcase name="testProfilePermutations" classname="org.springframework.beans.factory.xml.ProfileXmlBeanDefinitionTests" time="0.124"/>
  <testcase name="testProfileValidation" classname="org.springframework.beans.factory.xml.ProfileXmlBeanDefinitionTests" time="0.0"/>
  <system-out><![CDATA[]]></system-out>
  <system-err><![CDATA[]]></system-err>
</testsuite>
