<?xml version="1.0" encoding="UTF-8"?>
<testsuite name="org.springframework.beans.factory.xml.support.DefaultNamespaceHandlerResolverTests" tests="6" skipped="0" failures="0" errors="0" timestamp="2021-03-19T02:33:15" hostname="Dream.local" time="0.008">
  <properties/>
  <testcase name="testResolvedMappedHandler" classname="org.springframework.beans.factory.xml.support.DefaultNamespaceHandlerResolverTests" time="0.008"/>
  <testcase name="testResolvedMappedHandlerWithNoArgCtor" classname="org.springframework.beans.factory.xml.support.DefaultNamespaceHandlerResolverTests" time="0.0"/>
  <testcase name="testCtorWithNullClassLoaderArgumentAndNullMappingLocationArgument" classname="org.springframework.beans.factory.xml.support.DefaultNamespaceHandlerResolverTests" time="0.0"/>
  <testcase name="testNonExistentHandlerClass" classname="org.springframework.beans.factory.xml.support.DefaultNamespaceHandlerResolverTests" time="0.0"/>
  <testcase name="testCtorWithNullClassLoaderArgument" classname="org.springframework.beans.factory.xml.support.DefaultNamespaceHandlerResolverTests" time="0.0"/>
  <testcase name="testCtorWithNonExistentMappingLocationArgument" classname="org.springframework.beans.factory.xml.support.DefaultNamespaceHandlerResolverTests" time="0.0"/>
  <system-out><![CDATA[]]></system-out>
  <system-err><![CDATA[]]></system-err>
</testsuite>
