<?xml version="1.0" encoding="UTF-8"?>
<testsuite name="org.springframework.beans.PropertyAccessorUtilsTests" tests="2" skipped="0" failures="0" errors="0" timestamp="2021-03-19T02:33:11" hostname="Dream.local" time="0.0">
  <properties/>
  <testcase name="testCanonicalPropertyNames" classname="org.springframework.beans.PropertyAccessorUtilsTests" time="0.0"/>
  <testcase name="testCanonicalPropertyName" classname="org.springframework.beans.PropertyAccessorUtilsTests" time="0.0"/>
  <system-out><![CDATA[]]></system-out>
  <system-err><![CDATA[]]></system-err>
</testsuite>
