<?xml version="1.0" encoding="UTF-8"?>
<testsuite name="org.springframework.beans.factory.xml.MetadataAttachmentTests" tests="3" skipped="0" failures="0" errors="0" timestamp="2021-03-19T10:45:01" hostname="Dream.local" time="0.027">
  <properties/>
  <testcase name="propertyMetadata" classname="org.springframework.beans.factory.xml.MetadataAttachmentTests" time="0.016"/>
  <testcase name="metadataIsInherited" classname="org.springframework.beans.factory.xml.MetadataAttachmentTests" time="0.005"/>
  <testcase name="metadataAttachment" classname="org.springframework.beans.factory.xml.MetadataAttachmentTests" time="0.006"/>
  <system-out><![CDATA[]]></system-out>
  <system-err><![CDATA[]]></system-err>
</testsuite>
