<?xml version="1.0" encoding="UTF-8"?>
<testsuite name="org.springframework.beans.factory.xml.DuplicateBeanIdTests" tests="2" skipped="0" failures="0" errors="0" timestamp="2021-03-19T10:45:01" hostname="Dream.local" time="0.014">
  <properties/>
  <testcase name="duplicateBeanIdsAcrossNestingLevels" classname="org.springframework.beans.factory.xml.DuplicateBeanIdTests" time="0.008"/>
  <testcase name="duplicateBeanIdsWithinSameNestingLevelRaisesError" classname="org.springframework.beans.factory.xml.DuplicateBeanIdTests" time="0.006"/>
  <system-out><![CDATA[]]></system-out>
  <system-err><![CDATA[]]></system-err>
</testsuite>
