<?xml version="1.0" encoding="UTF-8"?>
<testsuite name="org.springframework.expression.spel.LiteralExpressionTests" tests="3" skipped="0" failures="0" errors="0" timestamp="2021-03-19T02:35:02" hostname="Dream.local" time="0.001">
  <properties/>
  <testcase name="testGetValue" classname="org.springframework.expression.spel.LiteralExpressionTests" time="0.001"/>
  <testcase name="testGetValueType" classname="org.springframework.expression.spel.LiteralExpressionTests" time="0.0"/>
  <testcase name="testSetValue" classname="org.springframework.expression.spel.LiteralExpressionTests" time="0.0"/>
  <system-out><![CDATA[]]></system-out>
  <system-err><![CDATA[]]></system-err>
</testsuite>
