<?xml version="1.0" encoding="UTF-8"?>
<testsuite name="org.springframework.expression.spel.MapTests" tests="13" skipped="0" failures="0" errors="0" timestamp="2021-03-19T10:47:10" hostname="Dream.local" time="0.024">
  <properties/>
  <testcase name="testSetConstruction01" classname="org.springframework.expression.spel.MapTests" time="0.005"/>
  <testcase name="testInlineMapAndNesting" classname="org.springframework.expression.spel.MapTests" time="0.001"/>
  <testcase name="testInlineMapError" classname="org.springframework.expression.spel.MapTests" time="0.0"/>
  <testcase name="testInlineMapWriting" classname="org.springframework.expression.spel.MapTests" time="0.003"/>
  <testcase name="testConstantRepresentation1" classname="org.springframework.expression.spel.MapTests" time="0.001"/>
  <testcase name="testInlineMapWithFunkyKeys" classname="org.springframework.expression.spel.MapTests" time="0.001"/>
  <testcase name="testInlineMapCreation01" classname="org.springframework.expression.spel.MapTests" time="0.0"/>
  <testcase name="testInlineMapCreation02" classname="org.springframework.expression.spel.MapTests" time="0.0"/>
  <testcase name="testInlineMapCreation03" classname="org.springframework.expression.spel.MapTests" time="0.0"/>
  <testcase name="testInlineMapCreation04" classname="org.springframework.expression.spel.MapTests" time="0.001"/>
  <testcase name="testInlineMapAndProjectionSelection" classname="org.springframework.expression.spel.MapTests" time="0.003"/>
  <testcase name="testRelOperatorsIs02" classname="org.springframework.expression.spel.MapTests" time="0.0"/>
  <testcase name="testMapKeysThatAreAlsoSpELKeywords" classname="org.springframework.expression.spel.MapTests" time="0.003"/>
  <system-out><![CDATA[]]></system-out>
  <system-err><![CDATA[]]></system-err>
</testsuite>
