<?xml version="1.0" encoding="UTF-8"?>
<testsuite name="org.springframework.expression.spel.CachedMethodExecutorTests" tests="2" skipped="0" failures="0" errors="0" timestamp="2021-03-19T10:47:11" hostname="Dream.local" time="0.001">
  <properties/>
  <testcase name="testCachedExecutionForTarget" classname="org.springframework.expression.spel.CachedMethodExecutorTests" time="0.001"/>
  <testcase name="testCachedExecutionForParameters" classname="org.springframework.expression.spel.CachedMethodExecutorTests" time="0.0"/>
  <system-out><![CDATA[]]></system-out>
  <system-err><![CDATA[]]></system-err>
</testsuite>
