<?xml version="1.0" encoding="UTF-8"?>
<testsuite name="org.springframework.expression.spel.TemplateExpressionParsingTests" tests="10" skipped="0" failures="0" errors="0" timestamp="2021-03-19T10:47:10" hostname="Dream.local" time="0.069">
  <properties/>
  <testcase name="testParsingNormalExpressionThroughTemplateParser" classname="org.springframework.expression.spel.TemplateExpressionParsingTests" time="0.003"/>
  <testcase name="testTemplateParserContext" classname="org.springframework.expression.spel.TemplateExpressionParsingTests" time="0.001"/>
  <testcase name="testCompositeStringExpression" classname="org.springframework.expression.spel.TemplateExpressionParsingTests" time="0.045"/>
  <testcase name="testParsingSimpleTemplateExpression01" classname="org.springframework.expression.spel.TemplateExpressionParsingTests" time="0.0"/>
  <testcase name="testParsingSimpleTemplateExpression02" classname="org.springframework.expression.spel.TemplateExpressionParsingTests" time="0.0"/>
  <testcase name="testParsingSimpleTemplateExpression03" classname="org.springframework.expression.spel.TemplateExpressionParsingTests" time="0.0"/>
  <testcase name="testParsingSimpleTemplateExpression04" classname="org.springframework.expression.spel.TemplateExpressionParsingTests" time="0.0"/>
  <testcase name="testErrorCases" classname="org.springframework.expression.spel.TemplateExpressionParsingTests" time="0.001"/>
  <testcase name="testNestedExpressions" classname="org.springframework.expression.spel.TemplateExpressionParsingTests" time="0.017"/>
  <testcase name="testClashingWithSuffixes" classname="org.springframework.expression.spel.TemplateExpressionParsingTests" time="0.001"/>
  <system-out><![CDATA[]]></system-out>
  <system-err><![CDATA[]]></system-err>
</testsuite>
