<?xml version="1.0" encoding="UTF-8"?>
<testsuite name="org.springframework.expression.spel.PerformanceTests" tests="2" skipped="2" failures="0" errors="0" timestamp="2021-03-19T10:47:12" hostname="Dream.local" time="0.005">
  <properties/>
  <testcase name="testPerformanceOfMethodAccess" classname="org.springframework.expression.spel.PerformanceTests" time="0.005">
    <skipped/>
  </testcase>
  <testcase name="testPerformanceOfPropertyAccess" classname="org.springframework.expression.spel.PerformanceTests" time="0.0">
    <skipped/>
  </testcase>
  <system-out><![CDATA[]]></system-out>
  <system-err><![CDATA[]]></system-err>
</testsuite>
