<?xml version="1.0" encoding="UTF-8"?>
<testsuite name="org.springframework.expression.spel.standard.PropertiesConversionSpelTests" tests="4" skipped="0" failures="0" errors="0" timestamp="2021-03-19T02:35:02" hostname="Dream.local" time="0.005">
  <properties/>
  <testcase name="customMapWithNonStringValue" classname="org.springframework.expression.spel.standard.PropertiesConversionSpelTests" time="0.003"/>
  <testcase name="mapWithAllStringValues" classname="org.springframework.expression.spel.standard.PropertiesConversionSpelTests" time="0.0"/>
  <testcase name="props" classname="org.springframework.expression.spel.standard.PropertiesConversionSpelTests" time="0.0"/>
  <testcase name="mapWithNonStringValue" classname="org.springframework.expression.spel.standard.PropertiesConversionSpelTests" time="0.001"/>
  <system-out><![CDATA[]]></system-out>
  <system-err><![CDATA[]]></system-err>
</testsuite>
