<?xml version="1.0" encoding="UTF-8"?>
<testsuite name="org.springframework.expression.spel.PropertyAccessTests" tests="17" skipped="0" failures="0" errors="0" timestamp="2021-03-19T10:47:12" hostname="Dream.local" time="0.019">
  <properties/>
  <testcase name="testNonExistentPropertiesAndMethods" classname="org.springframework.expression.spel.PropertyAccessTests" time="0.001"/>
  <testcase name="testAccessingPropertyOfClass" classname="org.springframework.expression.spel.PropertyAccessTests" time="0.0"/>
  <testcase name="propertyReadOnly" classname="org.springframework.expression.spel.PropertyAccessTests" time="0.007"/>
  <testcase name="propertyAccessWithoutMethodResolver" classname="org.springframework.expression.spel.PropertyAccessTests" time="0.001"/>
  <testcase name="propertyAccessWithInstanceMethodResolverAndTypedRootObject" classname="org.springframework.expression.spel.PropertyAccessTests" time="0.001"/>
  <testcase name="propertyReadWriteWithRootObject" classname="org.springframework.expression.spel.PropertyAccessTests" time="0.001"/>
  <testcase name="shouldAlwaysUsePropertyAccessorFromEvaluationContext" classname="org.springframework.expression.spel.PropertyAccessTests" time="0.001"/>
  <testcase name="testAccessingOnNullObject" classname="org.springframework.expression.spel.PropertyAccessTests" time="0.0"/>
  <testcase name="testAddingSpecificPropertyAccessor" classname="org.springframework.expression.spel.PropertyAccessTests" time="0.003"/>
  <testcase name="propertyReadWrite" classname="org.springframework.expression.spel.PropertyAccessTests" time="0.001"/>
  <testcase name="noGetClassAccess" classname="org.springframework.expression.spel.PropertyAccessTests" time="0.0"/>
  <testcase name="propertyAccessWithInstanceMethodResolver" classname="org.springframework.expression.spel.PropertyAccessTests" time="0.001"/>
  <testcase name="testAddingRemovingAccessors" classname="org.springframework.expression.spel.PropertyAccessTests" time="0.0"/>
  <testcase name="testSimpleAccess01" classname="org.springframework.expression.spel.PropertyAccessTests" time="0.0"/>
  <testcase name="testSimpleAccess02" classname="org.springframework.expression.spel.PropertyAccessTests" time="0.001"/>
  <testcase name="testSimpleAccess03" classname="org.springframework.expression.spel.PropertyAccessTests" time="0.0"/>
  <testcase name="standardGetClassAccess" classname="org.springframework.expression.spel.PropertyAccessTests" time="0.001"/>
  <system-out><![CDATA[]]></system-out>
  <system-err><![CDATA[]]></system-err>
</testsuite>
