<?xml version="1.0" encoding="UTF-8"?>
<testsuite name="org.springframework.expression.spel.LiteralTests" tests="21" skipped="0" failures="0" errors="0" timestamp="2021-03-19T02:35:02" hostname="Dream.local" time="0.005">
  <properties/>
  <testcase name="testNotWritable" classname="org.springframework.expression.spel.LiteralTests" time="0.0"/>
  <testcase name="testHexIntLiteral01" classname="org.springframework.expression.spel.LiteralTests" time="0.001"/>
  <testcase name="testLiteralReal01_CreatingDoubles" classname="org.springframework.expression.spel.LiteralTests" time="0.0"/>
  <testcase name="testLiteralReal02_CreatingFloats" classname="org.springframework.expression.spel.LiteralTests" time="0.0"/>
  <testcase name="testConversions" classname="org.springframework.expression.spel.LiteralTests" time="0.001"/>
  <testcase name="testLiteralReal04_BadExpressions" classname="org.springframework.expression.spel.LiteralTests" time="0.001"/>
  <testcase name="testLiteralInteger01" classname="org.springframework.expression.spel.LiteralTests" time="0.0"/>
  <testcase name="testLiteralInteger02" classname="org.springframework.expression.spel.LiteralTests" time="0.0"/>
  <testcase name="testLongIntInteractions01" classname="org.springframework.expression.spel.LiteralTests" time="0.0"/>
  <testcase name="testLiteralReal03_UsingExponents" classname="org.springframework.expression.spel.LiteralTests" time="0.001"/>
  <testcase name="testLongIntLiteral01" classname="org.springframework.expression.spel.LiteralTests" time="0.0"/>
  <testcase name="testLiteralBoolean01" classname="org.springframework.expression.spel.LiteralTests" time="0.0"/>
  <testcase name="testLiteralBoolean02" classname="org.springframework.expression.spel.LiteralTests" time="0.0"/>
  <testcase name="testLiteralNull01" classname="org.springframework.expression.spel.LiteralTests" time="0.0"/>
  <testcase name="testLiteralString01" classname="org.springframework.expression.spel.LiteralTests" time="0.0"/>
  <testcase name="testLiteralString02" classname="org.springframework.expression.spel.LiteralTests" time="0.0"/>
  <testcase name="testLiteralString03" classname="org.springframework.expression.spel.LiteralTests" time="0.0"/>
  <testcase name="testLiteralString04" classname="org.springframework.expression.spel.LiteralTests" time="0.0"/>
  <testcase name="testLiteralString05" classname="org.springframework.expression.spel.LiteralTests" time="0.0"/>
  <testcase name="testLiteralString06" classname="org.springframework.expression.spel.LiteralTests" time="0.0"/>
  <testcase name="testSignedIntLiterals" classname="org.springframework.expression.spel.LiteralTests" time="0.0"/>
  <system-out><![CDATA[]]></system-out>
  <system-err><![CDATA[]]></system-err>
</testsuite>
