<?xml version="1.0" encoding="UTF-8"?>
<testsuite name="org.springframework.scheduling.config.ScheduledTaskRegistrarTests" tests="5" skipped="0" failures="0" errors="0" timestamp="2021-03-19T10:46:44" hostname="Dream.local" time="0.025">
  <properties/>
  <testcase name="getFixedRateTasks" classname="org.springframework.scheduling.config.ScheduledTaskRegistrarTests" time="0.01"/>
  <testcase name="getCronTasks" classname="org.springframework.scheduling.config.ScheduledTaskRegistrarTests" time="0.007"/>
  <testcase name="getFixedDelayTasks" classname="org.springframework.scheduling.config.ScheduledTaskRegistrarTests" time="0.0"/>
  <testcase name="getTriggerTasks" classname="org.springframework.scheduling.config.ScheduledTaskRegistrarTests" time="0.007"/>
  <testcase name="emptyTaskLists" classname="org.springframework.scheduling.config.ScheduledTaskRegistrarTests" time="0.0"/>
  <system-out><![CDATA[]]></system-out>
  <system-err><![CDATA[]]></system-err>
</testsuite>
