<?xml version="1.0" encoding="UTF-8"?>
<testsuite name="org.springframework.scheduling.config.ExecutorBeanDefinitionParserTests" tests="11" skipped="0" failures="0" errors="0" timestamp="2021-03-19T02:34:35" hostname="Dream.local" time="0.093">
  <properties/>
  <testcase name="propertyPlaceholderWithInvalidPoolSize" classname="org.springframework.scheduling.config.ExecutorBeanDefinitionParserTests" time="0.015"/>
  <testcase name="threadNamePrefix" classname="org.springframework.scheduling.config.ExecutorBeanDefinitionParserTests" time="0.008"/>
  <testcase name="rangeWithUnboundedQueue" classname="org.springframework.scheduling.config.ExecutorBeanDefinitionParserTests" time="0.008"/>
  <testcase name="invalidPoolSize" classname="org.springframework.scheduling.config.ExecutorBeanDefinitionParserTests" time="0.008"/>
  <testcase name="defaultExecutor" classname="org.springframework.scheduling.config.ExecutorBeanDefinitionParserTests" time="0.008"/>
  <testcase name="propertyPlaceholderWithRange" classname="org.springframework.scheduling.config.ExecutorBeanDefinitionParserTests" time="0.008"/>
  <testcase name="typeCheck" classname="org.springframework.scheduling.config.ExecutorBeanDefinitionParserTests" time="0.007"/>
  <testcase name="propertyPlaceholderWithSingleSize" classname="org.springframework.scheduling.config.ExecutorBeanDefinitionParserTests" time="0.007"/>
  <testcase name="singleSize" classname="org.springframework.scheduling.config.ExecutorBeanDefinitionParserTests" time="0.009"/>
  <testcase name="propertyPlaceholderWithRangeAndCoreThreadTimeout" classname="org.springframework.scheduling.config.ExecutorBeanDefinitionParserTests" time="0.008"/>
  <testcase name="rangeWithBoundedQueue" classname="org.springframework.scheduling.config.ExecutorBeanDefinitionParserTests" time="0.007"/>
  <system-out><![CDATA[]]></system-out>
  <system-err><![CDATA[]]></system-err>
</testsuite>
