<?xml version="1.0" encoding="UTF-8"?>
<testsuite name="org.springframework.beans.factory.xml.LookupMethodWrappedByCglibProxyTests" tests="2" skipped="0" failures="0" errors="0" timestamp="2021-03-19T02:34:56" hostname="Dream.local" time="0.023">
  <properties/>
  <testcase name="testRegularlyProxiedLookup" classname="org.springframework.beans.factory.xml.LookupMethodWrappedByCglibProxyTests" time="0.017"/>
  <testcase name="testAutoProxiedLookup" classname="org.springframework.beans.factory.xml.LookupMethodWrappedByCglibProxyTests" time="0.006"/>
  <system-out><![CDATA[]]></system-out>
  <system-err><![CDATA[]]></system-err>
</testsuite>
