<?xml version="1.0" encoding="UTF-8"?>
<testsuite name="org.springframework.jmx.export.naming.IdentityNamingStrategyTests" tests="1" skipped="0" failures="0" errors="0" timestamp="2021-03-19T10:47:01" hostname="Dream.local" time="0.001">
  <properties/>
  <testcase name="naming" classname="org.springframework.jmx.export.naming.IdentityNamingStrategyTests" time="0.001"/>
  <system-out><![CDATA[]]></system-out>
  <system-err><![CDATA[]]></system-err>
</testsuite>
