<?xml version="1.0" encoding="UTF-8"?>
<testsuite name="org.springframework.aop.aspectj.BeanNamePointcutAtAspectTests" tests="3" skipped="0" failures="0" errors="0" timestamp="2021-03-19T10:47:04" hostname="Dream.local" time="0.024">
  <properties/>
  <testcase name="testMatchingBeanName" classname="org.springframework.aop.aspectj.BeanNamePointcutAtAspectTests" time="0.008"/>
  <testcase name="testProgrammaticProxyCreation" classname="org.springframework.aop.aspectj.BeanNamePointcutAtAspectTests" time="0.009"/>
  <testcase name="testNonMatchingBeanName" classname="org.springframework.aop.aspectj.BeanNamePointcutAtAspectTests" time="0.007"/>
  <system-out><![CDATA[]]></system-out>
  <system-err><![CDATA[]]></system-err>
</testsuite>
