<?xml version="1.0" encoding="UTF-8"?>
<testsuite name="org.springframework.jndi.SimpleNamingContextTests" tests="2" skipped="0" failures="0" errors="0" timestamp="2021-03-19T02:34:56" hostname="Dream.local" time="0.006">
  <properties/>
  <testcase name="testNamingContextBuilder" classname="org.springframework.jndi.SimpleNamingContextTests" time="0.005"/>
  <testcase name="testCreateInitialContext" classname="org.springframework.jndi.SimpleNamingContextTests" time="0.001"/>
  <system-out><![CDATA[]]></system-out>
  <system-err><![CDATA[]]></system-err>
</testsuite>
