<?xml version="1.0" encoding="UTF-8"?>
<testsuite name="org.springframework.context.annotation.ImportAwareTests" tests="6" skipped="0" failures="0" errors="0" timestamp="2021-03-19T02:34:14" hostname="Dream.local" time="0.074">
  <properties/>
  <testcase name="directlyAnnotatedWithImport" classname="org.springframework.context.annotation.ImportAwareTests" time="0.014"/>
  <testcase name="metadataFromImportsTwoThenOne" classname="org.springframework.context.annotation.ImportAwareTests" time="0.017"/>
  <testcase name="indirectlyAnnotatedWithImport" classname="org.springframework.context.annotation.ImportAwareTests" time="0.015"/>
  <testcase name="importRegistrar" classname="org.springframework.context.annotation.ImportAwareTests" time="0.013"/>
  <testcase name="importRegistrarWithImport" classname="org.springframework.context.annotation.ImportAwareTests" time="0.012"/>
  <testcase name="metadataFromImportsOneThenTwo" classname="org.springframework.context.annotation.ImportAwareTests" time="0.003"/>
  <system-out><![CDATA[]]></system-out>
  <system-err><![CDATA[]]></system-err>
</testsuite>
