<?xml version="1.0" encoding="UTF-8"?>
<testsuite name="org.springframework.context.annotation.EnableLoadTimeWeavingTests" tests="4" skipped="0" failures="0" errors="0" timestamp="2021-03-19T10:46:25" hostname="Dream.local" time="0.073">
  <properties/>
  <testcase name="enableLTW_withAjWeavingAutodetect" classname="org.springframework.context.annotation.EnableLoadTimeWeavingTests" time="0.03"/>
  <testcase name="enableLTW_withAjWeavingEnabled" classname="org.springframework.context.annotation.EnableLoadTimeWeavingTests" time="0.021"/>
  <testcase name="control" classname="org.springframework.context.annotation.EnableLoadTimeWeavingTests" time="0.015"/>
  <testcase name="enableLTW_withAjWeavingDisabled" classname="org.springframework.context.annotation.EnableLoadTimeWeavingTests" time="0.007"/>
  <system-out><![CDATA[]]></system-out>
  <system-err><![CDATA[]]></system-err>
</testsuite>
