<?xml version="1.0" encoding="UTF-8"?>
<testsuite name="org.springframework.context.annotation.RoleAndDescriptionAnnotationTests" tests="3" skipped="0" failures="0" errors="0" timestamp="2021-03-19T10:46:23" hostname="Dream.local" time="0.019">
  <properties/>
  <testcase name="viaComponentScanning" classname="org.springframework.context.annotation.RoleAndDescriptionAnnotationTests" time="0.008"/>
  <testcase name="onBeanMethod" classname="org.springframework.context.annotation.RoleAndDescriptionAnnotationTests" time="0.009"/>
  <testcase name="onComponentClass" classname="org.springframework.context.annotation.RoleAndDescriptionAnnotationTests" time="0.002"/>
  <system-out><![CDATA[]]></system-out>
  <system-err><![CDATA[]]></system-err>
</testsuite>
