<?xml version="1.0" encoding="UTF-8"?>
<testsuite name="org.springframework.jmx.export.CustomEditorConfigurerTests" tests="2" skipped="0" failures="0" errors="0" timestamp="2021-03-19T02:34:52" hostname="Dream.local" time="0.013">
  <properties/>
  <testcase name="testGetDates" classname="org.springframework.jmx.export.CustomEditorConfigurerTests" time="0.01"/>
  <testcase name="testDatesInJmx" classname="org.springframework.jmx.export.CustomEditorConfigurerTests" time="0.003"/>
  <system-out><![CDATA[]]></system-out>
  <system-err><![CDATA[]]></system-err>
</testsuite>
