<?xml version="1.0" encoding="UTF-8"?>
<testsuite name="org.springframework.ejb.config.JeeNamespaceHandlerEventTests" tests="3" skipped="0" failures="0" errors="0" timestamp="2021-03-19T10:47:06" hostname="Dream.local" time="0.024">
  <properties/>
  <testcase name="testLocalSlsbComponentEventReceived" classname="org.springframework.ejb.config.JeeNamespaceHandlerEventTests" time="0.011"/>
  <testcase name="testJndiLookupComponentEventReceived" classname="org.springframework.ejb.config.JeeNamespaceHandlerEventTests" time="0.006"/>
  <testcase name="testRemoteSlsbComponentEventReceived" classname="org.springframework.ejb.config.JeeNamespaceHandlerEventTests" time="0.006"/>
  <system-out><![CDATA[]]></system-out>
  <system-err><![CDATA[]]></system-err>
</testsuite>
