<?xml version="1.0" encoding="UTF-8"?>
<testsuite name="org.springframework.context.support.BeanDefinitionDslTests" tests="3" skipped="0" failures="0" errors="0" timestamp="2021-03-19T02:34:58" hostname="Dream.local" time="0.037">
  <properties/>
  <testcase name="Declare beans with the functional Kotlin DSL" classname="org.springframework.context.support.BeanDefinitionDslTests" time="0.016"/>
  <testcase name="Declare beans using profile condition with the functional Kotlin DSL" classname="org.springframework.context.support.BeanDefinitionDslTests" time="0.008"/>
  <testcase name="Declare beans using environment condition with the functional Kotlin DSL" classname="org.springframework.context.support.BeanDefinitionDslTests" time="0.013"/>
  <system-out><![CDATA[]]></system-out>
  <system-err><![CDATA[]]></system-err>
</testsuite>
