<?xml version="1.0" encoding="UTF-8"?>
<testsuite name="org.springframework.context.config.ContextNamespaceHandlerTests" tests="9" skipped="0" failures="0" errors="0" timestamp="2021-03-19T02:34:08" hostname="Dream.local" time="0.658">
  <properties/>
  <testcase name="propertyPlaceholderLocationWithSystemPropertyForMultipleLocations" classname="org.springframework.context.config.ContextNamespaceHandlerTests" time="0.362"/>
  <testcase name="propertyPlaceholderLocationWithSystemPropertyMissing" classname="org.springframework.context.config.ContextNamespaceHandlerTests" time="0.04"/>
  <testcase name="propertyPlaceholderLocation" classname="org.springframework.context.config.ContextNamespaceHandlerTests" time="0.034"/>
  <testcase name="propertyPlaceholderLocationWithSystemPropertyForOneLocation" classname="org.springframework.context.config.ContextNamespaceHandlerTests" time="0.035"/>
  <testcase name="propertyPlaceholderIgnored" classname="org.springframework.context.config.ContextNamespaceHandlerTests" time="0.047"/>
  <testcase name="propertyOverride" classname="org.springframework.context.config.ContextNamespaceHandlerTests" time="0.055"/>
  <testcase name="propertyPlaceholderEnvironmentProperties" classname="org.springframework.context.config.ContextNamespaceHandlerTests" time="0.029"/>
  <testcase name="propertyPlaceholderSystemProperties" classname="org.springframework.context.config.ContextNamespaceHandlerTests" time="0.027"/>
  <testcase name="propertyPlaceholder" classname="org.springframework.context.config.ContextNamespaceHandlerTests" time="0.028"/>
  <system-out><![CDATA[10:34:08.607 [Test worker] WARN  org.springframework.context.support.ClassPathXmlApplicationContext - Exception encountered during context initialization - cancelling refresh attempt: org.springframework.beans.factory.BeanInitializationException: Could not load properties; nested exception is java.io.FileNotFoundException: class path resource [${properties}] cannot be opened because it does not exist
]]></system-out>
  <system-err><![CDATA[]]></system-err>
</testsuite>
