<?xml version="1.0" encoding="UTF-8"?>
<testsuite name="org.springframework.context.annotation.AnnotationBeanNameGeneratorTests" tests="9" skipped="0" failures="0" errors="0" timestamp="2021-03-19T02:34:14" hostname="Dream.local" time="0.006">
  <properties/>
  <testcase name="generateBeanNameWithNamedComponentWhereTheNameIsBlank" classname="org.springframework.context.annotation.AnnotationBeanNameGeneratorTests" time="0.001"/>
  <testcase name="generateBeanNameWithNamedComponent" classname="org.springframework.context.annotation.AnnotationBeanNameGeneratorTests" time="0.001"/>
  <testcase name="generateBeanNameWithDefaultNamedComponent" classname="org.springframework.context.annotation.AnnotationBeanNameGeneratorTests" time="0.0"/>
  <testcase name="generateBeanNameFromMetaComponentWithStringValue" classname="org.springframework.context.annotation.AnnotationBeanNameGeneratorTests" time="0.0"/>
  <testcase name="generateBeanNameWithAnonymousComponentYieldsGeneratedBeanName" classname="org.springframework.context.annotation.AnnotationBeanNameGeneratorTests" time="0.0"/>
  <testcase name="generateBeanNameFromComposedControllerAnnotationWithoutName" classname="org.springframework.context.annotation.AnnotationBeanNameGeneratorTests" time="0.001"/>
  <testcase name="generateBeanNameFromComposedControllerAnnotationWithStringValue" classname="org.springframework.context.annotation.AnnotationBeanNameGeneratorTests" time="0.001"/>
  <testcase name="generateBeanNameFromComposedControllerAnnotationWithBlankName" classname="org.springframework.context.annotation.AnnotationBeanNameGeneratorTests" time="0.0"/>
  <testcase name="generateBeanNameFromMetaComponentWithNonStringValue" classname="org.springframework.context.annotation.AnnotationBeanNameGeneratorTests" time="0.001"/>
  <system-out><![CDATA[]]></system-out>
  <system-err><![CDATA[]]></system-err>
</testsuite>
