<?xml version="1.0" encoding="UTF-8"?>
<testsuite name="org.springframework.aop.aspectj.ProceedTests" tests="4" skipped="0" failures="0" errors="0" timestamp="2021-03-19T10:47:02" hostname="Dream.local" time="0.047">
  <properties/>
  <testcase name="testProceedWithArgsInSameAspect" classname="org.springframework.aop.aspectj.ProceedTests" time="0.018"/>
  <testcase name="testGetArgsIsDefensive" classname="org.springframework.aop.aspectj.ProceedTests" time="0.009"/>
  <testcase name="testProceedWithArgsAcrossAspects" classname="org.springframework.aop.aspectj.ProceedTests" time="0.009"/>
  <testcase name="testSimpleProceedWithChangedArgs" classname="org.springframework.aop.aspectj.ProceedTests" time="0.01"/>
  <system-out><![CDATA[]]></system-out>
  <system-err><![CDATA[]]></system-err>
</testsuite>
