<?xml version="1.0" encoding="UTF-8"?>
<testsuite name="org.springframework.context.annotation.Spr11202Tests" tests="2" skipped="0" failures="0" errors="0" timestamp="2021-03-19T02:34:13" hostname="Dream.local" time="0.03">
  <properties/>
  <testcase name="testWithImporter" classname="org.springframework.context.annotation.Spr11202Tests" time="0.025"/>
  <testcase name="testWithoutImporter" classname="org.springframework.context.annotation.Spr11202Tests" time="0.005"/>
  <system-out><![CDATA[]]></system-out>
  <system-err><![CDATA[]]></system-err>
</testsuite>
