<?xml version="1.0" encoding="UTF-8"?>
<testsuite name="org.springframework.aop.config.PrototypeProxyTests" tests="1" skipped="0" failures="0" errors="0" timestamp="2021-03-19T10:47:02" hostname="Dream.local" time="0.014">
  <properties/>
  <testcase name="testInjectionBeforeWrappingCheckDoesNotKickInForPrototypeProxy" classname="org.springframework.aop.config.PrototypeProxyTests" time="0.014"/>
  <system-out><![CDATA[]]></system-out>
  <system-err><![CDATA[]]></system-err>
</testsuite>
