<?xml version="1.0" encoding="UTF-8"?>
<testsuite name="org.springframework.context.annotation.Spr12636Tests" tests="2" skipped="0" failures="0" errors="0" timestamp="2021-03-19T10:46:22" hostname="Dream.local" time="0.054">
  <properties/>
  <testcase name="orderOnImplementation" classname="org.springframework.context.annotation.Spr12636Tests" time="0.011"/>
  <testcase name="orderOnImplementationWithProxy" classname="org.springframework.context.annotation.Spr12636Tests" time="0.043"/>
  <system-out><![CDATA[]]></system-out>
  <system-err><![CDATA[]]></system-err>
</testsuite>
