<?xml version="1.0" encoding="UTF-8"?>
<testsuite name="org.springframework.jmx.export.assembler.MethodExclusionMBeanInfoAssemblerComboTests" tests="15" skipped="0" failures="0" errors="0" timestamp="2021-03-19T02:34:51" hostname="Dream.local" time="0.057">
  <properties/>
  <testcase name="testGetAgeIsReadOnly" classname="org.springframework.jmx.export.assembler.MethodExclusionMBeanInfoAssemblerComboTests" time="0.007"/>
  <testcase name="testNickNameIsExposed" classname="org.springframework.jmx.export.assembler.MethodExclusionMBeanInfoAssemblerComboTests" time="0.003"/>
  <testcase name="testDescriptionNotNull" classname="org.springframework.jmx.export.assembler.MethodExclusionMBeanInfoAssemblerComboTests" time="0.004"/>
  <testcase name="testGetMBeanAttributeInfo" classname="org.springframework.jmx.export.assembler.MethodExclusionMBeanInfoAssemblerComboTests" time="0.004"/>
  <testcase name="testSetAttribute" classname="org.springframework.jmx.export.assembler.MethodExclusionMBeanInfoAssemblerComboTests" time="0.003"/>
  <testcase name="testAttributeInfoHasDescriptors" classname="org.springframework.jmx.export.assembler.MethodExclusionMBeanInfoAssemblerComboTests" time="0.004"/>
  <testcase name="testGetMBeanInfo" classname="org.springframework.jmx.export.assembler.MethodExclusionMBeanInfoAssemblerComboTests" time="0.003"/>
  <testcase name="testGetMBeanOperationInfo" classname="org.springframework.jmx.export.assembler.MethodExclusionMBeanInfoAssemblerComboTests" time="0.004"/>
  <testcase name="testRegisterOperations" classname="org.springframework.jmx.export.assembler.MethodExclusionMBeanInfoAssemblerComboTests" time="0.004"/>
  <testcase name="testRegisterAttributes" classname="org.springframework.jmx.export.assembler.MethodExclusionMBeanInfoAssemblerComboTests" time="0.003"/>
  <testcase name="testNotificationMetadata" classname="org.springframework.jmx.export.assembler.MethodExclusionMBeanInfoAssemblerComboTests" time="0.004"/>
  <testcase name="testAttributeHasCorrespondingOperations" classname="org.springframework.jmx.export.assembler.MethodExclusionMBeanInfoAssemblerComboTests" time="0.003"/>
  <testcase name="testMBeanRegistration" classname="org.springframework.jmx.export.assembler.MethodExclusionMBeanInfoAssemblerComboTests" time="0.004"/>
  <testcase name="testGetAttribute" classname="org.springframework.jmx.export.assembler.MethodExclusionMBeanInfoAssemblerComboTests" time="0.003"/>
  <testcase name="testOperationInvocation" classname="org.springframework.jmx.export.assembler.MethodExclusionMBeanInfoAssemblerComboTests" time="0.003"/>
  <system-out><![CDATA[]]></system-out>
  <system-err><![CDATA[]]></system-err>
</testsuite>
