<?xml version="1.0" encoding="UTF-8"?>
<testsuite name="org.springframework.context.annotation.CommonAnnotationBeanPostProcessorTests" tests="19" skipped="0" failures="0" errors="0" timestamp="2021-03-19T02:34:18" hostname="Dream.local" time="0.053">
  <properties/>
  <testcase name="testResourceInjection" classname="org.springframework.context.annotation.CommonAnnotationBeanPostProcessorTests" time="0.005"/>
  <testcase name="testLazyResolutionWithResourceField" classname="org.springframework.context.annotation.CommonAnnotationBeanPostProcessorTests" time="0.007"/>
  <testcase name="testExtendedResourceInjection" classname="org.springframework.context.annotation.CommonAnnotationBeanPostProcessorTests" time="0.013"/>
  <testcase name="testSerialization" classname="org.springframework.context.annotation.CommonAnnotationBeanPostProcessorTests" time="0.002"/>
  <testcase name="testResourceInjectionWithDefaultMethod" classname="org.springframework.context.annotation.CommonAnnotationBeanPostProcessorTests" time="0.004"/>
  <testcase name="testExtendedResourceInjectionWithOverriding" classname="org.springframework.context.annotation.CommonAnnotationBeanPostProcessorTests" time="0.001"/>
  <testcase name="testSerializationWithManualConfiguration" classname="org.springframework.context.annotation.CommonAnnotationBeanPostProcessorTests" time="0.001"/>
  <testcase name="testResourceInjectionWithPrototypes" classname="org.springframework.context.annotation.CommonAnnotationBeanPostProcessorTests" time="0.001"/>
  <testcase name="testLazyResolutionWithCglibProxy" classname="org.springframework.context.annotation.CommonAnnotationBeanPostProcessorTests" time="0.003"/>
  <testcase name="testResourceInjectionFromJndi" classname="org.springframework.context.annotation.CommonAnnotationBeanPostProcessorTests" time="0.001"/>
  <testcase name="testPostConstructAndPreDestroyWithPostProcessor" classname="org.springframework.context.annotation.CommonAnnotationBeanPostProcessorTests" time="0.001"/>
  <testcase name="testResourceInjectionWithResolvableDependencyType" classname="org.springframework.context.annotation.CommonAnnotationBeanPostProcessorTests" time="0.003"/>
  <testcase name="testResourceInjectionWithTwoProcessors" classname="org.springframework.context.annotation.CommonAnnotationBeanPostProcessorTests" time="0.0"/>
  <testcase name="testLazyResolutionWithResourceMethod" classname="org.springframework.context.annotation.CommonAnnotationBeanPostProcessorTests" time="0.003"/>
  <testcase name="testPostProcessorWithNullBean" classname="org.springframework.context.annotation.CommonAnnotationBeanPostProcessorTests" time="0.001"/>
  <testcase name="testPostConstructAndPreDestroyWithManualConfiguration" classname="org.springframework.context.annotation.CommonAnnotationBeanPostProcessorTests" time="0.0"/>
  <testcase name="testPostConstructAndPreDestroy" classname="org.springframework.context.annotation.CommonAnnotationBeanPostProcessorTests" time="0.0"/>
  <testcase name="testExtendedEjbInjection" classname="org.springframework.context.annotation.CommonAnnotationBeanPostProcessorTests" time="0.005"/>
  <testcase name="testPostConstructAndPreDestroyWithApplicationContextAndPostProcessor" classname="org.springframework.context.annotation.CommonAnnotationBeanPostProcessorTests" time="0.002"/>
  <system-out><![CDATA[]]></system-out>
  <system-err><![CDATA[]]></system-err>
</testsuite>
