<?xml version="1.0" encoding="UTF-8"?>
<testsuite name="org.springframework.context.annotation.configuration.BeanMethodQualificationTests" tests="6" skipped="0" failures="0" errors="0" timestamp="2021-03-19T10:46:21" hostname="Dream.local" time="0.097">
  <properties/>
  <testcase name="testCustomWithAttributeOverride" classname="org.springframework.context.annotation.configuration.BeanMethodQualificationTests" time="0.016"/>
  <testcase name="testCustomWithAsm" classname="org.springframework.context.annotation.configuration.BeanMethodQualificationTests" time="0.015"/>
  <testcase name="testCustom" classname="org.springframework.context.annotation.configuration.BeanMethodQualificationTests" time="0.006"/>
  <testcase name="testScoped" classname="org.springframework.context.annotation.configuration.BeanMethodQualificationTests" time="0.016"/>
  <testcase name="testStandard" classname="org.springframework.context.annotation.configuration.BeanMethodQualificationTests" time="0.016"/>
  <testcase name="testScopedProxy" classname="org.springframework.context.annotation.configuration.BeanMethodQualificationTests" time="0.027"/>
  <system-out><![CDATA[]]></system-out>
  <system-err><![CDATA[]]></system-err>
</testsuite>
