<?xml version="1.0" encoding="UTF-8"?>
<testsuite name="org.springframework.context.annotation.configuration.ImportedConfigurationClassEnhancementTests" tests="5" skipped="0" failures="0" errors="0" timestamp="2021-03-19T10:46:21" hostname="Dream.local" time="0.054">
  <properties/>
  <testcase name="autowiredConfigClassIsEnhancedWhenRegisteredViaConstructor" classname="org.springframework.context.annotation.configuration.ImportedConfigurationClassEnhancementTests" time="0.018"/>
  <testcase name="autowiredConfigClassIsEnhancedWhenImported" classname="org.springframework.context.annotation.configuration.ImportedConfigurationClassEnhancementTests" time="0.014"/>
  <testcase name="importingNonConfigurationClassCausesBeanDefinitionParsingException" classname="org.springframework.context.annotation.configuration.ImportedConfigurationClassEnhancementTests" time="0.009"/>
  <testcase name="autowiredConfigClassBeanMethodsRespectScopingWhenImported" classname="org.springframework.context.annotation.configuration.ImportedConfigurationClassEnhancementTests" time="0.007"/>
  <testcase name="autowiredConfigClassBeanMethodsRespectScopingWhenRegisteredViaConstructor" classname="org.springframework.context.annotation.configuration.ImportedConfigurationClassEnhancementTests" time="0.006"/>
  <system-out><![CDATA[]]></system-out>
  <system-err><![CDATA[]]></system-err>
</testsuite>
