<?xml version="1.0" encoding="UTF-8"?>
<testsuite name="org.springframework.context.annotation.ComponentScanAndImportAnnotationInteractionTests" tests="6" skipped="0" failures="0" errors="0" timestamp="2021-03-19T02:34:15" hostname="Dream.local" time="0.06">
  <properties/>
  <testcase name="componentScanViaImport" classname="org.springframework.context.annotation.ComponentScanAndImportAnnotationInteractionTests" time="0.018"/>
  <testcase name="circularImportViaComponentScan" classname="org.springframework.context.annotation.ComponentScanAndImportAnnotationInteractionTests" time="0.01"/>
  <testcase name="componentScanViaImportUsingScan" classname="org.springframework.context.annotation.ComponentScanAndImportAnnotationInteractionTests" time="0.008"/>
  <testcase name="componentScanViaImportUsingAsm" classname="org.springframework.context.annotation.ComponentScanAndImportAnnotationInteractionTests" time="0.01"/>
  <testcase name="componentScanOverlapsWithImport" classname="org.springframework.context.annotation.ComponentScanAndImportAnnotationInteractionTests" time="0.008"/>
  <testcase name="componentScanOverlapsWithImportUsingAsm" classname="org.springframework.context.annotation.ComponentScanAndImportAnnotationInteractionTests" time="0.006"/>
  <system-out><![CDATA[]]></system-out>
  <system-err><![CDATA[]]></system-err>
</testsuite>
