<?xml version="1.0" encoding="UTF-8"?>
<testsuite name="org.springframework.aop.aspectj.DeclarationOrderIndependenceTests" tests="5" skipped="0" failures="0" errors="0" timestamp="2021-03-19T02:34:55" hostname="Dream.local" time="0.066">
  <properties/>
  <testcase name="testBeforeAdviceFiringOk" classname="org.springframework.aop.aspectj.DeclarationOrderIndependenceTests" time="0.022"/>
  <testcase name="testTargetIsBeanNameAware" classname="org.springframework.aop.aspectj.DeclarationOrderIndependenceTests" time="0.013"/>
  <testcase name="testTargetIsSerializable" classname="org.springframework.aop.aspectj.DeclarationOrderIndependenceTests" time="0.011"/>
  <testcase name="testAroundAdviceFiringOk" classname="org.springframework.aop.aspectj.DeclarationOrderIndependenceTests" time="0.01"/>
  <testcase name="testAfterReturningFiringOk" classname="org.springframework.aop.aspectj.DeclarationOrderIndependenceTests" time="0.01"/>
  <system-out><![CDATA[]]></system-out>
  <system-err><![CDATA[]]></system-err>
</testsuite>
