<?xml version="1.0" encoding="UTF-8"?>
<testsuite name="org.springframework.aop.aspectj.SharedPointcutWithArgsMismatchTests" tests="1" skipped="0" failures="0" errors="0" timestamp="2021-03-19T02:34:55" hostname="Dream.local" time="0.019">
  <properties/>
  <testcase name="testMismatchedArgBinding" classname="org.springframework.aop.aspectj.SharedPointcutWithArgsMismatchTests" time="0.019"/>
  <system-out><![CDATA[Hello
Hello
]]></system-out>
  <system-err><![CDATA[]]></system-err>
</testsuite>
