<?xml version="1.0" encoding="UTF-8"?>
<testsuite name="org.springframework.format.number.money.MoneyFormattingTests" tests="6" skipped="0" failures="0" errors="0" timestamp="2021-03-19T10:47:06" hostname="Dream.local" time="0.081">
  <properties/>
  <testcase name="testAmountWithNumberFormat1" classname="org.springframework.format.number.money.MoneyFormattingTests" time="0.047"/>
  <testcase name="testAmountWithNumberFormat2" classname="org.springframework.format.number.money.MoneyFormattingTests" time="0.002"/>
  <testcase name="testAmountWithNumberFormat3" classname="org.springframework.format.number.money.MoneyFormattingTests" time="0.003"/>
  <testcase name="testAmountWithNumberFormat4" classname="org.springframework.format.number.money.MoneyFormattingTests" time="0.003"/>
  <testcase name="testAmountWithNumberFormat5" classname="org.springframework.format.number.money.MoneyFormattingTests" time="0.002"/>
  <testcase name="testAmountAndUnit" classname="org.springframework.format.number.money.MoneyFormattingTests" time="0.021"/>
  <system-out><![CDATA[]]></system-out>
  <system-err><![CDATA[MÃ¤r 19, 2021 6:47:06 PM org.javamoney.moneta.DefaultMonetaryContextFactory createMonetaryContextNonNullConfig
INFORMATION: Using custom MathContext: precision=256, roundingMode=HALF_EVEN
]]></system-err>
</testsuite>
