<?xml version="1.0" encoding="UTF-8"?>
<testsuite name="org.springframework.context.annotation.AutoProxyLazyInitTests" tests="4" skipped="0" failures="0" errors="0" timestamp="2021-03-19T10:46:17" hostname="Dream.local" time="0.309">
  <properties/>
  <testcase name="withNonStaticBeanMethodAndInterface" classname="org.springframework.context.annotation.AutoProxyLazyInitTests" time="0.232"/>
  <testcase name="withStaticBeanMethodAndInterface" classname="org.springframework.context.annotation.AutoProxyLazyInitTests" time="0.028"/>
  <testcase name="withStaticBeanMethod" classname="org.springframework.context.annotation.AutoProxyLazyInitTests" time="0.027"/>
  <testcase name="withNonStaticBeanMethod" classname="org.springframework.context.annotation.AutoProxyLazyInitTests" time="0.022"/>
  <system-out><![CDATA[]]></system-out>
  <system-err><![CDATA[]]></system-err>
</testsuite>
