<?xml version="1.0" encoding="UTF-8"?>
<testsuite name="org.springframework.scheduling.concurrent.ConcurrentTaskExecutorTests" tests="17" skipped="0" failures="0" errors="0" timestamp="2021-03-19T02:34:41" hostname="Dream.local" time="2.295">
  <properties/>
  <testcase name="passingNullExecutorToCtorResultsInDefaultTaskExecutorBeingUsed" classname="org.springframework.scheduling.concurrent.ConcurrentTaskExecutorTests" time="0.001"/>
  <testcase name="passingNullExecutorToSetterResultsInDefaultTaskExecutorBeingUsed" classname="org.springframework.scheduling.concurrent.ConcurrentTaskExecutorTests" time="0.0"/>
  <testcase name="zeroArgCtorResultsInDefaultTaskExecutorBeingUsed" classname="org.springframework.scheduling.concurrent.ConcurrentTaskExecutorTests" time="0.0"/>
  <testcase name="submitCallableWithGetAfterShutdown" classname="org.springframework.scheduling.concurrent.ConcurrentTaskExecutorTests" time="0.002"/>
  <testcase name="submitListenableCallableWithGetAfterShutdown" classname="org.springframework.scheduling.concurrent.ConcurrentTaskExecutorTests" time="0.0"/>
  <testcase name="submitListenableCallable" classname="org.springframework.scheduling.concurrent.ConcurrentTaskExecutorTests" time="0.104"/>
  <testcase name="executeRunnable" classname="org.springframework.scheduling.concurrent.ConcurrentTaskExecutorTests" time="0.012"/>
  <testcase name="submitListenableRunnable" classname="org.springframework.scheduling.concurrent.ConcurrentTaskExecutorTests" time="1.004"/>
  <testcase name="submitFailingCallable" classname="org.springframework.scheduling.concurrent.ConcurrentTaskExecutorTests" time="0.012"/>
  <testcase name="submitCallable" classname="org.springframework.scheduling.concurrent.ConcurrentTaskExecutorTests" time="0.013"/>
  <testcase name="submitFailingListenableCallable" classname="org.springframework.scheduling.concurrent.ConcurrentTaskExecutorTests" time="0.106"/>
  <testcase name="submitRunnableWithGetAfterShutdown" classname="org.springframework.scheduling.concurrent.ConcurrentTaskExecutorTests" time="0.001"/>
  <testcase name="submitListenableRunnableWithGetAfterShutdown" classname="org.springframework.scheduling.concurrent.ConcurrentTaskExecutorTests" time="0.001"/>
  <testcase name="submitFailingRunnable" classname="org.springframework.scheduling.concurrent.ConcurrentTaskExecutorTests" time="0.013"/>
  <testcase name="submitRunnable" classname="org.springframework.scheduling.concurrent.ConcurrentTaskExecutorTests" time="0.012"/>
  <testcase name="executeFailingRunnable" classname="org.springframework.scheduling.concurrent.ConcurrentTaskExecutorTests" time="0.002"/>
  <testcase name="submitFailingListenableRunnable" classname="org.springframework.scheduling.concurrent.ConcurrentTaskExecutorTests" time="1.006"/>
  <system-out><![CDATA[Running
Running
Running
]]></system-out>
  <system-err><![CDATA[Exception in thread "test-1" java.lang.RuntimeException: intentional test failure
	at org.springframework.scheduling.concurrent.AbstractSchedulingTaskExecutorTests$TestTask.run(AbstractSchedulingTaskExecutorTests.java:248)
	at java.util.concurrent.ThreadPoolExecutor.runWorker(ThreadPoolExecutor.java:1149)
	at java.util.concurrent.ThreadPoolExecutor$Worker.run(ThreadPoolExecutor.java:624)
	at java.lang.Thread.run(Thread.java:748)
]]></system-err>
</testsuite>
