<?xml version="1.0" encoding="UTF-8"?>
<testsuite name="org.springframework.aop.framework.autoproxy.AdvisorAutoProxyCreatorTests" tests="6" skipped="0" failures="0" errors="0" timestamp="2021-03-19T10:47:01" hostname="Dream.local" time="0.103">
  <properties/>
  <testcase name="testCustomTargetSourceNoMatch" classname="org.springframework.aop.framework.autoproxy.AdvisorAutoProxyCreatorTests" time="0.008"/>
  <testcase name="testLazyInitTargetSource" classname="org.springframework.aop.framework.autoproxy.AdvisorAutoProxyCreatorTests" time="0.01"/>
  <testcase name="testQuickTargetSourceCreator" classname="org.springframework.aop.framework.autoproxy.AdvisorAutoProxyCreatorTests" time="0.027"/>
  <testcase name="testCustomPrototypeTargetSource" classname="org.springframework.aop.framework.autoproxy.AdvisorAutoProxyCreatorTests" time="0.005"/>
  <testcase name="testCommonInterceptorAndAdvisor" classname="org.springframework.aop.framework.autoproxy.AdvisorAutoProxyCreatorTests" time="0.027"/>
  <testcase name="testWithOptimizedProxy" classname="org.springframework.aop.framework.autoproxy.AdvisorAutoProxyCreatorTests" time="0.025"/>
  <system-out><![CDATA[]]></system-out>
  <system-err><![CDATA[]]></system-err>
</testsuite>
