<?xml version="1.0" encoding="UTF-8"?>
<testsuite name="org.springframework.cache.config.EnableCachingIntegrationTests" tests="3" skipped="0" failures="0" errors="0" timestamp="2021-03-19T10:46:43" hostname="Dream.local" time="0.07">
  <properties/>
  <testcase name="fooServiceWithInterfaceCglib" classname="org.springframework.cache.config.EnableCachingIntegrationTests" time="0.045"/>
  <testcase name="beanCondition" classname="org.springframework.cache.config.EnableCachingIntegrationTests" time="0.02"/>
  <testcase name="fooServiceWithInterface" classname="org.springframework.cache.config.EnableCachingIntegrationTests" time="0.005"/>
  <system-out><![CDATA[]]></system-out>
  <system-err><![CDATA[]]></system-err>
</testsuite>
