<?xml version="1.0" encoding="UTF-8"?>
<testsuite name="org.springframework.aop.aspectj.ImplicitJPArgumentMatchingAtAspectJTests" tests="1" skipped="0" failures="0" errors="0" timestamp="2021-03-19T02:34:54" hostname="Dream.local" time="0.021">
  <properties/>
  <testcase name="testAspect" classname="org.springframework.aop.aspectj.ImplicitJPArgumentMatchingAtAspectJTests" time="0.021"/>
  <system-out><![CDATA[]]></system-out>
  <system-err><![CDATA[]]></system-err>
</testsuite>
