<?xml version="1.0" encoding="UTF-8"?>
<testsuite name="org.springframework.aop.aspectj.DeclareParentsTests" tests="2" skipped="0" failures="0" errors="0" timestamp="2021-03-19T02:34:55" hostname="Dream.local" time="0.03">
  <properties/>
  <testcase name="testLockingWorks" classname="org.springframework.aop.aspectj.DeclareParentsTests" time="0.018"/>
  <testcase name="testIntroductionWasMade" classname="org.springframework.aop.aspectj.DeclareParentsTests" time="0.012"/>
  <system-out><![CDATA[]]></system-out>
  <system-err><![CDATA[]]></system-err>
</testsuite>
