<?xml version="1.0" encoding="UTF-8"?>
<testsuite name="org.springframework.aop.aspectj.AfterThrowingAdviceBindingTests" tests="6" skipped="0" failures="0" errors="0" timestamp="2021-03-19T10:47:04" hostname="Dream.local" time="0.078">
  <properties/>
  <testcase name="testSimpleAfterThrowing" classname="org.springframework.aop.aspectj.AfterThrowingAdviceBindingTests" time="0.019"/>
  <testcase name="testAfterThrowingWithTypeSpecified" classname="org.springframework.aop.aspectj.AfterThrowingAdviceBindingTests" time="0.011"/>
  <testcase name="testAfterThrowingWithRuntimeExceptionBinding" classname="org.springframework.aop.aspectj.AfterThrowingAdviceBindingTests" time="0.011"/>
  <testcase name="testAfterThrowingWithBinding" classname="org.springframework.aop.aspectj.AfterThrowingAdviceBindingTests" time="0.011"/>
  <testcase name="testAfterThrowingWithRuntimeTypeSpecified" classname="org.springframework.aop.aspectj.AfterThrowingAdviceBindingTests" time="0.01"/>
  <testcase name="testAfterThrowingWithNamedTypeRestriction" classname="org.springframework.aop.aspectj.AfterThrowingAdviceBindingTests" time="0.016"/>
  <system-out><![CDATA[]]></system-out>
  <system-err><![CDATA[]]></system-err>
</testsuite>
