<?xml version="1.0" encoding="UTF-8"?>
<testsuite name="org.springframework.aop.aspectj.SubtypeSensitiveMatchingTests" tests="3" skipped="0" failures="0" errors="0" timestamp="2021-03-19T02:34:55" hostname="Dream.local" time="0.036">
  <properties/>
  <testcase name="testBeansAreProxiedOnStaticMatch" classname="org.springframework.aop.aspectj.SubtypeSensitiveMatchingTests" time="0.02"/>
  <testcase name="testBeansThatDoNotMatchBasedSolelyOnRuntimeTypeAreNotProxied" classname="org.springframework.aop.aspectj.SubtypeSensitiveMatchingTests" time="0.008"/>
  <testcase name="testBeansThatDoNotMatchBasedOnOtherTestAreProxied" classname="org.springframework.aop.aspectj.SubtypeSensitiveMatchingTests" time="0.008"/>
  <system-out><![CDATA[]]></system-out>
  <system-err><![CDATA[]]></system-err>
</testsuite>
