<?xml version="1.0" encoding="UTF-8"?>
<testsuite name="org.springframework.context.annotation.configuration.ImportAnnotationDetectionTests" tests="4" skipped="0" failures="0" errors="0" timestamp="2021-03-19T10:46:21" hostname="Dream.local" time="0.061">
  <properties/>
  <testcase name="localImportIsProcessedLast" classname="org.springframework.context.annotation.configuration.ImportAnnotationDetectionTests" time="0.021"/>
  <testcase name="importFromBean" classname="org.springframework.context.annotation.configuration.ImportAnnotationDetectionTests" time="0.007"/>
  <testcase name="localAndMetaImportsAreProcessed" classname="org.springframework.context.annotation.configuration.ImportAnnotationDetectionTests" time="0.02"/>
  <testcase name="multipleMetaImportsAreProcessed" classname="org.springframework.context.annotation.configuration.ImportAnnotationDetectionTests" time="0.012"/>
  <system-out><![CDATA[]]></system-out>
  <system-err><![CDATA[]]></system-err>
</testsuite>
