<?xml version="1.0" encoding="UTF-8"?>
<testsuite name="org.springframework.context.config.ContextNamespaceHandlerTests" tests="9" skipped="0" failures="0" errors="0" timestamp="2021-03-19T10:46:17" hostname="Dream.local" time="0.669">
  <properties/>
  <testcase name="propertyPlaceholderLocationWithSystemPropertyForMultipleLocations" classname="org.springframework.context.config.ContextNamespaceHandlerTests" time="0.318"/>
  <testcase name="propertyPlaceholderLocationWithSystemPropertyMissing" classname="org.springframework.context.config.ContextNamespaceHandlerTests" time="0.041"/>
  <testcase name="propertyPlaceholderLocation" classname="org.springframework.context.config.ContextNamespaceHandlerTests" time="0.03"/>
  <testcase name="propertyPlaceholderLocationWithSystemPropertyForOneLocation" classname="org.springframework.context.config.ContextNamespaceHandlerTests" time="0.042"/>
  <testcase name="propertyPlaceholderIgnored" classname="org.springframework.context.config.ContextNamespaceHandlerTests" time="0.071"/>
  <testcase name="propertyOverride" classname="org.springframework.context.config.ContextNamespaceHandlerTests" time="0.046"/>
  <testcase name="propertyPlaceholderEnvironmentProperties" classname="org.springframework.context.config.ContextNamespaceHandlerTests" time="0.057"/>
  <testcase name="propertyPlaceholderSystemProperties" classname="org.springframework.context.config.ContextNamespaceHandlerTests" time="0.032"/>
  <testcase name="propertyPlaceholder" classname="org.springframework.context.config.ContextNamespaceHandlerTests" time="0.032"/>
  <system-out><![CDATA[18:46:17.532 [Test worker] WARN  org.springframework.context.support.ClassPathXmlApplicationContext - Exception encountered during context initialization - cancelling refresh attempt: org.springframework.beans.factory.BeanInitializationException: Could not load properties; nested exception is java.io.FileNotFoundException: class path resource [${properties}] cannot be opened because it does not exist
]]></system-out>
  <system-err><![CDATA[]]></system-err>
</testsuite>
