<?xml version="1.0" encoding="UTF-8"?>
<testsuite name="org.springframework.context.support.ClassPathXmlApplicationContextTests" tests="20" skipped="0" failures="0" errors="0" timestamp="2021-03-19T02:34:19" hostname="Dream.local" time="1.371">
  <properties/>
  <testcase name="testSingleConfigLocationWithClass" classname="org.springframework.context.support.ClassPathXmlApplicationContextTests" time="0.012"/>
  <testcase name="testAliasWithPlaceholder" classname="org.springframework.context.support.ClassPathXmlApplicationContextTests" time="0.346"/>
  <testcase name="testContextWithInvalidValueType" classname="org.springframework.context.support.ClassPathXmlApplicationContextTests" time="0.01"/>
  <testcase name="testResourceAndInputStream" classname="org.springframework.context.support.ClassPathXmlApplicationContextTests" time="0.016"/>
  <testcase name="testContextWithInvalidLazyClass" classname="org.springframework.context.support.ClassPathXmlApplicationContextTests" time="0.008"/>
  <testcase name="testMessageSourceAware" classname="org.springframework.context.support.ClassPathXmlApplicationContextTests" time="0.116"/>
  <testcase name="testContextWithClassNameThatContainsPlaceholder" classname="org.springframework.context.support.ClassPathXmlApplicationContextTests" time="0.006"/>
  <testcase name="testGenericApplicationContextWithXmlBeanDefinitionsAndClassLoaderNull" classname="org.springframework.context.support.ClassPathXmlApplicationContextTests" time="0.097"/>
  <testcase name="testAliasThatOverridesParent" classname="org.springframework.context.support.ClassPathXmlApplicationContextTests" time="0.008"/>
  <testcase name="testChildWithProxy" classname="org.springframework.context.support.ClassPathXmlApplicationContextTests" time="0.077"/>
  <testcase name="testSingleConfigLocation" classname="org.springframework.context.support.ClassPathXmlApplicationContextTests" time="0.003"/>
  <testcase name="testResourceArrayPropertyEditor" classname="org.springframework.context.support.ClassPathXmlApplicationContextTests" time="0.074"/>
  <testcase name="testGenericApplicationContextWithXmlBeanDefinitionsAndSpecifiedId" classname="org.springframework.context.support.ClassPathXmlApplicationContextTests" time="0.08"/>
  <testcase name="testFactoryBeanAndApplicationListener" classname="org.springframework.context.support.ClassPathXmlApplicationContextTests" time="0.077"/>
  <testcase name="testMultipleConfigLocationsWithClass" classname="org.springframework.context.support.ClassPathXmlApplicationContextTests" time="0.068"/>
  <testcase name="testMultipleConfigLocations" classname="org.springframework.context.support.ClassPathXmlApplicationContextTests" time="0.209"/>
  <testcase name="testAliasForParentContext" classname="org.springframework.context.support.ClassPathXmlApplicationContextTests" time="0.006"/>
  <testcase name="testGenericApplicationContextWithXmlBeanDefinitions" classname="org.springframework.context.support.ClassPathXmlApplicationContextTests" time="0.067"/>
  <testcase name="testAliasThatOverridesEarlierBean" classname="org.springframework.context.support.ClassPathXmlApplicationContextTests" time="0.005"/>
  <testcase name="testConfigLocationPattern" classname="org.springframework.context.support.ClassPathXmlApplicationContextTests" time="0.083"/>
  <system-out><![CDATA[10:34:19.635 [Test worker] WARN  org.springframework.context.support.ClassPathXmlApplicationContext - Exception encountered during context initialization - cancelling refresh attempt: org.springframework.beans.factory.BeanCreationException: Error creating bean with name 'someMessageSource' defined in class path resource [org/springframework/context/support/invalidValueType.xml]: Initialization of bean failed; nested exception is org.springframework.beans.TypeMismatchException: Failed to convert property value of type 'java.lang.String' to required type 'boolean' for property 'useCodeAsDefaultMessage'; nested exception is java.lang.IllegalArgumentException: Invalid boolean value [xxx]
]]></system-out>
  <system-err><![CDATA[]]></system-err>
</testsuite>
