<?xml version="1.0" encoding="UTF-8"?>
<testsuite name="org.springframework.context.annotation.ReflectionUtilsIntegrationTests" tests="1" skipped="0" failures="0" errors="0" timestamp="2021-03-19T10:46:22" hostname="Dream.local" time="0.002">
  <properties/>
  <testcase name="getUniqueDeclaredMethods_withCovariantReturnType_andCglibRewrittenMethodNames" classname="org.springframework.context.annotation.ReflectionUtilsIntegrationTests" time="0.002"/>
  <system-out><![CDATA[]]></system-out>
  <system-err><![CDATA[]]></system-err>
</testsuite>
