<?xml version="1.0" encoding="UTF-8"?>
<testsuite name="org.springframework.context.annotation.ImportSelectorTests" tests="6" skipped="0" failures="0" errors="0" timestamp="2021-03-19T10:46:18" hostname="Dream.local" time="1.421">
  <properties/>
  <testcase name="correctMetaDataOnIndirectImports" classname="org.springframework.context.annotation.ImportSelectorTests" time="0.063"/>
  <testcase name="invokeAwareMethodsInImportGroup" classname="org.springframework.context.annotation.ImportSelectorTests" time="0.022"/>
  <testcase name="importSelectors" classname="org.springframework.context.annotation.ImportSelectorTests" time="1.122"/>
  <testcase name="invokeAwareMethodsInImportSelector" classname="org.springframework.context.annotation.ImportSelectorTests" time="0.013"/>
  <testcase name="importSelectorsWithGroup" classname="org.springframework.context.annotation.ImportSelectorTests" time="0.126"/>
  <testcase name="importSelectorsSeparateWithGroup" classname="org.springframework.context.annotation.ImportSelectorTests" time="0.074"/>
  <system-out><![CDATA[]]></system-out>
  <system-err><![CDATA[]]></system-err>
</testsuite>
