<?xml version="1.0" encoding="UTF-8"?>
<testsuite name="org.springframework.context.support.Spr7816Tests" tests="1" skipped="0" failures="0" errors="0" timestamp="2021-03-19T02:34:23" hostname="Dream.local" time="0.007">
  <properties/>
  <testcase name="spr7816" classname="org.springframework.context.support.Spr7816Tests" time="0.007"/>
  <system-out><![CDATA[]]></system-out>
  <system-err><![CDATA[]]></system-err>
</testsuite>
