<?xml version="1.0" encoding="UTF-8"?>
<testsuite name="org.springframework.context.annotation.DestroyMethodInferenceTests" tests="2" skipped="0" failures="0" errors="0" timestamp="2021-03-19T02:34:14" hostname="Dream.local" time="0.032">
  <properties/>
  <testcase name="beanMethods" classname="org.springframework.context.annotation.DestroyMethodInferenceTests" time="0.022"/>
  <testcase name="xml" classname="org.springframework.context.annotation.DestroyMethodInferenceTests" time="0.01"/>
  <system-out><![CDATA[]]></system-out>
  <system-err><![CDATA[]]></system-err>
</testsuite>
