<?xml version="1.0" encoding="UTF-8"?>
<testsuite name="org.springframework.context.annotation.Spr6602Tests" tests="2" skipped="0" failures="0" errors="0" timestamp="2021-03-19T10:46:23" hostname="Dream.local" time="0.02">
  <properties/>
  <testcase name="testXmlBehavior" classname="org.springframework.context.annotation.Spr6602Tests" time="0.007"/>
  <testcase name="testConfigurationClassBehavior" classname="org.springframework.context.annotation.Spr6602Tests" time="0.013"/>
  <system-out><![CDATA[]]></system-out>
  <system-err><![CDATA[]]></system-err>
</testsuite>
