<?xml version="1.0" encoding="UTF-8"?>
<testsuite name="org.springframework.aop.config.AopNamespaceHandlerThrowingTests" tests="2" skipped="0" failures="0" errors="0" timestamp="2021-03-19T10:47:02" hostname="Dream.local" time="0.015">
  <properties/>
  <testcase name="testThrowingOnThrowingAdvice" classname="org.springframework.aop.config.AopNamespaceHandlerThrowingTests" time="0.01"/>
  <testcase name="testParseThrowingOnOtherAdviceType" classname="org.springframework.aop.config.AopNamespaceHandlerThrowingTests" time="0.005"/>
  <system-out><![CDATA[]]></system-out>
  <system-err><![CDATA[]]></system-err>
</testsuite>
