<?xml version="1.0" encoding="UTF-8"?>
<testsuite name="org.springframework.context.annotation.ConfigurationClassPostProcessorTests" tests="67" skipped="0" failures="0" errors="0" timestamp="2021-03-19T10:46:24" hostname="Dream.local" time="0.455">
  <properties/>
  <testcase name="genericsBasedInjectionWithEarlyGenericsMatchingOnJdkProxy" classname="org.springframework.context.annotation.ConfigurationClassPostProcessorTests" time="0.027"/>
  <testcase name="genericsBasedInjectionWithWildcardWithExtendsMatch" classname="org.springframework.context.annotation.ConfigurationClassPostProcessorTests" time="0.007"/>
  <testcase name="postProcessorWorksWithExtendedConfigurationWithAttributeOverrideForExcludesFilterUsingReflection" classname="org.springframework.context.annotation.ConfigurationClassPostProcessorTests" time="0.003"/>
  <testcase name="postProcessorWorksWithExtendedConfigurationWithAttributeOverrideForExcludesFilterUsingAsm" classname="org.springframework.context.annotation.ConfigurationClassPostProcessorTests" time="0.003"/>
  <testcase name="configurationClassesWithInvalidOverridingForProgrammaticCall" classname="org.springframework.context.annotation.ConfigurationClassPostProcessorTests" time="0.019"/>
  <testcase name="postProcessorOverridesNonApplicationBeanDefinitions" classname="org.springframework.context.annotation.ConfigurationClassPostProcessorTests" time="0.006"/>
  <testcase name="testCollectionInjectionFromSameConfigurationClass" classname="org.springframework.context.annotation.ConfigurationClassPostProcessorTests" time="0.012"/>
  <testcase name="postProcessorWorksWithComposedConfigurationUsingAsm" classname="org.springframework.context.annotation.ConfigurationClassPostProcessorTests" time="0.008"/>
  <testcase name="genericsBasedInjectionWithEarlyGenericsMatching" classname="org.springframework.context.annotation.ConfigurationClassPostProcessorTests" time="0.002"/>
  <testcase name="postProcessorDoesNotOverrideRegularBeanDefinitions" classname="org.springframework.context.annotation.ConfigurationClassPostProcessorTests" time="0.002"/>
  <testcase name="postProcessorWorksWithMetaComponentScanConfigurationWithAttributeOverridesUsingAsm" classname="org.springframework.context.annotation.ConfigurationClassPostProcessorTests" time="0.008"/>
  <testcase name="genericsBasedInjection" classname="org.springframework.context.annotation.ConfigurationClassPostProcessorTests" time="0.006"/>
  <testcase name="scopedProxyTargetMarkedAsNonAutowireCandidate" classname="org.springframework.context.annotation.ConfigurationClassPostProcessorTests" time="0.004"/>
  <testcase name="postProcessorWorksWithComposedConfigurationWithAttributeOverrideForExcludeFilterUsingAsm" classname="org.springframework.context.annotation.ConfigurationClassPostProcessorTests" time="0.004"/>
  <testcase name="nestedConfigurationClassesProcessedInCorrectOrder" classname="org.springframework.context.annotation.ConfigurationClassPostProcessorTests" time="0.013"/>
  <testcase name="genericsBasedInjectionWithEarlyGenericsMatchingAndRawInstance" classname="org.springframework.context.annotation.ConfigurationClassPostProcessorTests" time="0.002"/>
  <testcase name="genericsBasedInjectionWithImplTypeAtInjectionPoint" classname="org.springframework.context.annotation.ConfigurationClassPostProcessorTests" time="0.009"/>
  <testcase name="testCircularDependencyWithApplicationContext" classname="org.springframework.context.annotation.ConfigurationClassPostProcessorTests" time="0.01"/>
  <testcase name="genericsBasedInjectionWithLateGenericsMatchingOnCglibProxyAndRawFactoryMethod" classname="org.springframework.context.annotation.ConfigurationClassPostProcessorTests" time="0.015"/>
  <testcase name="genericsBasedInjectionWithWildcardWithGenericExtendsMatch" classname="org.springframework.context.annotation.ConfigurationClassPostProcessorTests" time="0.007"/>
  <testcase name="configurationClassesProcessedInCorrectOrder" classname="org.springframework.context.annotation.ConfigurationClassPostProcessorTests" time="0.001"/>
  <testcase name="genericsBasedInjectionWithFactoryBean" classname="org.springframework.context.annotation.ConfigurationClassPostProcessorTests" time="0.012"/>
  <testcase name="configurationClassesWithValidOverridingForProgrammaticCall" classname="org.springframework.context.annotation.ConfigurationClassPostProcessorTests" time="0.008"/>
  <testcase name="innerConfigurationClassesProcessedInCorrectOrder" classname="org.springframework.context.annotation.ConfigurationClassPostProcessorTests" time="0.016"/>
  <testcase name="genericsBasedInjectionWithLateGenericsMatchingAndRawFactoryMethod" classname="org.springframework.context.annotation.ConfigurationClassPostProcessorTests" time="0.001"/>
  <testcase name="genericsBasedInjectionWithRawMatch" classname="org.springframework.context.annotation.ConfigurationClassPostProcessorTests" time="0.009"/>
  <testcase name="postProcessorWorksWithMetaComponentScanConfigurationWithAttributeOverridesSubclassUsingReflection" classname="org.springframework.context.annotation.ConfigurationClassPostProcessorTests" time="0.007"/>
  <testcase name="postProcessorWorksWithComposedConfigurationUsingReflection" classname="org.springframework.context.annotation.ConfigurationClassPostProcessorTests" time="0.005"/>
  <testcase name="genericsBasedInjectionWithWildcardMatch" classname="org.springframework.context.annotation.ConfigurationClassPostProcessorTests" time="0.007"/>
  <testcase name="genericsBasedInjectionWithLateGenericsMatchingOnJdkProxy" classname="org.springframework.context.annotation.ConfigurationClassPostProcessorTests" time="0.004"/>
  <testcase name="postProcessorIntrospectsInheritedDefinitionsCorrectly" classname="org.springframework.context.annotation.ConfigurationClassPostProcessorTests" time="0.001"/>
  <testcase name="genericsBasedInjectionWithLateGenericsMatching" classname="org.springframework.context.annotation.ConfigurationClassPostProcessorTests" time="0.001"/>
  <testcase name="testConfigWithDefaultMethodsUsingAsm" classname="org.springframework.context.annotation.ConfigurationClassPostProcessorTests" time="0.012"/>
  <testcase name="genericsBasedInjectionWithScopedProxyUsingAsm" classname="org.springframework.context.annotation.ConfigurationClassPostProcessorTests" time="0.017"/>
  <testcase name="enhancementIsPresentBecauseSingletonSemanticsAreRespected" classname="org.springframework.context.annotation.ConfigurationClassPostProcessorTests" time="0.0"/>
  <testcase name="genericsBasedInjectionWithEarlyGenericsMatchingOnCglibProxy" classname="org.springframework.context.annotation.ConfigurationClassPostProcessorTests" time="0.004"/>
  <testcase name="genericsBasedInjectionWithLateGenericsMatchingOnJdkProxyAndRawFactoryMethod" classname="org.springframework.context.annotation.ConfigurationClassPostProcessorTests" time="0.001"/>
  <testcase name="genericsBasedInjectionWithScoped" classname="org.springframework.context.annotation.ConfigurationClassPostProcessorTests" time="0.01"/>
  <testcase name="genericsBasedInjectionWithLateGenericsMatchingOnCglibProxy" classname="org.springframework.context.annotation.ConfigurationClassPostProcessorTests" time="0.007"/>
  <testcase name="postProcessorWorksWithMetaComponentScanConfigurationWithAttributeOverridesSubclassUsingAsm" classname="org.springframework.context.annotation.ConfigurationClassPostProcessorTests" time="0.004"/>
  <testcase name="postProcessorWorksWithComposedConfigurationWithAttributeOverrideForBasePackageUsingAsm" classname="org.springframework.context.annotation.ConfigurationClassPostProcessorTests" time="0.003"/>
  <testcase name="testConfigWithDefaultMethods" classname="org.springframework.context.annotation.ConfigurationClassPostProcessorTests" time="0.002"/>
  <testcase name="testNullArgumentThroughBeanMethodCall" classname="org.springframework.context.annotation.ConfigurationClassPostProcessorTests" time="0.013"/>
  <testcase name="postProcessorDoesNotOverrideRegularBeanDefinitionsEvenWithScopedProxy" classname="org.springframework.context.annotation.ConfigurationClassPostProcessorTests" time="0.002"/>
  <testcase name="testBeanDefinitionRegistryPostProcessorConfig" classname="org.springframework.context.annotation.ConfigurationClassPostProcessorTests" time="0.009"/>
  <testcase name="testNameClashBetweenConfigurationClassAndBean" classname="org.springframework.context.annotation.ConfigurationClassPostProcessorTests" time="0.002"/>
  <testcase name="testSelfReferenceExclusionForFactoryMethodOnSameBean" classname="org.springframework.context.annotation.ConfigurationClassPostProcessorTests" time="0.007"/>
  <testcase name="genericsBasedInjectionWithLateGenericsMatchingOnJdkProxyAndRawInstance" classname="org.springframework.context.annotation.ConfigurationClassPostProcessorTests" time="0.02"/>
  <testcase name="postProcessorFailsOnImplicitOverrideIfOverridingIsNotAllowed" classname="org.springframework.context.annotation.ConfigurationClassPostProcessorTests" time="0.002"/>
  <testcase name="processingAllowedOnlyOncePerProcessorRegistryPair" classname="org.springframework.context.annotation.ConfigurationClassPostProcessorTests" time="0.0"/>
  <testcase name="configurationIntrospectionOfInnerClassesWorksWithDotNameSyntax" classname="org.springframework.context.annotation.ConfigurationClassPostProcessorTests" time="0.006"/>
  <testcase name="testSingletonArgumentThroughBeanMethodCall" classname="org.springframework.context.annotation.ConfigurationClassPostProcessorTests" time="0.011"/>
  <testcase name="testBeanLookupFromSameConfigurationClass" classname="org.springframework.context.annotation.ConfigurationClassPostProcessorTests" time="0.011"/>
  <testcase name="postProcessorWorksWithComposedConfigurationWithAttributeOverrideForBasePackageUsingReflection" classname="org.springframework.context.annotation.ConfigurationClassPostProcessorTests" time="0.003"/>
  <testcase name="postProcessorWorksWithComposedConfigurationWithAttributeOverrideForExcludeFilterUsingReflection" classname="org.springframework.context.annotation.ConfigurationClassPostProcessorTests" time="0.002"/>
  <testcase name="testPrototypeArgumentThroughBeanMethodCall" classname="org.springframework.context.annotation.ConfigurationClassPostProcessorTests" time="0.01"/>
  <testcase name="testInjectionPointMatchForNarrowTargetReturnType" classname="org.springframework.context.annotation.ConfigurationClassPostProcessorTests" time="0.012"/>
  <testcase name="genericsBasedInjectionWithEarlyGenericsMatchingAndRawFactoryMethod" classname="org.springframework.context.annotation.ConfigurationClassPostProcessorTests" time="0.0"/>
  <testcase name="genericsBasedInjectionWithLateGenericsMatchingAndRawInstance" classname="org.springframework.context.annotation.ConfigurationClassPostProcessorTests" time="0.001"/>
  <testcase name="testCircularDependency" classname="org.springframework.context.annotation.ConfigurationClassPostProcessorTests" time="0.001"/>
  <testcase name="testMapInjectionFromSameConfigurationClass" classname="org.springframework.context.annotation.ConfigurationClassPostProcessorTests" time="0.008"/>
  <testcase name="alreadyLoadedConfigurationClasses" classname="org.springframework.context.annotation.ConfigurationClassPostProcessorTests" time="0.01"/>
  <testcase name="postProcessorWorksWithComposedComposedConfigurationWithAttributeOverridesUsingAsm" classname="org.springframework.context.annotation.ConfigurationClassPostProcessorTests" time="0.004"/>
  <testcase name="postProcessorWorksWithComposedComposedConfigurationWithAttributeOverridesUsingReflection" classname="org.springframework.context.annotation.ConfigurationClassPostProcessorTests" time="0.004"/>
  <testcase name="genericsBasedInjectionWithLateGenericsMatchingOnCglibProxyAndRawInstance" classname="org.springframework.context.annotation.ConfigurationClassPostProcessorTests" time="0.004"/>
  <testcase name="postProcessorWorksWithMetaComponentScanConfigurationWithAttributeOverridesUsingReflection" classname="org.springframework.context.annotation.ConfigurationClassPostProcessorTests" time="0.003"/>
  <testcase name="genericsBasedInjectionWithScopedProxy" classname="org.springframework.context.annotation.ConfigurationClassPostProcessorTests" time="0.002"/>
  <system-out><![CDATA[18:46:24.657 [Test worker] WARN  org.springframework.context.annotation.AnnotationConfigApplicationContext - Exception encountered during context initialization - cancelling refresh attempt: org.springframework.beans.factory.UnsatisfiedDependencyException: Error creating bean with name 'configurationClassPostProcessorTests.A': Unsatisfied dependency expressed through field 'z'; nested exception is org.springframework.beans.factory.UnsatisfiedDependencyException: Error creating bean with name 'configurationClassPostProcessorTests.AStrich': Unsatisfied dependency expressed through field 'b'; nested exception is org.springframework.beans.factory.BeanCreationException: Error creating bean with name 'b' defined in org.springframework.context.annotation.ConfigurationClassPostProcessorTests$A: Bean instantiation via factory method failed; nested exception is org.springframework.beans.BeanInstantiationException: Failed to instantiate [org.springframework.context.annotation.ConfigurationClassPostProcessorTests$B]: Circular reference involving containing bean 'configurationClassPostProcessorTests.A' - consider declaring the factory method as static for independence from its containing instance. Factory method 'b' threw exception; nested exception is java.lang.NullPointerException: z is null
18:46:24.841 [Test worker] WARN  org.springframework.context.annotation.AnnotationConfigApplicationContext - Exception encountered during context initialization - cancelling refresh attempt: org.springframework.beans.factory.BeanDefinitionStoreException: Invalid bean definition with name 'myTestBean' defined in org.springframework.context.annotation.MyTestBean: Bean name derived from @Bean method 'myTestBean' clashes with bean name for containing configuration class; please make those names unique!
]]></system-out>
  <system-err><![CDATA[]]></system-err>
</testsuite>
