<?xml version="1.0" encoding="UTF-8"?>
<testsuite name="org.springframework.aop.scope.ScopedProxyTests" tests="5" skipped="0" failures="0" errors="0" timestamp="2021-03-19T10:47:04" hostname="Dream.local" time="0.06">
  <properties/>
  <testcase name="testSimpleProxy" classname="org.springframework.aop.scope.ScopedProxyTests" time="0.014"/>
  <testcase name="testJdkScopedProxy" classname="org.springframework.aop.scope.ScopedProxyTests" time="0.009"/>
  <testcase name="testProxyAssignable" classname="org.springframework.aop.scope.ScopedProxyTests" time="0.008"/>
  <testcase name="testCglibScopedProxy" classname="org.springframework.aop.scope.ScopedProxyTests" time="0.021"/>
  <testcase name="testScopedOverride" classname="org.springframework.aop.scope.ScopedProxyTests" time="0.008"/>
  <system-out><![CDATA[]]></system-out>
  <system-err><![CDATA[]]></system-err>
</testsuite>
