<?xml version="1.0" encoding="UTF-8"?>
<testsuite name="org.springframework.context.expression.MapAccessorTests" tests="1" skipped="0" failures="0" errors="0" timestamp="2021-03-19T10:46:33" hostname="Dream.local" time="0.011">
  <properties/>
  <testcase name="mapAccessorCompilable" classname="org.springframework.context.expression.MapAccessorTests" time="0.011"/>
  <system-out><![CDATA[]]></system-out>
  <system-err><![CDATA[]]></system-err>
</testsuite>
