<?xml version="1.0" encoding="UTF-8"?>
<testsuite name="org.springframework.context.annotation.configuration.ImportResourceTests" tests="8" skipped="0" failures="0" errors="0" timestamp="2021-03-19T02:34:10" hostname="Dream.local" time="0.221">
  <properties/>
  <testcase name="importNonXmlResource" classname="org.springframework.context.annotation.configuration.ImportResourceTests" time="0.035"/>
  <testcase name="importXml" classname="org.springframework.context.annotation.configuration.ImportResourceTests" time="0.027"/>
  <testcase name="importWithPlaceholder" classname="org.springframework.context.annotation.configuration.ImportResourceTests" time="0.024"/>
  <testcase name="importXmlWithNamespaceConfig" classname="org.springframework.context.annotation.configuration.ImportResourceTests" time="0.034"/>
  <testcase name="importXmlWithAutowiredConfig" classname="org.springframework.context.annotation.configuration.ImportResourceTests" time="0.026"/>
  <testcase name="importXmlIsInheritedFromSuperclassDeclarations" classname="org.springframework.context.annotation.configuration.ImportResourceTests" time="0.018"/>
  <testcase name="importXmlIsMergedFromSuperclassDeclarations" classname="org.springframework.context.annotation.configuration.ImportResourceTests" time="0.026"/>
  <testcase name="importXmlWithOtherConfigurationClass" classname="org.springframework.context.annotation.configuration.ImportResourceTests" time="0.029"/>
  <system-out><![CDATA[]]></system-out>
  <system-err><![CDATA[]]></system-err>
</testsuite>
