<?xml version="1.0" encoding="UTF-8"?>
<testsuite name="org.springframework.aop.framework.autoproxy.AdvisorAutoProxyCreatorTests" tests="6" skipped="0" failures="0" errors="0" timestamp="2021-03-19T02:34:53" hostname="Dream.local" time="0.102">
  <properties/>
  <testcase name="testCustomTargetSourceNoMatch" classname="org.springframework.aop.framework.autoproxy.AdvisorAutoProxyCreatorTests" time="0.009"/>
  <testcase name="testLazyInitTargetSource" classname="org.springframework.aop.framework.autoproxy.AdvisorAutoProxyCreatorTests" time="0.008"/>
  <testcase name="testQuickTargetSourceCreator" classname="org.springframework.aop.framework.autoproxy.AdvisorAutoProxyCreatorTests" time="0.025"/>
  <testcase name="testCustomPrototypeTargetSource" classname="org.springframework.aop.framework.autoproxy.AdvisorAutoProxyCreatorTests" time="0.007"/>
  <testcase name="testCommonInterceptorAndAdvisor" classname="org.springframework.aop.framework.autoproxy.AdvisorAutoProxyCreatorTests" time="0.03"/>
  <testcase name="testWithOptimizedProxy" classname="org.springframework.aop.framework.autoproxy.AdvisorAutoProxyCreatorTests" time="0.023"/>
  <system-out><![CDATA[]]></system-out>
  <system-err><![CDATA[]]></system-err>
</testsuite>
