<?xml version="1.0" encoding="UTF-8"?>
<testsuite name="org.springframework.aop.aspectj.AfterReturningAdviceBindingTests" tests="12" skipped="0" failures="0" errors="0" timestamp="2021-03-19T02:34:55" hostname="Dream.local" time="0.192">
  <properties/>
  <testcase name="testNoInvokeWhenReturningParameterTypeDoesNotMatch" classname="org.springframework.aop.aspectj.AfterReturningAdviceBindingTests" time="0.026"/>
  <testcase name="testReturningBeanArray" classname="org.springframework.aop.aspectj.AfterReturningAdviceBindingTests" time="0.014"/>
  <testcase name="testReturningPrimitive" classname="org.springframework.aop.aspectj.AfterReturningAdviceBindingTests" time="0.015"/>
  <testcase name="testReturningBean" classname="org.springframework.aop.aspectj.AfterReturningAdviceBindingTests" time="0.013"/>
  <testcase name="testOneObjectArg" classname="org.springframework.aop.aspectj.AfterReturningAdviceBindingTests" time="0.014"/>
  <testcase name="testNeedsJoinPoint" classname="org.springframework.aop.aspectj.AfterReturningAdviceBindingTests" time="0.014"/>
  <testcase name="testReturningByType" classname="org.springframework.aop.aspectj.AfterReturningAdviceBindingTests" time="0.016"/>
  <testcase name="testReturningObject" classname="org.springframework.aop.aspectj.AfterReturningAdviceBindingTests" time="0.015"/>
  <testcase name="testReturningString" classname="org.springframework.aop.aspectj.AfterReturningAdviceBindingTests" time="0.015"/>
  <testcase name="testOneIntAndOneObjectArgs" classname="org.springframework.aop.aspectj.AfterReturningAdviceBindingTests" time="0.016"/>
  <testcase name="testNeedsJoinPointStaticPart" classname="org.springframework.aop.aspectj.AfterReturningAdviceBindingTests" time="0.018"/>
  <testcase name="testOneIntArg" classname="org.springframework.aop.aspectj.AfterReturningAdviceBindingTests" time="0.015"/>
  <system-out><![CDATA[]]></system-out>
  <system-err><![CDATA[]]></system-err>
</testsuite>
