<?xml version="1.0" encoding="UTF-8"?>
<testsuite name="org.springframework.context.annotation.configuration.ImportResourceTests" tests="8" skipped="0" failures="0" errors="0" timestamp="2021-03-19T10:46:19" hostname="Dream.local" time="0.232">
  <properties/>
  <testcase name="importNonXmlResource" classname="org.springframework.context.annotation.configuration.ImportResourceTests" time="0.015"/>
  <testcase name="importXml" classname="org.springframework.context.annotation.configuration.ImportResourceTests" time="0.036"/>
  <testcase name="importWithPlaceholder" classname="org.springframework.context.annotation.configuration.ImportResourceTests" time="0.024"/>
  <testcase name="importXmlWithNamespaceConfig" classname="org.springframework.context.annotation.configuration.ImportResourceTests" time="0.035"/>
  <testcase name="importXmlWithAutowiredConfig" classname="org.springframework.context.annotation.configuration.ImportResourceTests" time="0.041"/>
  <testcase name="importXmlIsInheritedFromSuperclassDeclarations" classname="org.springframework.context.annotation.configuration.ImportResourceTests" time="0.021"/>
  <testcase name="importXmlIsMergedFromSuperclassDeclarations" classname="org.springframework.context.annotation.configuration.ImportResourceTests" time="0.031"/>
  <testcase name="importXmlWithOtherConfigurationClass" classname="org.springframework.context.annotation.configuration.ImportResourceTests" time="0.028"/>
  <system-out><![CDATA[]]></system-out>
  <system-err><![CDATA[]]></system-err>
</testsuite>
