<?xml version="1.0" encoding="UTF-8"?>
<testsuite name="org.springframework.context.annotation.ConfigurationClassPostConstructAndAutowiringTests" tests="2" skipped="0" failures="0" errors="0" timestamp="2021-03-19T10:46:27" hostname="Dream.local" time="0.019">
  <properties/>
  <testcase name="originalReproCase" classname="org.springframework.context.annotation.ConfigurationClassPostConstructAndAutowiringTests" time="0.015"/>
  <testcase name="control" classname="org.springframework.context.annotation.ConfigurationClassPostConstructAndAutowiringTests" time="0.004"/>
  <system-out><![CDATA[]]></system-out>
  <system-err><![CDATA[]]></system-err>
</testsuite>
