<?xml version="1.0" encoding="UTF-8"?>
<testsuite name="org.springframework.context.support.ApplicationContextLifecycleTests" tests="4" skipped="0" failures="0" errors="0" timestamp="2021-03-19T10:46:27" hostname="Dream.local" time="0.034">
  <properties/>
  <testcase name="testStopOrder" classname="org.springframework.context.support.ApplicationContextLifecycleTests" time="0.017"/>
  <testcase name="testBeansStop" classname="org.springframework.context.support.ApplicationContextLifecycleTests" time="0.005"/>
  <testcase name="testBeansStart" classname="org.springframework.context.support.ApplicationContextLifecycleTests" time="0.005"/>
  <testcase name="testStartOrder" classname="org.springframework.context.support.ApplicationContextLifecycleTests" time="0.006"/>
  <system-out><![CDATA[]]></system-out>
  <system-err><![CDATA[]]></system-err>
</testsuite>
