<?xml version="1.0" encoding="UTF-8"?>
<testsuite name="org.springframework.cache.interceptor.CacheResolverCustomizationTests" tests="7" skipped="0" failures="0" errors="0" timestamp="2021-03-19T10:46:43" hostname="Dream.local" time="0.084">
  <properties/>
  <testcase name="customCacheResolver" classname="org.springframework.cache.interceptor.CacheResolverCustomizationTests" time="0.027"/>
  <testcase name="runtimeResolution" classname="org.springframework.cache.interceptor.CacheResolverCustomizationTests" time="0.007"/>
  <testcase name="namedResolution" classname="org.springframework.cache.interceptor.CacheResolverCustomizationTests" time="0.008"/>
  <testcase name="noCustomization" classname="org.springframework.cache.interceptor.CacheResolverCustomizationTests" time="0.008"/>
  <testcase name="customCacheManager" classname="org.springframework.cache.interceptor.CacheResolverCustomizationTests" time="0.008"/>
  <testcase name="noCacheResolved" classname="org.springframework.cache.interceptor.CacheResolverCustomizationTests" time="0.013"/>
  <testcase name="unknownCacheResolver" classname="org.springframework.cache.interceptor.CacheResolverCustomizationTests" time="0.012"/>
  <system-out><![CDATA[]]></system-out>
  <system-err><![CDATA[]]></system-err>
</testsuite>
