<?xml version="1.0" encoding="UTF-8"?>
<testsuite name="org.springframework.context.annotation.configuration.ConfigurationBeanNameTests" tests="3" skipped="0" failures="0" errors="0" timestamp="2021-03-19T02:34:11" hostname="Dream.local" time="0.04">
  <properties/>
  <testcase name="registerNestedConfig" classname="org.springframework.context.annotation.configuration.ConfigurationBeanNameTests" time="0.006"/>
  <testcase name="registerOuterConfig" classname="org.springframework.context.annotation.configuration.ConfigurationBeanNameTests" time="0.024"/>
  <testcase name="registerOuterConfig_withBeanNameGenerator" classname="org.springframework.context.annotation.configuration.ConfigurationBeanNameTests" time="0.01"/>
  <system-out><![CDATA[]]></system-out>
  <system-err><![CDATA[]]></system-err>
</testsuite>
