<?xml version="1.0" encoding="UTF-8"?>
<testsuite name="org.springframework.cache.interceptor.CacheResolverCustomizationTests" tests="7" skipped="0" failures="0" errors="0" timestamp="2021-03-19T02:34:34" hostname="Dream.local" time="0.083">
  <properties/>
  <testcase name="customCacheResolver" classname="org.springframework.cache.interceptor.CacheResolverCustomizationTests" time="0.027"/>
  <testcase name="runtimeResolution" classname="org.springframework.cache.interceptor.CacheResolverCustomizationTests" time="0.007"/>
  <testcase name="namedResolution" classname="org.springframework.cache.interceptor.CacheResolverCustomizationTests" time="0.009"/>
  <testcase name="noCustomization" classname="org.springframework.cache.interceptor.CacheResolverCustomizationTests" time="0.009"/>
  <testcase name="customCacheManager" classname="org.springframework.cache.interceptor.CacheResolverCustomizationTests" time="0.01"/>
  <testcase name="noCacheResolved" classname="org.springframework.cache.interceptor.CacheResolverCustomizationTests" time="0.01"/>
  <testcase name="unknownCacheResolver" classname="org.springframework.cache.interceptor.CacheResolverCustomizationTests" time="0.011"/>
  <system-out><![CDATA[]]></system-out>
  <system-err><![CDATA[]]></system-err>
</testsuite>
