<?xml version="1.0" encoding="UTF-8"?>
<testsuite name="org.springframework.aop.aspectj.autoproxy.AspectJAutoProxyCreatorTests" tests="19" skipped="3" failures="0" errors="0" timestamp="2021-03-19T02:34:54" hostname="Dream.local" time="0.201">
  <properties/>
  <testcase name="testTwoAdviceAspectPrototype" classname="org.springframework.aop.aspectj.autoproxy.AspectJAutoProxyCreatorTests" time="0.009"/>
  <testcase name="testAspectsAndAdvisorNotAppliedToPrototypeIsFastEnough" classname="org.springframework.aop.aspectj.autoproxy.AspectJAutoProxyCreatorTests" time="0.0">
    <skipped/>
  </testcase>
  <testcase name="testAspectsAreApplied" classname="org.springframework.aop.aspectj.autoproxy.AspectJAutoProxyCreatorTests" time="0.013"/>
  <testcase name="testIncludeMechanism" classname="org.springframework.aop.aspectj.autoproxy.AspectJAutoProxyCreatorTests" time="0.007"/>
  <testcase name="testForceProxyTargetClass" classname="org.springframework.aop.aspectj.autoproxy.AspectJAutoProxyCreatorTests" time="0.006"/>
  <testcase name="testAspectsAndAdvisorNotAppliedToManySingletonsIsFastEnough" classname="org.springframework.aop.aspectj.autoproxy.AspectJAutoProxyCreatorTests" time="0.0">
    <skipped/>
  </testcase>
  <testcase name="testAspectsAreAppliedInDefinedOrder" classname="org.springframework.aop.aspectj.autoproxy.AspectJAutoProxyCreatorTests" time="0.01"/>
  <testcase name="testAspectsAndAdvisorAppliedToPrototypeIsFastEnough" classname="org.springframework.aop.aspectj.autoproxy.AspectJAutoProxyCreatorTests" time="0.0">
    <skipped/>
  </testcase>
  <testcase name="testMultipleAspectsWithParameterApplied" classname="org.springframework.aop.aspectj.autoproxy.AspectJAutoProxyCreatorTests" time="0.009"/>
  <testcase name="testAspectsAndAdvisorAreApplied" classname="org.springframework.aop.aspectj.autoproxy.AspectJAutoProxyCreatorTests" time="0.008"/>
  <testcase name="testAdviceUsingJoinPoint" classname="org.springframework.aop.aspectj.autoproxy.AspectJAutoProxyCreatorTests" time="0.005"/>
  <testcase name="testTwoAdviceAspect" classname="org.springframework.aop.aspectj.autoproxy.AspectJAutoProxyCreatorTests" time="0.006"/>
  <testcase name="testTwoAdviceAspectSingleton" classname="org.springframework.aop.aspectj.autoproxy.AspectJAutoProxyCreatorTests" time="0.005"/>
  <testcase name="testPerThisAspect" classname="org.springframework.aop.aspectj.autoproxy.AspectJAutoProxyCreatorTests" time="0.011"/>
  <testcase name="testAspectsAndAdvisorAreAppliedEvenIfComingFromParentFactory" classname="org.springframework.aop.aspectj.autoproxy.AspectJAutoProxyCreatorTests" time="0.005"/>
  <testcase name="testPerTargetAspect" classname="org.springframework.aop.aspectj.autoproxy.AspectJAutoProxyCreatorTests" time="0.011"/>
  <testcase name="testRetryAspect" classname="org.springframework.aop.aspectj.autoproxy.AspectJAutoProxyCreatorTests" time="0.025"/>
  <testcase name="testWithAbstractFactoryBeanAreApplied" classname="org.springframework.aop.aspectj.autoproxy.AspectJAutoProxyCreatorTests" time="0.008"/>
  <testcase name="testWithBeanNameAutoProxyCreator" classname="org.springframework.aop.aspectj.autoproxy.AspectJAutoProxyCreatorTests" time="0.061"/>
  <system-out><![CDATA[]]></system-out>
  <system-err><![CDATA[]]></system-err>
</testsuite>
