<?xml version="1.0" encoding="UTF-8"?>
<testsuite name="org.springframework.aop.aspectj.BeanNamePointcutTests" tests="6" skipped="0" failures="0" errors="0" timestamp="2021-03-19T10:47:04" hostname="Dream.local" time="0.08">
  <properties/>
  <testcase name="testPointcutAdvisorCombination" classname="org.springframework.aop.aspectj.BeanNamePointcutTests" time="0.018"/>
  <testcase name="testMatchingBeanName" classname="org.springframework.aop.aspectj.BeanNamePointcutTests" time="0.011"/>
  <testcase name="testMatchingFactoryBeanItself" classname="org.springframework.aop.aspectj.BeanNamePointcutTests" time="0.013"/>
  <testcase name="testMatchingFactoryBeanObject" classname="org.springframework.aop.aspectj.BeanNamePointcutTests" time="0.016"/>
  <testcase name="testNonMatchingNestedBeanName" classname="org.springframework.aop.aspectj.BeanNamePointcutTests" time="0.01"/>
  <testcase name="testNonMatchingBeanName" classname="org.springframework.aop.aspectj.BeanNamePointcutTests" time="0.011"/>
  <system-out><![CDATA[]]></system-out>
  <system-err><![CDATA[]]></system-err>
</testsuite>
