<?xml version="1.0" encoding="UTF-8"?>
<testsuite name="org.springframework.beans.factory.xml.SimplePropertyNamespaceHandlerWithExpressionLanguageTests" tests="1" skipped="0" failures="0" errors="0" timestamp="2021-03-19T02:34:56" hostname="Dream.local" time="0.004">
  <properties/>
  <testcase name="combineWithExpressionLanguage" classname="org.springframework.beans.factory.xml.SimplePropertyNamespaceHandlerWithExpressionLanguageTests" time="0.004"/>
  <system-out><![CDATA[]]></system-out>
  <system-err><![CDATA[]]></system-err>
</testsuite>
