<?xml version="1.0" encoding="UTF-8"?>
<testsuite name="org.springframework.context.annotation.configuration.ImportWithConditionTests" tests="2" skipped="0" failures="0" errors="0" timestamp="2021-03-19T02:34:12" hostname="Dream.local" time="0.064">
  <properties/>
  <testcase name="unconditionalThenConditional" classname="org.springframework.context.annotation.configuration.ImportWithConditionTests" time="0.049"/>
  <testcase name="conditionalThenUnconditional" classname="org.springframework.context.annotation.configuration.ImportWithConditionTests" time="0.014"/>
  <system-out><![CDATA[]]></system-out>
  <system-err><![CDATA[]]></system-err>
</testsuite>
