<?xml version="1.0" encoding="UTF-8"?>
<testsuite name="org.springframework.cache.config.CacheAdviceNamespaceTests" tests="60" skipped="0" failures="0" errors="0" timestamp="2021-03-19T02:34:32" hostname="Dream.local" time="1.06">
  <properties/>
  <testcase name="testKeyStrategy" classname="org.springframework.cache.config.CacheAdviceNamespaceTests" time="0.033"/>
  <testcase name="testMultiConditionalCacheAndEvict" classname="org.springframework.cache.config.CacheAdviceNamespaceTests" time="0.02"/>
  <testcase name="testClassCheckedExceptionSync" classname="org.springframework.cache.config.CacheAdviceNamespaceTests" time="0.02"/>
  <testcase name="testKeyExpression" classname="org.springframework.cache.config.CacheAdviceNamespaceTests" time="0.021"/>
  <testcase name="testConditionalUpdate" classname="org.springframework.cache.config.CacheAdviceNamespaceTests" time="0.018"/>
  <testcase name="testClassMultiCacheAndEvict" classname="org.springframework.cache.config.CacheAdviceNamespaceTests" time="0.023"/>
  <testcase name="testCacheableSyncNull" classname="org.springframework.cache.config.CacheAdviceNamespaceTests" time="0.019"/>
  <testcase name="testUnknownCustomKeyGenerator" classname="org.springframework.cache.config.CacheAdviceNamespaceTests" time="0.018"/>
  <testcase name="testClassRootVars" classname="org.springframework.cache.config.CacheAdviceNamespaceTests" time="0.021"/>
  <testcase name="testMethodName" classname="org.springframework.cache.config.CacheAdviceNamespaceTests" time="0.023"/>
  <testcase name="testEvictWithException" classname="org.springframework.cache.config.CacheAdviceNamespaceTests" time="0.017"/>
  <testcase name="testClassUpdate" classname="org.springframework.cache.config.CacheAdviceNamespaceTests" time="0.016"/>
  <testcase name="testClassEarlyInvalidate" classname="org.springframework.cache.config.CacheAdviceNamespaceTests" time="0.023"/>
  <testcase name="testCustomCacheManager" classname="org.springframework.cache.config.CacheAdviceNamespaceTests" time="0.022"/>
  <testcase name="testCheckedExceptionSync" classname="org.springframework.cache.config.CacheAdviceNamespaceTests" time="0.018"/>
  <testcase name="testClassNullArg" classname="org.springframework.cache.config.CacheAdviceNamespaceTests" time="0.018"/>
  <testcase name="testClassEvictAll" classname="org.springframework.cache.config.CacheAdviceNamespaceTests" time="0.016"/>
  <testcase name="testPutRefersToResult" classname="org.springframework.cache.config.CacheAdviceNamespaceTests" time="0.016"/>
  <testcase name="testClassCacheUnlessExpression" classname="org.springframework.cache.config.CacheAdviceNamespaceTests" time="0.017"/>
  <testcase name="testConditionalExpressionSync" classname="org.springframework.cache.config.CacheAdviceNamespaceTests" time="0.017"/>
  <testcase name="testClassConditionalUpdate" classname="org.springframework.cache.config.CacheAdviceNamespaceTests" time="0.02"/>
  <testcase name="testConditionalExpression" classname="org.springframework.cache.config.CacheAdviceNamespaceTests" time="0.017"/>
  <testcase name="testClassMultiPut" classname="org.springframework.cache.config.CacheAdviceNamespaceTests" time="0.015"/>
  <testcase name="testInvalidateWithKey" classname="org.springframework.cache.config.CacheAdviceNamespaceTests" time="0.017"/>
  <testcase name="testEarlyInvalidate" classname="org.springframework.cache.config.CacheAdviceNamespaceTests" time="0.018"/>
  <testcase name="testClassUncheckedException" classname="org.springframework.cache.config.CacheAdviceNamespaceTests" time="0.019"/>
  <testcase name="testClassNullValue" classname="org.springframework.cache.config.CacheAdviceNamespaceTests" time="0.017"/>
  <testcase name="testEarlyInvalidateWithKey" classname="org.springframework.cache.config.CacheAdviceNamespaceTests" time="0.023"/>
  <testcase name="testClassEarlyInvalidateWithKey" classname="org.springframework.cache.config.CacheAdviceNamespaceTests" time="0.017"/>
  <testcase name="testUncheckedExceptionSync" classname="org.springframework.cache.config.CacheAdviceNamespaceTests" time="0.016"/>
  <testcase name="testClassUncheckedExceptionSync" classname="org.springframework.cache.config.CacheAdviceNamespaceTests" time="0.016"/>
  <testcase name="testClassCacheCacheable" classname="org.springframework.cache.config.CacheAdviceNamespaceTests" time="0.016"/>
  <testcase name="testClassMethodName" classname="org.springframework.cache.config.CacheAdviceNamespaceTests" time="0.018"/>
  <testcase name="testCustomKeyGenerator" classname="org.springframework.cache.config.CacheAdviceNamespaceTests" time="0.015"/>
  <testcase name="testCacheable" classname="org.springframework.cache.config.CacheAdviceNamespaceTests" time="0.016"/>
  <testcase name="testCheckedException" classname="org.springframework.cache.config.CacheAdviceNamespaceTests" time="0.02"/>
  <testcase name="testClassPutRefersToResult" classname="org.springframework.cache.config.CacheAdviceNamespaceTests" time="0.018"/>
  <testcase name="testVarArgsKey" classname="org.springframework.cache.config.CacheAdviceNamespaceTests" time="0.015"/>
  <testcase name="testMultiCache" classname="org.springframework.cache.config.CacheAdviceNamespaceTests" time="0.015"/>
  <testcase name="testMultiEvict" classname="org.springframework.cache.config.CacheAdviceNamespaceTests" time="0.015"/>
  <testcase name="testMultiCacheAndEvict" classname="org.springframework.cache.config.CacheAdviceNamespaceTests" time="0.018"/>
  <testcase name="testRootVars" classname="org.springframework.cache.config.CacheAdviceNamespaceTests" time="0.017"/>
  <testcase name="testClassMultiConditionalCacheAndEvict" classname="org.springframework.cache.config.CacheAdviceNamespaceTests" time="0.015"/>
  <testcase name="testClassCacheInvalidateWKey" classname="org.springframework.cache.config.CacheAdviceNamespaceTests" time="0.021"/>
  <testcase name="testClassEvictWithException" classname="org.springframework.cache.config.CacheAdviceNamespaceTests" time="0.015"/>
  <testcase name="testClassCheckedException" classname="org.springframework.cache.config.CacheAdviceNamespaceTests" time="0.015"/>
  <testcase name="testUnlessExpression" classname="org.springframework.cache.config.CacheAdviceNamespaceTests" time="0.016"/>
  <testcase name="testEvictAll" classname="org.springframework.cache.config.CacheAdviceNamespaceTests" time="0.014"/>
  <testcase name="testCacheableNull" classname="org.springframework.cache.config.CacheAdviceNamespaceTests" time="0.014"/>
  <testcase name="testCacheableSync" classname="org.springframework.cache.config.CacheAdviceNamespaceTests" time="0.013"/>
  <testcase name="testClassCacheInvalidate" classname="org.springframework.cache.config.CacheAdviceNamespaceTests" time="0.014"/>
  <testcase name="testMultiPut" classname="org.springframework.cache.config.CacheAdviceNamespaceTests" time="0.015"/>
  <testcase name="testUnknownCustomCacheManager" classname="org.springframework.cache.config.CacheAdviceNamespaceTests" time="0.021"/>
  <testcase name="testUncheckedException" classname="org.springframework.cache.config.CacheAdviceNamespaceTests" time="0.016"/>
  <testcase name="testNullValue" classname="org.springframework.cache.config.CacheAdviceNamespaceTests" time="0.015"/>
  <testcase name="testInvalidate" classname="org.springframework.cache.config.CacheAdviceNamespaceTests" time="0.016"/>
  <testcase name="testUpdate" classname="org.springframework.cache.config.CacheAdviceNamespaceTests" time="0.017"/>
  <testcase name="testNullArg" classname="org.springframework.cache.config.CacheAdviceNamespaceTests" time="0.014"/>
  <testcase name="testClassMultiCache" classname="org.springframework.cache.config.CacheAdviceNamespaceTests" time="0.015"/>
  <testcase name="testClassMultiEvict" classname="org.springframework.cache.config.CacheAdviceNamespaceTests" time="0.015"/>
  <system-out><![CDATA[]]></system-out>
  <system-err><![CDATA[java.io.IOException: f5e043ae-25ce-4975-a712-8bde5b4c7a45
	at org.springframework.cache.config.AnnotatedClassCacheableService.throwCheckedSync(AnnotatedClassCacheableService.java:194)
	at sun.reflect.NativeMethodAccessorImpl.invoke0(Native Method)
	at sun.reflect.NativeMethodAccessorImpl.invoke(NativeMethodAccessorImpl.java:62)
	at sun.reflect.DelegatingMethodAccessorImpl.invoke(DelegatingMethodAccessorImpl.java:43)
	at java.lang.reflect.Method.invoke(Method.java:498)
	at org.springframework.aop.support.AopUtils.invokeJoinpointUsingReflection(AopUtils.java:343)
	at org.springframework.aop.framework.ReflectiveMethodInvocation.invokeJoinpoint(ReflectiveMethodInvocation.java:197)
	at org.springframework.aop.framework.ReflectiveMethodInvocation.proceed(ReflectiveMethodInvocation.java:163)
	at org.springframework.aop.interceptor.AbstractTraceInterceptor.invoke(AbstractTraceInterceptor.java:134)
	at org.springframework.aop.interceptor.DebugInterceptor.invoke(DebugInterceptor.java:63)
	at org.springframework.aop.framework.ReflectiveMethodInvocation.proceed(ReflectiveMethodInvocation.java:185)
	at org.springframework.cache.interceptor.CacheInterceptor.lambda$invoke$0(CacheInterceptor.java:53)
	at org.springframework.cache.interceptor.CacheAspectSupport.execute(CacheAspectSupport.java:323)
	at org.springframework.cache.interceptor.CacheInterceptor.invoke(CacheInterceptor.java:61)
	at org.springframework.aop.framework.ReflectiveMethodInvocation.proceed(ReflectiveMethodInvocation.java:185)
	at org.springframework.aop.interceptor.ExposeInvocationInterceptor.invoke(ExposeInvocationInterceptor.java:92)
	at org.springframework.aop.framework.ReflectiveMethodInvocation.proceed(ReflectiveMethodInvocation.java:185)
	at org.springframework.aop.framework.JdkDynamicAopProxy.invoke(JdkDynamicAopProxy.java:212)
	at com.sun.proxy.$Proxy236.throwCheckedSync(Unknown Source)
	at org.springframework.cache.config.AbstractCacheAnnotationTests.testCheckedThrowableSync(AbstractCacheAnnotationTests.java:355)
	at org.springframework.cache.config.AbstractCacheAnnotationTests.testClassCheckedExceptionSync(AbstractCacheAnnotationTests.java:764)
	at sun.reflect.NativeMethodAccessorImpl.invoke0(Native Method)
	at sun.reflect.NativeMethodAccessorImpl.invoke(NativeMethodAccessorImpl.java:62)
	at sun.reflect.DelegatingMethodAccessorImpl.invoke(DelegatingMethodAccessorImpl.java:43)
	at java.lang.reflect.Method.invoke(Method.java:498)
	at org.junit.runners.model.FrameworkMethod$1.runReflectiveCall(FrameworkMethod.java:50)
	at org.junit.internal.runners.model.ReflectiveCallable.run(ReflectiveCallable.java:12)
	at org.junit.runners.model.FrameworkMethod.invokeExplosively(FrameworkMethod.java:47)
	at org.junit.internal.runners.statements.InvokeMethod.evaluate(InvokeMethod.java:17)
	at org.junit.internal.runners.statements.RunBefores.evaluate(RunBefores.java:26)
	at org.junit.internal.runners.statements.RunAfters.evaluate(RunAfters.java:27)
	at org.junit.runners.ParentRunner.runLeaf(ParentRunner.java:325)
	at org.junit.runners.BlockJUnit4ClassRunner.runChild(BlockJUnit4ClassRunner.java:78)
	at org.junit.runners.BlockJUnit4ClassRunner.runChild(BlockJUnit4ClassRunner.java:57)
	at org.junit.runners.ParentRunner$3.run(ParentRunner.java:290)
	at org.junit.runners.ParentRunner$1.schedule(ParentRunner.java:71)
	at org.junit.runners.ParentRunner.runChildren(ParentRunner.java:288)
	at org.junit.runners.ParentRunner.access$000(ParentRunner.java:58)
	at org.junit.runners.ParentRunner$2.evaluate(ParentRunner.java:268)
	at org.junit.runners.ParentRunner.run(ParentRunner.java:363)
	at org.gradle.api.internal.tasks.testing.junit.JUnitTestClassExecuter.runTestClass(JUnitTestClassExecuter.java:114)
	at org.gradle.api.internal.tasks.testing.junit.JUnitTestClassExecuter.execute(JUnitTestClassExecuter.java:57)
	at org.gradle.api.internal.tasks.testing.junit.JUnitTestClassProcessor.processTestClass(JUnitTestClassProcessor.java:66)
	at org.gradle.api.internal.tasks.testing.SuiteTestClassProcessor.processTestClass(SuiteTestClassProcessor.java:51)
	at sun.reflect.GeneratedMethodAccessor54.invoke(Unknown Source)
	at sun.reflect.DelegatingMethodAccessorImpl.invoke(DelegatingMethodAccessorImpl.java:43)
	at java.lang.reflect.Method.invoke(Method.java:498)
	at org.gradle.internal.dispatch.ReflectionDispatch.dispatch(ReflectionDispatch.java:35)
	at org.gradle.internal.dispatch.ReflectionDispatch.dispatch(ReflectionDispatch.java:24)
	at org.gradle.internal.dispatch.ContextClassLoaderDispatch.dispatch(ContextClassLoaderDispatch.java:32)
	at org.gradle.internal.dispatch.ProxyDispatchAdapter$DispatchingInvocationHandler.invoke(ProxyDispatchAdapter.java:93)
	at com.sun.proxy.$Proxy1.processTestClass(Unknown Source)
	at org.gradle.api.internal.tasks.testing.worker.TestWorker.processTestClass(TestWorker.java:108)
	at sun.reflect.GeneratedMethodAccessor53.invoke(Unknown Source)
	at sun.reflect.DelegatingMethodAccessorImpl.invoke(DelegatingMethodAccessorImpl.java:43)
	at java.lang.reflect.Method.invoke(Method.java:498)
	at org.gradle.internal.dispatch.ReflectionDispatch.dispatch(ReflectionDispatch.java:35)
	at org.gradle.internal.dispatch.ReflectionDispatch.dispatch(ReflectionDispatch.java:24)
	at org.gradle.internal.remote.internal.hub.MessageHubBackedObjectConnection$DispatchWrapper.dispatch(MessageHubBackedObjectConnection.java:146)
	at org.gradle.internal.remote.internal.hub.MessageHubBackedObjectConnection$DispatchWrapper.dispatch(MessageHubBackedObjectConnection.java:128)
	at org.gradle.internal.remote.internal.hub.MessageHub$Handler.run(MessageHub.java:404)
	at org.gradle.internal.concurrent.ExecutorPolicy$CatchAndRecordFailures.onExecute(ExecutorPolicy.java:63)
	at org.gradle.internal.concurrent.ManagedExecutorImpl$1.run(ManagedExecutorImpl.java:46)
	at java.util.concurrent.ThreadPoolExecutor.runWorker(ThreadPoolExecutor.java:1149)
	at java.util.concurrent.ThreadPoolExecutor$Worker.run(ThreadPoolExecutor.java:624)
	at org.gradle.internal.concurrent.ThreadFactoryImpl$ManagedThreadRunnable.run(ThreadFactoryImpl.java:55)
	at java.lang.Thread.run(Thread.java:748)
java.io.IOException: ea691e17-5956-4130-b644-fe9cb9532b40
	at org.springframework.cache.config.DefaultCacheableService.throwCheckedSync(DefaultCacheableService.java:203)
	at org.springframework.cache.config.DefaultCacheableService.throwCheckedSync(DefaultCacheableService.java:34)
	at sun.reflect.NativeMethodAccessorImpl.invoke0(Native Method)
	at sun.reflect.NativeMethodAccessorImpl.invoke(NativeMethodAccessorImpl.java:62)
	at sun.reflect.DelegatingMethodAccessorImpl.invoke(DelegatingMethodAccessorImpl.java:43)
	at java.lang.reflect.Method.invoke(Method.java:498)
	at org.springframework.aop.support.AopUtils.invokeJoinpointUsingReflection(AopUtils.java:343)
	at org.springframework.aop.framework.ReflectiveMethodInvocation.invokeJoinpoint(ReflectiveMethodInvocation.java:197)
	at org.springframework.aop.framework.ReflectiveMethodInvocation.proceed(ReflectiveMethodInvocation.java:163)
	at org.springframework.aop.interceptor.AbstractTraceInterceptor.invoke(AbstractTraceInterceptor.java:134)
	at org.springframework.aop.interceptor.DebugInterceptor.invoke(DebugInterceptor.java:63)
	at org.springframework.aop.framework.ReflectiveMethodInvocation.proceed(ReflectiveMethodInvocation.java:185)
	at org.springframework.cache.interceptor.CacheInterceptor.lambda$invoke$0(CacheInterceptor.java:53)
	at org.springframework.cache.interceptor.CacheAspectSupport.execute(CacheAspectSupport.java:323)
	at org.springframework.cache.interceptor.CacheInterceptor.invoke(CacheInterceptor.java:61)
	at org.springframework.aop.framework.ReflectiveMethodInvocation.proceed(ReflectiveMethodInvocation.java:185)
	at org.springframework.aop.interceptor.ExposeInvocationInterceptor.invoke(ExposeInvocationInterceptor.java:92)
	at org.springframework.aop.framework.ReflectiveMethodInvocation.proceed(ReflectiveMethodInvocation.java:185)
	at org.springframework.aop.framework.JdkDynamicAopProxy.invoke(JdkDynamicAopProxy.java:212)
	at com.sun.proxy.$Proxy236.throwCheckedSync(Unknown Source)
	at org.springframework.cache.config.AbstractCacheAnnotationTests.testCheckedThrowableSync(AbstractCacheAnnotationTests.java:355)
	at org.springframework.cache.config.AbstractCacheAnnotationTests.testCheckedExceptionSync(AbstractCacheAnnotationTests.java:759)
	at sun.reflect.NativeMethodAccessorImpl.invoke0(Native Method)
	at sun.reflect.NativeMethodAccessorImpl.invoke(NativeMethodAccessorImpl.java:62)
	at sun.reflect.DelegatingMethodAccessorImpl.invoke(DelegatingMethodAccessorImpl.java:43)
	at java.lang.reflect.Method.invoke(Method.java:498)
	at org.junit.runners.model.FrameworkMethod$1.runReflectiveCall(FrameworkMethod.java:50)
	at org.junit.internal.runners.model.ReflectiveCallable.run(ReflectiveCallable.java:12)
	at org.junit.runners.model.FrameworkMethod.invokeExplosively(FrameworkMethod.java:47)
	at org.junit.internal.runners.statements.InvokeMethod.evaluate(InvokeMethod.java:17)
	at org.junit.internal.runners.statements.RunBefores.evaluate(RunBefores.java:26)
	at org.junit.internal.runners.statements.RunAfters.evaluate(RunAfters.java:27)
	at org.junit.runners.ParentRunner.runLeaf(ParentRunner.java:325)
	at org.junit.runners.BlockJUnit4ClassRunner.runChild(BlockJUnit4ClassRunner.java:78)
	at org.junit.runners.BlockJUnit4ClassRunner.runChild(BlockJUnit4ClassRunner.java:57)
	at org.junit.runners.ParentRunner$3.run(ParentRunner.java:290)
	at org.junit.runners.ParentRunner$1.schedule(ParentRunner.java:71)
	at org.junit.runners.ParentRunner.runChildren(ParentRunner.java:288)
	at org.junit.runners.ParentRunner.access$000(ParentRunner.java:58)
	at org.junit.runners.ParentRunner$2.evaluate(ParentRunner.java:268)
	at org.junit.runners.ParentRunner.run(ParentRunner.java:363)
	at org.gradle.api.internal.tasks.testing.junit.JUnitTestClassExecuter.runTestClass(JUnitTestClassExecuter.java:114)
	at org.gradle.api.internal.tasks.testing.junit.JUnitTestClassExecuter.execute(JUnitTestClassExecuter.java:57)
	at org.gradle.api.internal.tasks.testing.junit.JUnitTestClassProcessor.processTestClass(JUnitTestClassProcessor.java:66)
	at org.gradle.api.internal.tasks.testing.SuiteTestClassProcessor.processTestClass(SuiteTestClassProcessor.java:51)
	at sun.reflect.GeneratedMethodAccessor54.invoke(Unknown Source)
	at sun.reflect.DelegatingMethodAccessorImpl.invoke(DelegatingMethodAccessorImpl.java:43)
	at java.lang.reflect.Method.invoke(Method.java:498)
	at org.gradle.internal.dispatch.ReflectionDispatch.dispatch(ReflectionDispatch.java:35)
	at org.gradle.internal.dispatch.ReflectionDispatch.dispatch(ReflectionDispatch.java:24)
	at org.gradle.internal.dispatch.ContextClassLoaderDispatch.dispatch(ContextClassLoaderDispatch.java:32)
	at org.gradle.internal.dispatch.ProxyDispatchAdapter$DispatchingInvocationHandler.invoke(ProxyDispatchAdapter.java:93)
	at com.sun.proxy.$Proxy1.processTestClass(Unknown Source)
	at org.gradle.api.internal.tasks.testing.worker.TestWorker.processTestClass(TestWorker.java:108)
	at sun.reflect.GeneratedMethodAccessor53.invoke(Unknown Source)
	at sun.reflect.DelegatingMethodAccessorImpl.invoke(DelegatingMethodAccessorImpl.java:43)
	at java.lang.reflect.Method.invoke(Method.java:498)
	at org.gradle.internal.dispatch.ReflectionDispatch.dispatch(ReflectionDispatch.java:35)
	at org.gradle.internal.dispatch.ReflectionDispatch.dispatch(ReflectionDispatch.java:24)
	at org.gradle.internal.remote.internal.hub.MessageHubBackedObjectConnection$DispatchWrapper.dispatch(MessageHubBackedObjectConnection.java:146)
	at org.gradle.internal.remote.internal.hub.MessageHubBackedObjectConnection$DispatchWrapper.dispatch(MessageHubBackedObjectConnection.java:128)
	at org.gradle.internal.remote.internal.hub.MessageHub$Handler.run(MessageHub.java:404)
	at org.gradle.internal.concurrent.ExecutorPolicy$CatchAndRecordFailures.onExecute(ExecutorPolicy.java:63)
	at org.gradle.internal.concurrent.ManagedExecutorImpl$1.run(ManagedExecutorImpl.java:46)
	at java.util.concurrent.ThreadPoolExecutor.runWorker(ThreadPoolExecutor.java:1149)
	at java.util.concurrent.ThreadPoolExecutor$Worker.run(ThreadPoolExecutor.java:624)
	at org.gradle.internal.concurrent.ThreadFactoryImpl$ManagedThreadRunnable.run(ThreadFactoryImpl.java:55)
	at java.lang.Thread.run(Thread.java:748)
]]></system-err>
</testsuite>
