<?xml version="1.0" encoding="UTF-8"?>
<testsuite name="org.springframework.context.annotation.AutoProxyLazyInitTests" tests="4" skipped="0" failures="0" errors="0" timestamp="2021-03-19T02:34:08" hostname="Dream.local" time="0.307">
  <properties/>
  <testcase name="withNonStaticBeanMethodAndInterface" classname="org.springframework.context.annotation.AutoProxyLazyInitTests" time="0.234"/>
  <testcase name="withStaticBeanMethodAndInterface" classname="org.springframework.context.annotation.AutoProxyLazyInitTests" time="0.026"/>
  <testcase name="withStaticBeanMethod" classname="org.springframework.context.annotation.AutoProxyLazyInitTests" time="0.021"/>
  <testcase name="withNonStaticBeanMethod" classname="org.springframework.context.annotation.AutoProxyLazyInitTests" time="0.025"/>
  <system-out><![CDATA[]]></system-out>
  <system-err><![CDATA[]]></system-err>
</testsuite>
