<?xml version="1.0" encoding="UTF-8"?>
<testsuite name="org.springframework.jmx.export.NotificationPublisherTests" tests="4" skipped="0" failures="0" errors="0" timestamp="2021-03-19T02:34:51" hostname="Dream.local" time="0.042">
  <properties/>
  <testcase name="testSimpleBean" classname="org.springframework.jmx.export.NotificationPublisherTests" time="0.02"/>
  <testcase name="testMBean" classname="org.springframework.jmx.export.NotificationPublisherTests" time="0.004"/>
  <testcase name="testLazyInit" classname="org.springframework.jmx.export.NotificationPublisherTests" time="0.014"/>
  <testcase name="testSimpleBeanRegisteredManually" classname="org.springframework.jmx.export.NotificationPublisherTests" time="0.004"/>
  <system-out><![CDATA[]]></system-out>
  <system-err><![CDATA[]]></system-err>
</testsuite>
