<?xml version="1.0" encoding="UTF-8"?>
<testsuite name="org.springframework.scripting.support.RefreshableScriptTargetSourceTests" tests="1" skipped="0" failures="0" errors="0" timestamp="2021-03-19T10:46:35" hostname="Dream.local" time="0.015">
  <properties/>
  <testcase name="createWithNullScriptSource" classname="org.springframework.scripting.support.RefreshableScriptTargetSourceTests" time="0.015"/>
  <system-out><![CDATA[]]></system-out>
  <system-err><![CDATA[]]></system-err>
</testsuite>
