<?xml version="1.0" encoding="UTF-8"?>
<testsuite name="org.springframework.scheduling.concurrent.ThreadPoolTaskExecutorTests" tests="14" skipped="0" failures="0" errors="0" timestamp="2021-03-19T02:34:48" hostname="Dream.local" time="2.282">
  <properties/>
  <testcase name="submitCallableWithGetAfterShutdown" classname="org.springframework.scheduling.concurrent.ThreadPoolTaskExecutorTests" time="0.002"/>
  <testcase name="submitListenableCallableWithGetAfterShutdown" classname="org.springframework.scheduling.concurrent.ThreadPoolTaskExecutorTests" time="0.001"/>
  <testcase name="submitListenableCallable" classname="org.springframework.scheduling.concurrent.ThreadPoolTaskExecutorTests" time="0.102"/>
  <testcase name="executeRunnable" classname="org.springframework.scheduling.concurrent.ThreadPoolTaskExecutorTests" time="0.014"/>
  <testcase name="submitListenableRunnable" classname="org.springframework.scheduling.concurrent.ThreadPoolTaskExecutorTests" time="1.002"/>
  <testcase name="submitFailingCallable" classname="org.springframework.scheduling.concurrent.ThreadPoolTaskExecutorTests" time="0.014"/>
  <testcase name="submitCallable" classname="org.springframework.scheduling.concurrent.ThreadPoolTaskExecutorTests" time="0.011"/>
  <testcase name="submitFailingListenableCallable" classname="org.springframework.scheduling.concurrent.ThreadPoolTaskExecutorTests" time="0.105"/>
  <testcase name="submitRunnableWithGetAfterShutdown" classname="org.springframework.scheduling.concurrent.ThreadPoolTaskExecutorTests" time="0.002"/>
  <testcase name="submitListenableRunnableWithGetAfterShutdown" classname="org.springframework.scheduling.concurrent.ThreadPoolTaskExecutorTests" time="0.001"/>
  <testcase name="submitFailingRunnable" classname="org.springframework.scheduling.concurrent.ThreadPoolTaskExecutorTests" time="0.012"/>
  <testcase name="submitRunnable" classname="org.springframework.scheduling.concurrent.ThreadPoolTaskExecutorTests" time="0.012"/>
  <testcase name="executeFailingRunnable" classname="org.springframework.scheduling.concurrent.ThreadPoolTaskExecutorTests" time="0.001"/>
  <testcase name="submitFailingListenableRunnable" classname="org.springframework.scheduling.concurrent.ThreadPoolTaskExecutorTests" time="1.003"/>
  <system-out><![CDATA[]]></system-out>
  <system-err><![CDATA[Exception in thread "test-1" java.lang.RuntimeException: intentional test failure
	at org.springframework.scheduling.concurrent.AbstractSchedulingTaskExecutorTests$TestTask.run(AbstractSchedulingTaskExecutorTests.java:248)
	at java.util.concurrent.ThreadPoolExecutor.runWorker(ThreadPoolExecutor.java:1149)
	at java.util.concurrent.ThreadPoolExecutor$Worker.run(ThreadPoolExecutor.java:624)
	at java.lang.Thread.run(Thread.java:748)
]]></system-err>
</testsuite>
