<?xml version="1.0" encoding="UTF-8"?>
<testsuite name="org.springframework.context.annotation.ComponentScanParserWithUserDefinedStrategiesTests" tests="4" skipped="0" failures="0" errors="0" timestamp="2021-03-19T02:34:16" hostname="Dream.local" time="0.049">
  <properties/>
  <testcase name="testInvalidConstructorBeanNameGenerator" classname="org.springframework.context.annotation.ComponentScanParserWithUserDefinedStrategiesTests" time="0.009"/>
  <testcase name="testCustomScopeMetadataResolver" classname="org.springframework.context.annotation.ComponentScanParserWithUserDefinedStrategiesTests" time="0.015"/>
  <testcase name="testCustomBeanNameGenerator" classname="org.springframework.context.annotation.ComponentScanParserWithUserDefinedStrategiesTests" time="0.017"/>
  <testcase name="testInvalidClassNameScopeMetadataResolver" classname="org.springframework.context.annotation.ComponentScanParserWithUserDefinedStrategiesTests" time="0.008"/>
  <system-out><![CDATA[]]></system-out>
  <system-err><![CDATA[]]></system-err>
</testsuite>
