<?xml version="1.0" encoding="UTF-8"?>
<testsuite name="org.springframework.context.annotation.SimpleScanTests" tests="1" skipped="0" failures="0" errors="0" timestamp="2021-03-19T02:34:09" hostname="Dream.local" time="0.283">
  <properties/>
  <testcase name="testFooService" classname="org.springframework.context.annotation.SimpleScanTests" time="0.283"/>
  <system-out><![CDATA[]]></system-out>
  <system-err><![CDATA[]]></system-err>
</testsuite>
