<?xml version="1.0" encoding="UTF-8"?>
<testsuite name="org.springframework.context.support.LiveBeansViewTests" tests="4" skipped="0" failures="0" errors="0" timestamp="2021-03-19T10:46:27" hostname="Dream.local" time="0.043">
  <properties/>
  <testcase name="registerUnregisterServeralContextsDifferentOrder" classname="org.springframework.context.support.LiveBeansViewTests" time="0.041"/>
  <testcase name="registerUnregisterSingleContext" classname="org.springframework.context.support.LiveBeansViewTests" time="0.0"/>
  <testcase name="registerUnregisterServeralContexts" classname="org.springframework.context.support.LiveBeansViewTests" time="0.001"/>
  <testcase name="registerIgnoredIfPropertyIsNotSet" classname="org.springframework.context.support.LiveBeansViewTests" time="0.001"/>
  <system-out><![CDATA[]]></system-out>
  <system-err><![CDATA[]]></system-err>
</testsuite>
