<?xml version="1.0" encoding="UTF-8"?>
<testsuite name="org.springframework.context.annotation.configuration.Spr7167Tests" tests="1" skipped="0" failures="0" errors="0" timestamp="2021-03-19T10:46:19" hostname="Dream.local" time="0.019">
  <properties/>
  <testcase name="test" classname="org.springframework.context.annotation.configuration.Spr7167Tests" time="0.019"/>
  <system-out><![CDATA[18:46:19.981 [Test worker] WARN  org.springframework.context.annotation.ConfigurationClassEnhancer - @Bean method MyConfig.thePostProcessor is non-static and returns an object assignable to Spring's BeanFactoryPostProcessor interface. This will result in a failure to process annotations such as @Autowired, @Resource and @PostConstruct within the method's declaring @Configuration class. Add the 'static' modifier to this method to avoid these container lifecycle issues; see @Bean javadoc for complete details.
]]></system-out>
  <system-err><![CDATA[]]></system-err>
</testsuite>
