<?xml version="1.0" encoding="UTF-8"?>
<testsuite name="org.springframework.context.annotation.configuration.Spr10668Tests" tests="1" skipped="0" failures="0" errors="0" timestamp="2021-03-19T02:34:11" hostname="Dream.local" time="0.02">
  <properties/>
  <testcase name="testSelfInjectHierarchy" classname="org.springframework.context.annotation.configuration.Spr10668Tests" time="0.02"/>
  <system-out><![CDATA[]]></system-out>
  <system-err><![CDATA[]]></system-err>
</testsuite>
