<?xml version="1.0" encoding="UTF-8"?>
<testsuite name="org.springframework.aop.aspectj.ThisAndTargetSelectionOnlyPointcutsTests" tests="7" skipped="0" failures="0" errors="0" timestamp="2021-03-19T02:34:54" hostname="Dream.local" time="0.072">
  <properties/>
  <testcase name="testThisAsInterfaceAndTargetAsClassCounterMatch" classname="org.springframework.aop.aspectj.ThisAndTargetSelectionOnlyPointcutsTests" time="0.016"/>
  <testcase name="testTargetAsClassDoesMatch" classname="org.springframework.aop.aspectj.ThisAndTargetSelectionOnlyPointcutsTests" time="0.009"/>
  <testcase name="testTargetAsInterfaceMatch" classname="org.springframework.aop.aspectj.ThisAndTargetSelectionOnlyPointcutsTests" time="0.01"/>
  <testcase name="testThisAsClassDoesNotMatch" classname="org.springframework.aop.aspectj.ThisAndTargetSelectionOnlyPointcutsTests" time="0.009"/>
  <testcase name="testThisAsInterfaceAndTargetAsInterfaceCounterMatch" classname="org.springframework.aop.aspectj.ThisAndTargetSelectionOnlyPointcutsTests" time="0.009"/>
  <testcase name="testThisAsClassAndTargetAsClassCounterNotMatch" classname="org.springframework.aop.aspectj.ThisAndTargetSelectionOnlyPointcutsTests" time="0.009"/>
  <testcase name="testThisAsInterfaceMatch" classname="org.springframework.aop.aspectj.ThisAndTargetSelectionOnlyPointcutsTests" time="0.01"/>
  <system-out><![CDATA[]]></system-out>
  <system-err><![CDATA[]]></system-err>
</testsuite>
