<?xml version="1.0" encoding="UTF-8"?>
<testsuite name="org.springframework.context.annotation.spr12233.Spr12233Tests" tests="1" skipped="0" failures="0" errors="0" timestamp="2021-03-19T02:34:15" hostname="Dream.local" time="0.012">
  <properties/>
  <testcase name="spr12233" classname="org.springframework.context.annotation.spr12233.Spr12233Tests" time="0.012"/>
  <system-out><![CDATA[]]></system-out>
  <system-err><![CDATA[]]></system-err>
</testsuite>
