<?xml version="1.0" encoding="UTF-8"?>
<testsuite name="org.springframework.scripting.groovy.GroovyScriptFactoryTests" tests="38" skipped="0" failures="0" errors="0" timestamp="2021-03-19T10:46:35" hostname="Dream.local" time="2.409">
  <properties/>
  <testcase name="testAnonymousScriptDetected" classname="org.springframework.scripting.groovy.GroovyScriptFactoryTests" time="0.206"/>
  <testcase name="testWithTwoClassesDefinedInTheOneGroovyFile_CorrectClassFirst" classname="org.springframework.scripting.groovy.GroovyScriptFactoryTests" time="0.027"/>
  <testcase name="testStaticScript" classname="org.springframework.scripting.groovy.GroovyScriptFactoryTests" time="0.188"/>
  <testcase name="testRefreshableJsr223FromTag" classname="org.springframework.scripting.groovy.GroovyScriptFactoryTests" time="0.098"/>
  <testcase name="testJsr223FromTag" classname="org.springframework.scripting.groovy.GroovyScriptFactoryTests" time="0.075"/>
  <testcase name="testWithInlineScriptWithLeadingWhitespace" classname="org.springframework.scripting.groovy.GroovyScriptFactoryTests" time="0.012"/>
  <testcase name="testCtorWithNullScriptSourceLocator" classname="org.springframework.scripting.groovy.GroovyScriptFactoryTests" time="0.0"/>
  <testcase name="testStaticScriptWithInstanceUsingJsr223" classname="org.springframework.scripting.groovy.GroovyScriptFactoryTests" time="0.074"/>
  <testcase name="testInlineScriptFromTag" classname="org.springframework.scripting.groovy.GroovyScriptFactoryTests" time="0.096"/>
  <testcase name="testStaticScriptUsingJsr223" classname="org.springframework.scripting.groovy.GroovyScriptFactoryTests" time="0.073"/>
  <testcase name="testRefreshableFactoryBean" classname="org.springframework.scripting.groovy.GroovyScriptFactoryTests" time="0.125"/>
  <testcase name="testStaticPrototypeScript" classname="org.springframework.scripting.groovy.GroovyScriptFactoryTests" time="0.114"/>
  <testcase name="testResourceScriptFromTag" classname="org.springframework.scripting.groovy.GroovyScriptFactoryTests" time="0.088"/>
  <testcase name="testFactoryBean" classname="org.springframework.scripting.groovy.GroovyScriptFactoryTests" time="0.1"/>
  <testcase name="testStaticScriptWithInstance" classname="org.springframework.scripting.groovy.GroovyScriptFactoryTests" time="0.112"/>
  <testcase name="testPrototypeScriptFromTag" classname="org.springframework.scripting.groovy.GroovyScriptFactoryTests" time="0.1"/>
  <testcase name="testStaticScriptWithInlineDefinedInstance" classname="org.springframework.scripting.groovy.GroovyScriptFactoryTests" time="0.125"/>
  <testcase name="testStaticScriptWithInlineDefinedInstanceUsingJsr223" classname="org.springframework.scripting.groovy.GroovyScriptFactoryTests" time="0.068"/>
  <testcase name="testGetScriptedObjectDoesChokeOnNullScriptSourceBeingPassedIn" classname="org.springframework.scripting.groovy.GroovyScriptFactoryTests" time="0.0"/>
  <testcase name="testRefreshableFromTag" classname="org.springframework.scripting.groovy.GroovyScriptFactoryTests" time="0.097"/>
  <testcase name="testStaticPrototypeScriptUsingJsr223" classname="org.springframework.scripting.groovy.GroovyScriptFactoryTests" time="0.091"/>
  <testcase name="testCtorWithWhitespacedScriptSourceLocator" classname="org.springframework.scripting.groovy.GroovyScriptFactoryTests" time="0.0"/>
  <testcase name="testInlineJsr223FromTag" classname="org.springframework.scripting.groovy.GroovyScriptFactoryTests" time="0.067"/>
  <testcase name="testScriptedClassThatDoesNotHaveANoArgCtor" classname="org.springframework.scripting.groovy.GroovyScriptFactoryTests" time="0.007"/>
  <testcase name="testScriptCompilationException" classname="org.springframework.scripting.groovy.GroovyScriptFactoryTests" time="0.022"/>
  <testcase name="testCtorWithEmptyScriptSourceLocator" classname="org.springframework.scripting.groovy.GroovyScriptFactoryTests" time="0.0"/>
  <testcase name="testWithTwoClassesDefinedInTheOneGroovyFile_WrongClassFirst" classname="org.springframework.scripting.groovy.GroovyScriptFactoryTests" time="0.059"/>
  <testcase name="testJsr223FromTagWithInterface" classname="org.springframework.scripting.groovy.GroovyScriptFactoryTests" time="0.064"/>
  <testcase name="testInlineJsr223FromTagWithInterface" classname="org.springframework.scripting.groovy.GroovyScriptFactoryTests" time="0.092"/>
  <testcase name="testRefreshableFromTagProxyTargetClass" classname="org.springframework.scripting.groovy.GroovyScriptFactoryTests" time="0.025"/>
  <testcase name="testProxyTargetClassNotAllowedIfNotGroovy" classname="org.springframework.scripting.groovy.GroovyScriptFactoryTests" time="0.026"/>
  <testcase name="testCanPassInMoreThanOneProperty" classname="org.springframework.scripting.groovy.GroovyScriptFactoryTests" time="0.066"/>
  <testcase name="testMetaClassWithBeans" classname="org.springframework.scripting.groovy.GroovyScriptFactoryTests" time="0.021"/>
  <testcase name="testMetaClassWithXsd" classname="org.springframework.scripting.groovy.GroovyScriptFactoryTests" time="0.024"/>
  <testcase name="testNonStaticScript" classname="org.springframework.scripting.groovy.GroovyScriptFactoryTests" time="0.026"/>
  <testcase name="testNonStaticPrototypeScript" classname="org.springframework.scripting.groovy.GroovyScriptFactoryTests" time="0.028"/>
  <testcase name="testScriptedClassThatHasNoPublicNoArgCtor" classname="org.springframework.scripting.groovy.GroovyScriptFactoryTests" time="0.007"/>
  <testcase name="testGetScriptedObjectDoesNotChokeOnNullInterfacesBeingPassedIn" classname="org.springframework.scripting.groovy.GroovyScriptFactoryTests" time="0.004"/>
  <system-out><![CDATA[customizing org.springframework.scripting.groovy.GroovyCalculator@33af4720...
GroovyMessenger
GroovyMessenger
18:46:36.110 [Test worker] WARN  org.springframework.context.support.ClassPathXmlApplicationContext - Exception encountered during context initialization - cancelling refresh attempt: org.springframework.beans.factory.BeanCreationException: Error creating bean with name 'messenger' defined in class path resource [org/springframework/scripting/groovy/lwspBadGroovyContext.xml]: BeanPostProcessor before instantiation of bean failed; nested exception is org.springframework.beans.factory.BeanCreationException: Error creating bean with name 'messenger': Could not determine scripted object type for GroovyScriptFactory: script source locator [
    inline:
			
	class Bingo {

		@Property String message;
	}
			]; nested exception is java.io.FileNotFoundException: class path resource [
    inline:
			
	class Bingo {

		@Property String message;
	}
			] cannot be opened because it does not exist
GroovyMessenger
customizing org.springframework.scripting.groovy.GroovyCalculator@252d4366...
GroovyMessenger
GroovyMessenger
GroovyMessenger
GroovyMessenger
GroovyMessenger
customizing org.springframework.scripting.groovy.GroovyCalculator@49021200...
GroovyMessenger
GroovyMessenger
GroovyMessenger
GroovyMessenger
customizing org.springframework.scripting.groovy.GroovyCalculator@5bc998b8...
GroovyMessenger
GroovyMessenger
GroovyMessenger
customizing org.springframework.scripting.groovy.GroovyCalculator@7bbd84b4...
GroovyMessenger
18:46:37.471 [Test worker] WARN  org.springframework.context.support.ClassPathXmlApplicationContext - Exception encountered during context initialization - cancelling refresh attempt: org.springframework.beans.factory.BeanCreationException: Error creating bean with name 'broken' defined in class path resource [org/springframework/scripting/groovy/groovyBrokenContext.xml]: BeanPostProcessor before instantiation of bean failed; nested exception is org.springframework.beans.factory.BeanCreationException: Error creating bean with name 'broken': Could not determine scripted object type for GroovyScriptFactory: script source locator [classpath:org/springframework/scripting/groovy/Broken.groovyb]; nested exception is org.springframework.scripting.ScriptCompilationException: Could not compile class path resource [org/springframework/scripting/groovy/Broken.groovyb]; nested exception is org.codehaus.groovy.control.MultipleCompilationErrorsException: startup failed:
Broken: 9: expecting '(', found 'breakfast' @ line 9, column 5.
   for breakfast
       ^

1 error

18:46:37.530 [Test worker] WARN  org.springframework.context.support.ClassPathXmlApplicationContext - Exception encountered during context initialization - cancelling refresh attempt: org.springframework.beans.factory.BeanCreationException: Error creating bean with name 'messenger' defined in class path resource [org/springframework/scripting/groovy/twoClassesWrongOneFirst.xml]: BeanPostProcessor before instantiation of bean failed; nested exception is org.springframework.beans.factory.BeanCreationException: Error creating bean with name 'messenger': Could not determine scripted object type for GroovyScriptFactory: script source locator [inline:
	package org.springframework.scripting.groovy;

	import org.springframework.scripting.Messenger;
			
	class Bingo {

		@Property String message;
	}

	class GroovyMessenger implements Messenger {

		@Property String message;
	}
			]; nested exception is org.springframework.scripting.ScriptCompilationException: Could not compile static script [scriptFactory.messenger]; nested exception is org.codehaus.groovy.control.MultipleCompilationErrorsException: startup failed:
scriptFactory.messenger: 8: unable to resolve class Property ,  unable to find class for annotation
 @ line 8, column 3.
   		@Property String message;
     ^

scriptFactory.messenger: 13: unable to resolve class Property ,  unable to find class for annotation
 @ line 13, column 3.
   		@Property String message;
     ^

2 errors

]]></system-out>
  <system-err><![CDATA[]]></system-err>
</testsuite>
