<?xml version="1.0" encoding="UTF-8"?>
<testsuite name="org.springframework.aop.aspectj.SubtypeSensitiveMatchingTests" tests="3" skipped="0" failures="0" errors="0" timestamp="2021-03-19T10:47:04" hostname="Dream.local" time="0.04">
  <properties/>
  <testcase name="testBeansAreProxiedOnStaticMatch" classname="org.springframework.aop.aspectj.SubtypeSensitiveMatchingTests" time="0.022"/>
  <testcase name="testBeansThatDoNotMatchBasedSolelyOnRuntimeTypeAreNotProxied" classname="org.springframework.aop.aspectj.SubtypeSensitiveMatchingTests" time="0.009"/>
  <testcase name="testBeansThatDoNotMatchBasedOnOtherTestAreProxied" classname="org.springframework.aop.aspectj.SubtypeSensitiveMatchingTests" time="0.009"/>
  <system-out><![CDATA[]]></system-out>
  <system-err><![CDATA[]]></system-err>
</testsuite>
