<?xml version="1.0" encoding="UTF-8"?>
<testsuite name="org.springframework.context.annotation.Spr15275Tests" tests="6" skipped="0" failures="0" errors="0" timestamp="2021-03-19T02:34:15" hostname="Dream.local" time="0.078">
  <properties/>
  <testcase name="testWithAbstractFactoryBeanForInterface" classname="org.springframework.context.annotation.Spr15275Tests" time="0.016"/>
  <testcase name="testWithFactoryBean" classname="org.springframework.context.annotation.Spr15275Tests" time="0.014"/>
  <testcase name="testWithAbstractFactoryBean" classname="org.springframework.context.annotation.Spr15275Tests" time="0.017"/>
  <testcase name="testWithFinalFactoryBean" classname="org.springframework.context.annotation.Spr15275Tests" time="0.012"/>
  <testcase name="testWithAbstractFactoryBeanAsReturnType" classname="org.springframework.context.annotation.Spr15275Tests" time="0.011"/>
  <testcase name="testWithFinalFactoryBeanAsReturnType" classname="org.springframework.context.annotation.Spr15275Tests" time="0.008"/>
  <system-out><![CDATA[]]></system-out>
  <system-err><![CDATA[]]></system-err>
</testsuite>
