<?xml version="1.0" encoding="UTF-8"?>
<testsuite name="org.springframework.context.annotation.configuration.ConfigurationClassAspectIntegrationTests" tests="3" skipped="0" failures="0" errors="0" timestamp="2021-03-19T10:46:20" hostname="Dream.local" time="0.147">
  <properties/>
  <testcase name="configurationIncludesAspect" classname="org.springframework.context.annotation.configuration.ConfigurationClassAspectIntegrationTests" time="0.07"/>
  <testcase name="withInnerClassAndLambdaExpression" classname="org.springframework.context.annotation.configuration.ConfigurationClassAspectIntegrationTests" time="0.027"/>
  <testcase name="aspectAnnotatedConfiguration" classname="org.springframework.context.annotation.configuration.ConfigurationClassAspectIntegrationTests" time="0.05"/>
  <system-out><![CDATA[]]></system-out>
  <system-err><![CDATA[]]></system-err>
</testsuite>
