<?xml version="1.0" encoding="UTF-8"?>
<testsuite name="org.springframework.aop.config.AopNamespaceHandlerProxyTargetClassTests" tests="6" skipped="0" failures="0" errors="0" timestamp="2021-03-19T10:47:02" hostname="Dream.local" time="0.098">
  <properties/>
  <testcase name="testIsClassProxy" classname="org.springframework.aop.config.AopNamespaceHandlerProxyTargetClassTests" time="0.025"/>
  <testcase name="testAspectAppliedForInitializeBeanWithEmptyName" classname="org.springframework.aop.config.AopNamespaceHandlerProxyTargetClassTests" time="0.018"/>
  <testcase name="testAdviceInvokedCorrectly" classname="org.springframework.aop.config.AopNamespaceHandlerProxyTargetClassTests" time="0.012"/>
  <testcase name="testAspectAppliedForInitializeBeanWithNullName" classname="org.springframework.aop.config.AopNamespaceHandlerProxyTargetClassTests" time="0.012"/>
  <testcase name="testIsProxy" classname="org.springframework.aop.config.AopNamespaceHandlerProxyTargetClassTests" time="0.017"/>
  <testcase name="testAspectApplied" classname="org.springframework.aop.config.AopNamespaceHandlerProxyTargetClassTests" time="0.014"/>
  <system-out><![CDATA[]]></system-out>
  <system-err><![CDATA[]]></system-err>
</testsuite>
