<?xml version="1.0" encoding="UTF-8"?>
<testsuite name="org.springframework.context.annotation.ConfigurationWithFactoryBeanAndParametersTests" tests="1" skipped="0" failures="0" errors="0" timestamp="2021-03-19T10:46:25" hostname="Dream.local" time="0.012">
  <properties/>
  <testcase name="test" classname="org.springframework.context.annotation.ConfigurationWithFactoryBeanAndParametersTests" time="0.012"/>
  <system-out><![CDATA[]]></system-out>
  <system-err><![CDATA[]]></system-err>
</testsuite>
