<?xml version="1.0" encoding="UTF-8"?>
<testsuite name="org.springframework.format.number.CurrencyStyleFormatterTests" tests="6" skipped="0" failures="0" errors="0" timestamp="2021-03-19T02:34:57" hostname="Dream.local" time="0.0">
  <properties/>
  <testcase name="parseWholeValue" classname="org.springframework.format.number.CurrencyStyleFormatterTests" time="0.0"/>
  <testcase name="parseValue" classname="org.springframework.format.number.CurrencyStyleFormatterTests" time="0.0"/>
  <testcase name="parseValueDefaultRoundDown" classname="org.springframework.format.number.CurrencyStyleFormatterTests" time="0.0"/>
  <testcase name="parseValueNotLenientFailure" classname="org.springframework.format.number.CurrencyStyleFormatterTests" time="0.0"/>
  <testcase name="parseBogusValue" classname="org.springframework.format.number.CurrencyStyleFormatterTests" time="0.0"/>
  <testcase name="formatValue" classname="org.springframework.format.number.CurrencyStyleFormatterTests" time="0.0"/>
  <system-out><![CDATA[]]></system-out>
  <system-err><![CDATA[]]></system-err>
</testsuite>
