<?xml version="1.0" encoding="UTF-8"?>
<testsuite name="org.springframework.context.support.ClassPathXmlApplicationContextTests" tests="20" skipped="0" failures="0" errors="0" timestamp="2021-03-19T10:46:27" hostname="Dream.local" time="1.448">
  <properties/>
  <testcase name="testSingleConfigLocationWithClass" classname="org.springframework.context.support.ClassPathXmlApplicationContextTests" time="0.011"/>
  <testcase name="testAliasWithPlaceholder" classname="org.springframework.context.support.ClassPathXmlApplicationContextTests" time="0.38"/>
  <testcase name="testContextWithInvalidValueType" classname="org.springframework.context.support.ClassPathXmlApplicationContextTests" time="0.012"/>
  <testcase name="testResourceAndInputStream" classname="org.springframework.context.support.ClassPathXmlApplicationContextTests" time="0.015"/>
  <testcase name="testContextWithInvalidLazyClass" classname="org.springframework.context.support.ClassPathXmlApplicationContextTests" time="0.007"/>
  <testcase name="testMessageSourceAware" classname="org.springframework.context.support.ClassPathXmlApplicationContextTests" time="0.114"/>
  <testcase name="testContextWithClassNameThatContainsPlaceholder" classname="org.springframework.context.support.ClassPathXmlApplicationContextTests" time="0.006"/>
  <testcase name="testGenericApplicationContextWithXmlBeanDefinitionsAndClassLoaderNull" classname="org.springframework.context.support.ClassPathXmlApplicationContextTests" time="0.119"/>
  <testcase name="testAliasThatOverridesParent" classname="org.springframework.context.support.ClassPathXmlApplicationContextTests" time="0.006"/>
  <testcase name="testChildWithProxy" classname="org.springframework.context.support.ClassPathXmlApplicationContextTests" time="0.087"/>
  <testcase name="testSingleConfigLocation" classname="org.springframework.context.support.ClassPathXmlApplicationContextTests" time="0.004"/>
  <testcase name="testResourceArrayPropertyEditor" classname="org.springframework.context.support.ClassPathXmlApplicationContextTests" time="0.072"/>
  <testcase name="testGenericApplicationContextWithXmlBeanDefinitionsAndSpecifiedId" classname="org.springframework.context.support.ClassPathXmlApplicationContextTests" time="0.077"/>
  <testcase name="testFactoryBeanAndApplicationListener" classname="org.springframework.context.support.ClassPathXmlApplicationContextTests" time="0.075"/>
  <testcase name="testMultipleConfigLocationsWithClass" classname="org.springframework.context.support.ClassPathXmlApplicationContextTests" time="0.072"/>
  <testcase name="testMultipleConfigLocations" classname="org.springframework.context.support.ClassPathXmlApplicationContextTests" time="0.213"/>
  <testcase name="testAliasForParentContext" classname="org.springframework.context.support.ClassPathXmlApplicationContextTests" time="0.005"/>
  <testcase name="testGenericApplicationContextWithXmlBeanDefinitions" classname="org.springframework.context.support.ClassPathXmlApplicationContextTests" time="0.066"/>
  <testcase name="testAliasThatOverridesEarlierBean" classname="org.springframework.context.support.ClassPathXmlApplicationContextTests" time="0.005"/>
  <testcase name="testConfigLocationPattern" classname="org.springframework.context.support.ClassPathXmlApplicationContextTests" time="0.096"/>
  <system-out><![CDATA[18:46:28.314 [Test worker] WARN  org.springframework.context.support.ClassPathXmlApplicationContext - Exception encountered during context initialization - cancelling refresh attempt: org.springframework.beans.factory.BeanCreationException: Error creating bean with name 'someMessageSource' defined in class path resource [org/springframework/context/support/invalidValueType.xml]: Initialization of bean failed; nested exception is org.springframework.beans.TypeMismatchException: Failed to convert property value of type 'java.lang.String' to required type 'boolean' for property 'useCodeAsDefaultMessage'; nested exception is java.lang.IllegalArgumentException: Invalid boolean value [xxx]
]]></system-out>
  <system-err><![CDATA[]]></system-err>
</testsuite>
