<?xml version="1.0" encoding="UTF-8"?>
<testsuite name="org.springframework.context.expression.ApplicationContextExpressionTests" tests="6" skipped="1" failures="0" errors="0" timestamp="2021-03-19T02:34:25" hostname="Dream.local" time="0.069">
  <properties/>
  <testcase name="systemPropertiesSecurityManager" classname="org.springframework.context.expression.ApplicationContextExpressionTests" time="0.015"/>
  <testcase name="prototypeCreationReevaluatesExpressions" classname="org.springframework.context.expression.ApplicationContextExpressionTests" time="0.008"/>
  <testcase name="stringConcatenationWithDebugLogging" classname="org.springframework.context.expression.ApplicationContextExpressionTests" time="0.007"/>
  <testcase name="resourceInjection" classname="org.springframework.context.expression.ApplicationContextExpressionTests" time="0.007"/>
  <testcase name="prototypeCreationIsFastEnough" classname="org.springframework.context.expression.ApplicationContextExpressionTests" time="0.0">
    <skipped/>
  </testcase>
  <testcase name="genericApplicationContext" classname="org.springframework.context.expression.ApplicationContextExpressionTests" time="0.031"/>
  <system-out><![CDATA[]]></system-out>
  <system-err><![CDATA[]]></system-err>
</testsuite>
