<?xml version="1.0" encoding="UTF-8"?>
<testsuite name="org.springframework.context.annotation.Spr15275Tests" tests="6" skipped="0" failures="0" errors="0" timestamp="2021-03-19T10:46:24" hostname="Dream.local" time="0.077">
  <properties/>
  <testcase name="testWithAbstractFactoryBeanForInterface" classname="org.springframework.context.annotation.Spr15275Tests" time="0.013"/>
  <testcase name="testWithFactoryBean" classname="org.springframework.context.annotation.Spr15275Tests" time="0.019"/>
  <testcase name="testWithAbstractFactoryBean" classname="org.springframework.context.annotation.Spr15275Tests" time="0.015"/>
  <testcase name="testWithFinalFactoryBean" classname="org.springframework.context.annotation.Spr15275Tests" time="0.01"/>
  <testcase name="testWithAbstractFactoryBeanAsReturnType" classname="org.springframework.context.annotation.Spr15275Tests" time="0.011"/>
  <testcase name="testWithFinalFactoryBeanAsReturnType" classname="org.springframework.context.annotation.Spr15275Tests" time="0.009"/>
  <system-out><![CDATA[]]></system-out>
  <system-err><![CDATA[]]></system-err>
</testsuite>
