<?xml version="1.0" encoding="UTF-8"?>
<testsuite name="org.springframework.validation.beanvalidation.MethodValidationTests" tests="4" skipped="0" failures="0" errors="0" timestamp="2021-03-19T02:34:58" hostname="Dream.local" time="0.097">
  <properties/>
  <testcase name="testLazyValidatorForMethodValidation" classname="org.springframework.validation.beanvalidation.MethodValidationTests" time="0.048"/>
  <testcase name="testMethodValidationInterceptor" classname="org.springframework.validation.beanvalidation.MethodValidationTests" time="0.009"/>
  <testcase name="testLazyValidatorForMethodValidationWithProxyTargetClass" classname="org.springframework.validation.beanvalidation.MethodValidationTests" time="0.03"/>
  <testcase name="testMethodValidationPostProcessor" classname="org.springframework.validation.beanvalidation.MethodValidationTests" time="0.01"/>
  <system-out><![CDATA[]]></system-out>
  <system-err><![CDATA[]]></system-err>
</testsuite>
