<?xml version="1.0" encoding="UTF-8"?>
<testsuite name="org.springframework.scheduling.annotation.EnableSchedulingTests" tests="12" skipped="9" failures="0" errors="0" timestamp="2021-03-19T10:46:50" hostname="Dream.local" time="0.042">
  <properties/>
  <testcase name="withAmbiguousTaskSchedulers_andSingleTask" classname="org.springframework.scheduling.annotation.EnableSchedulingTests" time="0.021"/>
  <testcase name="withTaskAddedVia_configureTasks" classname="org.springframework.scheduling.annotation.EnableSchedulingTests" time="0.001">
    <skipped/>
  </testcase>
  <testcase name="withAmbiguousTaskSchedulers_andSingleTask_disambiguatedByScheduledTaskRegistrarBean" classname="org.springframework.scheduling.annotation.EnableSchedulingTests" time="0.0">
    <skipped/>
  </testcase>
  <testcase name="withTriggerTask" classname="org.springframework.scheduling.annotation.EnableSchedulingTests" time="0.0">
    <skipped/>
  </testcase>
  <testcase name="withExplicitScheduler" classname="org.springframework.scheduling.annotation.EnableSchedulingTests" time="0.0">
    <skipped/>
  </testcase>
  <testcase name="withExplicitScheduledTaskRegistrar" classname="org.springframework.scheduling.annotation.EnableSchedulingTests" time="0.0">
    <skipped/>
  </testcase>
  <testcase name="withFixedRateTask" classname="org.springframework.scheduling.annotation.EnableSchedulingTests" time="0.0">
    <skipped/>
  </testcase>
  <testcase name="withSubclass" classname="org.springframework.scheduling.annotation.EnableSchedulingTests" time="0.0">
    <skipped/>
  </testcase>
  <testcase name="withAmbiguousTaskSchedulers_andSingleTask_disambiguatedBySchedulerNameAttribute" classname="org.springframework.scheduling.annotation.EnableSchedulingTests" time="0.001">
    <skipped/>
  </testcase>
  <testcase name="withExplicitSchedulerAmbiguity_andSchedulingEnabled" classname="org.springframework.scheduling.annotation.EnableSchedulingTests" time="0.01"/>
  <testcase name="withAmbiguousTaskSchedulers_butNoActualTasks" classname="org.springframework.scheduling.annotation.EnableSchedulingTests" time="0.009"/>
  <testcase name="withInitiallyDelayedFixedRateTask" classname="org.springframework.scheduling.annotation.EnableSchedulingTests" time="0.0">
    <skipped/>
  </testcase>
  <system-out><![CDATA[]]></system-out>
  <system-err><![CDATA[]]></system-err>
</testsuite>
