<?xml version="1.0" encoding="UTF-8"?>
<testsuite name="org.springframework.context.annotation.Spr8954Tests" tests="2" skipped="0" failures="0" errors="0" timestamp="2021-03-19T02:34:14" hostname="Dream.local" time="0.016">
  <properties/>
  <testcase name="repro" classname="org.springframework.context.annotation.Spr8954Tests" time="0.013"/>
  <testcase name="findsBeansByTypeIfNotInstantiated" classname="org.springframework.context.annotation.Spr8954Tests" time="0.003"/>
  <system-out><![CDATA[]]></system-out>
  <system-err><![CDATA[]]></system-err>
</testsuite>
