<?xml version="1.0" encoding="UTF-8"?>
<testsuite name="org.springframework.context.annotation.ConfigurationClassPostConstructAndAutowiringTests" tests="2" skipped="0" failures="0" errors="0" timestamp="2021-03-19T02:34:18" hostname="Dream.local" time="0.027">
  <properties/>
  <testcase name="originalReproCase" classname="org.springframework.context.annotation.ConfigurationClassPostConstructAndAutowiringTests" time="0.021"/>
  <testcase name="control" classname="org.springframework.context.annotation.ConfigurationClassPostConstructAndAutowiringTests" time="0.006"/>
  <system-out><![CDATA[]]></system-out>
  <system-err><![CDATA[]]></system-err>
</testsuite>
