<?xml version="1.0" encoding="UTF-8"?>
<testsuite name="org.springframework.aop.aspectj.BeanNamePointcutTests" tests="6" skipped="0" failures="0" errors="0" timestamp="2021-03-19T02:34:55" hostname="Dream.local" time="0.078">
  <properties/>
  <testcase name="testPointcutAdvisorCombination" classname="org.springframework.aop.aspectj.BeanNamePointcutTests" time="0.017"/>
  <testcase name="testMatchingBeanName" classname="org.springframework.aop.aspectj.BeanNamePointcutTests" time="0.012"/>
  <testcase name="testMatchingFactoryBeanItself" classname="org.springframework.aop.aspectj.BeanNamePointcutTests" time="0.012"/>
  <testcase name="testMatchingFactoryBeanObject" classname="org.springframework.aop.aspectj.BeanNamePointcutTests" time="0.012"/>
  <testcase name="testNonMatchingNestedBeanName" classname="org.springframework.aop.aspectj.BeanNamePointcutTests" time="0.011"/>
  <testcase name="testNonMatchingBeanName" classname="org.springframework.aop.aspectj.BeanNamePointcutTests" time="0.014"/>
  <system-out><![CDATA[]]></system-out>
  <system-err><![CDATA[]]></system-err>
</testsuite>
