<?xml version="1.0" encoding="UTF-8"?>
<testsuite name="org.springframework.scripting.support.ResourceScriptSourceTests" tests="4" skipped="0" failures="0" errors="0" timestamp="2021-03-19T10:46:34" hostname="Dream.local" time="0.017">
  <properties/>
  <testcase name="beginsInModifiedState" classname="org.springframework.scripting.support.ResourceScriptSourceTests" time="0.014"/>
  <testcase name="lastModifiedWorksWithResourceThatDoesNotSupportFileBasedAccessAtAll" classname="org.springframework.scripting.support.ResourceScriptSourceTests" time="0.002"/>
  <testcase name="doesNotPropagateFatalExceptionOnResourceThatCannotBeResolvedToAFile" classname="org.springframework.scripting.support.ResourceScriptSourceTests" time="0.0"/>
  <testcase name="lastModifiedWorksWithResourceThatDoesNotSupportFileBasedReading" classname="org.springframework.scripting.support.ResourceScriptSourceTests" time="0.001"/>
  <system-out><![CDATA[]]></system-out>
  <system-err><![CDATA[]]></system-err>
</testsuite>
