<?xml version="1.0" encoding="UTF-8"?>
<testsuite name="org.springframework.context.annotation.Spr16217Tests" tests="3" skipped="1" failures="0" errors="0" timestamp="2021-03-19T10:46:24" hostname="Dream.local" time="0.019">
  <properties/>
  <testcase name="baseConfigurationIsIncludedWhenFirstSuperclassReferenceIsSkippedInRegisterBeanPhase" classname="org.springframework.context.annotation.Spr16217Tests" time="0.0">
    <skipped/>
  </testcase>
  <testcase name="baseConfigurationIsIncludedWhenFirstSuperclassReferenceIsSkippedInParseConfigurationPhase" classname="org.springframework.context.annotation.Spr16217Tests" time="0.009"/>
  <testcase name="baseConfigurationIsIncludedOnceWhenBothConfigurationClassesAreActive" classname="org.springframework.context.annotation.Spr16217Tests" time="0.01"/>
  <system-out><![CDATA[]]></system-out>
  <system-err><![CDATA[]]></system-err>
</testsuite>
