<?xml version="1.0" encoding="UTF-8"?>
<testsuite name="org.springframework.context.annotation.spr8808.Spr8808Tests" tests="1" skipped="0" failures="0" errors="0" timestamp="2021-03-19T02:34:14" hostname="Dream.local" time="0.006">
  <properties/>
  <testcase name="repro" classname="org.springframework.context.annotation.spr8808.Spr8808Tests" time="0.006"/>
  <system-out><![CDATA[]]></system-out>
  <system-err><![CDATA[]]></system-err>
</testsuite>
