<?xml version="1.0" encoding="UTF-8"?>
<testsuite name="org.springframework.format.support.FormattingConversionServiceFactoryBeanTests" tests="5" skipped="0" failures="0" errors="0" timestamp="2021-03-19T10:47:06" hostname="Dream.local" time="0.008">
  <properties/>
  <testcase name="testFormatterRegistrar" classname="org.springframework.format.support.FormattingConversionServiceFactoryBeanTests" time="0.003"/>
  <testcase name="testInvalidFormatter" classname="org.springframework.format.support.FormattingConversionServiceFactoryBeanTests" time="0.0"/>
  <testcase name="testCustomFormatter" classname="org.springframework.format.support.FormattingConversionServiceFactoryBeanTests" time="0.004"/>
  <testcase name="testDefaultFormattersOn" classname="org.springframework.format.support.FormattingConversionServiceFactoryBeanTests" time="0.001"/>
  <testcase name="testDefaultFormattersOff" classname="org.springframework.format.support.FormattingConversionServiceFactoryBeanTests" time="0.0"/>
  <system-out><![CDATA[]]></system-out>
  <system-err><![CDATA[]]></system-err>
</testsuite>
