<?xml version="1.0" encoding="UTF-8"?>
<testsuite name="org.springframework.context.annotation.ComponentScanParserScopedProxyTests" tests="5" skipped="0" failures="0" errors="0" timestamp="2021-03-19T02:34:16" hostname="Dream.local" time="0.083">
  <properties/>
  <testcase name="testDefaultScopedProxy" classname="org.springframework.context.annotation.ComponentScanParserScopedProxyTests" time="0.013"/>
  <testcase name="testTargetClassScopedProxy" classname="org.springframework.context.annotation.ComponentScanParserScopedProxyTests" time="0.028"/>
  <testcase name="testInterfacesScopedProxy" classname="org.springframework.context.annotation.ComponentScanParserScopedProxyTests" time="0.015"/>
  <testcase name="testNoScopedProxy" classname="org.springframework.context.annotation.ComponentScanParserScopedProxyTests" time="0.015"/>
  <testcase name="testInvalidConfigScopedProxy" classname="org.springframework.context.annotation.ComponentScanParserScopedProxyTests" time="0.012"/>
  <system-out><![CDATA[]]></system-out>
  <system-err><![CDATA[]]></system-err>
</testsuite>
