<?xml version="1.0" encoding="UTF-8"?>
<testsuite name="org.springframework.cache.config.ExpressionCachingIntegrationTests" tests="1" skipped="0" failures="0" errors="0" timestamp="2021-03-19T02:34:32" hostname="Dream.local" time="0.029">
  <properties/>
  <testcase name="expressionIsCacheBasedOnActualMethod" classname="org.springframework.cache.config.ExpressionCachingIntegrationTests" time="0.029"/>
  <system-out><![CDATA[]]></system-out>
  <system-err><![CDATA[]]></system-err>
</testsuite>
