<?xml version="1.0" encoding="UTF-8"?>
<testsuite name="org.springframework.context.annotation.Spr12278Tests" tests="3" skipped="0" failures="0" errors="0" timestamp="2021-03-19T10:46:23" hostname="Dream.local" time="0.027">
  <properties/>
  <testcase name="componentTwoConstructorsNoHint" classname="org.springframework.context.annotation.Spr12278Tests" time="0.014"/>
  <testcase name="componentTwoSpecificConstructorsNoHint" classname="org.springframework.context.annotation.Spr12278Tests" time="0.006"/>
  <testcase name="componentSingleConstructor" classname="org.springframework.context.annotation.Spr12278Tests" time="0.007"/>
  <system-out><![CDATA[18:46:23.156 [Test worker] WARN  org.springframework.context.annotation.AnnotationConfigApplicationContext - Exception encountered during context initialization - cancelling refresh attempt: org.springframework.beans.factory.BeanCreationException: Error creating bean with name 'spr12278Tests.TwoSpecificConstructorsComponent': Instantiation of bean failed; nested exception is org.springframework.beans.BeanInstantiationException: Failed to instantiate [org.springframework.context.annotation.Spr12278Tests$TwoSpecificConstructorsComponent]: No default constructor found; nested exception is java.lang.NoSuchMethodException: org.springframework.context.annotation.Spr12278Tests$TwoSpecificConstructorsComponent.<init>()
]]></system-out>
  <system-err><![CDATA[]]></system-err>
</testsuite>
