<?xml version="1.0" encoding="UTF-8"?>
<testsuite name="org.springframework.aop.config.AopNamespaceHandlerAdviceTypeTests" tests="2" skipped="0" failures="0" errors="0" timestamp="2021-03-19T02:34:53" hostname="Dream.local" time="0.042">
  <properties/>
  <testcase name="testParsingOfAdviceTypes" classname="org.springframework.aop.config.AopNamespaceHandlerAdviceTypeTests" time="0.034"/>
  <testcase name="testParsingOfAdviceTypesWithError" classname="org.springframework.aop.config.AopNamespaceHandlerAdviceTypeTests" time="0.008"/>
  <system-out><![CDATA[]]></system-out>
  <system-err><![CDATA[]]></system-err>
</testsuite>
