<?xml version="1.0" encoding="UTF-8"?>
<testsuite name="org.springframework.scripting.groovy.GroovyAspectIntegrationTests" tests="4" skipped="0" failures="0" errors="0" timestamp="2021-03-19T02:34:29" hostname="Dream.local" time="0.115">
  <properties/>
  <testcase name="testJavaBean" classname="org.springframework.scripting.groovy.GroovyAspectIntegrationTests" time="0.022"/>
  <testcase name="testGroovyBeanProxyTargetClass" classname="org.springframework.scripting.groovy.GroovyAspectIntegrationTests" time="0.045"/>
  <testcase name="testGroovyBeanDynamic" classname="org.springframework.scripting.groovy.GroovyAspectIntegrationTests" time="0.025"/>
  <testcase name="testGroovyBeanInterface" classname="org.springframework.scripting.groovy.GroovyAspectIntegrationTests" time="0.023"/>
  <system-out><![CDATA[]]></system-out>
  <system-err><![CDATA[]]></system-err>
</testsuite>
