<?xml version="1.0" encoding="UTF-8"?>
<testsuite name="org.springframework.jndi.JndiLocatorDelegateTests" tests="1" skipped="0" failures="0" errors="0" timestamp="2021-03-19T10:47:04" hostname="Dream.local" time="0.0">
  <properties/>
  <testcase name="isDefaultJndiEnvironmentAvailableFalse" classname="org.springframework.jndi.JndiLocatorDelegateTests" time="0.0"/>
  <system-out><![CDATA[]]></system-out>
  <system-err><![CDATA[]]></system-err>
</testsuite>
