<?xml version="1.0" encoding="UTF-8"?>
<testsuite name="org.springframework.aop.framework.autoproxy.BeanNameAutoProxyCreatorTests" tests="8" skipped="0" failures="0" errors="0" timestamp="2021-03-19T10:47:02" hostname="Dream.local" time="0.079">
  <properties/>
  <testcase name="testJdkProxyWithExactNameMatch" classname="org.springframework.aop.framework.autoproxy.BeanNameAutoProxyCreatorTests" time="0.027"/>
  <testcase name="testCglibProxyWithWildcardMatch" classname="org.springframework.aop.framework.autoproxy.BeanNameAutoProxyCreatorTests" time="0.011"/>
  <testcase name="testJdkIntroductionAppliesToCreatedObjectsNotFactoryBean" classname="org.springframework.aop.framework.autoproxy.BeanNameAutoProxyCreatorTests" time="0.009"/>
  <testcase name="testJdkProxyWithWildcardMatch" classname="org.springframework.aop.framework.autoproxy.BeanNameAutoProxyCreatorTests" time="0.005"/>
  <testcase name="testNoProxy" classname="org.springframework.aop.framework.autoproxy.BeanNameAutoProxyCreatorTests" time="0.006"/>
  <testcase name="testJdkProxyWithDoubleProxying" classname="org.springframework.aop.framework.autoproxy.BeanNameAutoProxyCreatorTests" time="0.007"/>
  <testcase name="testJdkIntroduction" classname="org.springframework.aop.framework.autoproxy.BeanNameAutoProxyCreatorTests" time="0.007"/>
  <testcase name="testWithFrozenProxy" classname="org.springframework.aop.framework.autoproxy.BeanNameAutoProxyCreatorTests" time="0.006"/>
  <system-out><![CDATA[]]></system-out>
  <system-err><![CDATA[]]></system-err>
</testsuite>
