<?xml version="1.0" encoding="UTF-8"?>
<testsuite name="org.springframework.aop.framework.ObjenesisProxyTests" tests="1" skipped="0" failures="0" errors="0" timestamp="2021-03-19T10:47:02" hostname="Dream.local" time="0.074">
  <properties/>
  <testcase name="appliesAspectToClassWithComplexConstructor" classname="org.springframework.aop.framework.ObjenesisProxyTests" time="0.074"/>
  <system-out><![CDATA[]]></system-out>
  <system-err><![CDATA[]]></system-err>
</testsuite>
