<?xml version="1.0" encoding="UTF-8"?>
<testsuite name="org.springframework.aop.aspectj.AroundAdviceBindingTests" tests="4" skipped="0" failures="0" errors="0" timestamp="2021-03-19T10:47:03" hostname="Dream.local" time="0.088">
  <properties/>
  <testcase name="testJustJoinPoint" classname="org.springframework.aop.aspectj.AroundAdviceBindingTests" time="0.015"/>
  <testcase name="testOneObjectArgBoundToTarget" classname="org.springframework.aop.aspectj.AroundAdviceBindingTests" time="0.02"/>
  <testcase name="testOneIntAndOneObjectArgs" classname="org.springframework.aop.aspectj.AroundAdviceBindingTests" time="0.016"/>
  <testcase name="testOneIntArg" classname="org.springframework.aop.aspectj.AroundAdviceBindingTests" time="0.036"/>
  <system-out><![CDATA[]]></system-out>
  <system-err><![CDATA[]]></system-err>
</testsuite>
