<?xml version="1.0" encoding="UTF-8"?>
<testsuite name="org.springframework.cache.interceptor.CachePutEvaluationTests" tests="2" skipped="0" failures="0" errors="0" timestamp="2021-03-19T10:46:43" hostname="Dream.local" time="0.033">
  <properties/>
  <testcase name="getAndPut" classname="org.springframework.cache.interceptor.CachePutEvaluationTests" time="0.025"/>
  <testcase name="mutualGetPutExclusion" classname="org.springframework.cache.interceptor.CachePutEvaluationTests" time="0.008"/>
  <system-out><![CDATA[]]></system-out>
  <system-err><![CDATA[]]></system-err>
</testsuite>
