<?xml version="1.0" encoding="UTF-8"?>
<testsuite name="org.springframework.context.annotation.NestedConfigurationClassTests" tests="7" skipped="0" failures="0" errors="0" timestamp="2021-03-19T10:46:25" hostname="Dream.local" time="0.086">
  <properties/>
  <testcase name="twoLevelsWithNoBeanMethods" classname="org.springframework.context.annotation.NestedConfigurationClassTests" time="0.014"/>
  <testcase name="twoLevelsDeepWithInheritanceThroughImport" classname="org.springframework.context.annotation.NestedConfigurationClassTests" time="0.023"/>
  <testcase name="twoLevelsDeep" classname="org.springframework.context.annotation.NestedConfigurationClassTests" time="0.008"/>
  <testcase name="oneLevelDeep" classname="org.springframework.context.annotation.NestedConfigurationClassTests" time="0.005"/>
  <testcase name="twoLevelsDeepWithInheritance" classname="org.springframework.context.annotation.NestedConfigurationClassTests" time="0.005"/>
  <testcase name="twoLevelsInLiteMode" classname="org.springframework.context.annotation.NestedConfigurationClassTests" time="0.009"/>
  <testcase name="twoLevelsDeepWithInheritanceAndScopedProxy" classname="org.springframework.context.annotation.NestedConfigurationClassTests" time="0.022"/>
  <system-out><![CDATA[]]></system-out>
  <system-err><![CDATA[]]></system-err>
</testsuite>
