<?xml version="1.0" encoding="UTF-8"?>
<testsuite name="org.springframework.context.event.PayloadApplicationEventTests" tests="1" skipped="0" failures="0" errors="0" timestamp="2021-03-19T02:34:25" hostname="Dream.local" time="0.006">
  <properties/>
  <testcase name="testEventClassWithInterface" classname="org.springframework.context.event.PayloadApplicationEventTests" time="0.006"/>
  <system-out><![CDATA[]]></system-out>
  <system-err><![CDATA[]]></system-err>
</testsuite>
