<?xml version="1.0" encoding="UTF-8"?>
<testsuite name="org.springframework.util.MethodInvokerTests" tests="8" skipped="0" failures="0" errors="0" timestamp="2021-03-19T10:45:11" hostname="Dream.local" time="0.006">
  <properties/>
  <testcase name="salesmanWithMethodInvoker" classname="org.springframework.util.MethodInvokerTests" time="0.003"/>
  <testcase name="plainMethodInvoker" classname="org.springframework.util.MethodInvokerTests" time="0.001"/>
  <testcase name="vipWithMethodInvoker" classname="org.springframework.util.MethodInvokerTests" time="0.001"/>
  <testcase name="shopperWithMethodInvoker" classname="org.springframework.util.MethodInvokerTests" time="0.0"/>
  <testcase name="purchaserWithMethodInvoker" classname="org.springframework.util.MethodInvokerTests" time="0.0"/>
  <testcase name="customerWithMethodInvoker" classname="org.springframework.util.MethodInvokerTests" time="0.0"/>
  <testcase name="stringWithMethodInvoker" classname="org.springframework.util.MethodInvokerTests" time="0.0"/>
  <testcase name="regularWithMethodInvoker" classname="org.springframework.util.MethodInvokerTests" time="0.0"/>
  <system-out><![CDATA[]]></system-out>
  <system-err><![CDATA[]]></system-err>
</testsuite>
