<?xml version="1.0" encoding="UTF-8"?>
<testsuite name="org.springframework.core.type.CachingMetadataReaderLeakTests" tests="1" skipped="1" failures="0" errors="0" timestamp="2021-03-19T02:33:24" hostname="Dream.local" time="0.002">
  <properties/>
  <testcase name="testSignificantLoad" classname="org.springframework.core.type.CachingMetadataReaderLeakTests" time="0.002">
    <skipped/>
  </testcase>
  <system-out><![CDATA[]]></system-out>
  <system-err><![CDATA[]]></system-err>
</testsuite>
