<?xml version="1.0" encoding="UTF-8"?>
<testsuite name="org.springframework.util.SocketUtilsTests" tests="23" skipped="0" failures="0" errors="0" timestamp="2021-03-19T10:45:12" hostname="Dream.local" time="0.029">
  <properties/>
  <testcase name="findAvailableTcpPortWithMinPortEqualToMaxPort" classname="org.springframework.util.SocketUtilsTests" time="0.015"/>
  <testcase name="find4AvailableUdpPortsInRange" classname="org.springframework.util.SocketUtilsTests" time="0.003"/>
  <testcase name="findAvailableTcpPortWithNegativeMinPort" classname="org.springframework.util.SocketUtilsTests" time="0.0"/>
  <testcase name="find50AvailableTcpPorts" classname="org.springframework.util.SocketUtilsTests" time="0.002"/>
  <testcase name="findAvailableUdpPort" classname="org.springframework.util.SocketUtilsTests" time="0.0"/>
  <testcase name="find4AvailableUdpPorts" classname="org.springframework.util.SocketUtilsTests" time="0.0"/>
  <testcase name="findAvailableUdpPortWhenPortOnLoopbackInterfaceIsNotAvailable" classname="org.springframework.util.SocketUtilsTests" time="0.001"/>
  <testcase name="findAvailableUdpPortWithZeroMinPort" classname="org.springframework.util.SocketUtilsTests" time="0.0"/>
  <testcase name="findAvailableUdpPortWithMin" classname="org.springframework.util.SocketUtilsTests" time="0.0"/>
  <testcase name="findAvailableTcpPortWhenPortOnLoopbackInterfaceIsNotAvailable" classname="org.springframework.util.SocketUtilsTests" time="0.001"/>
  <testcase name="findAvailableUdpPortWithNegativeMinPort" classname="org.springframework.util.SocketUtilsTests" time="0.0"/>
  <testcase name="findAvailableTcpPortsWithRequestedNumberGreaterThanSizeOfRange" classname="org.springframework.util.SocketUtilsTests" time="0.0"/>
  <testcase name="find4AvailableTcpPorts" classname="org.springframework.util.SocketUtilsTests" time="0.001"/>
  <testcase name="find50AvailableTcpPortsInRange" classname="org.springframework.util.SocketUtilsTests" time="0.001"/>
  <testcase name="findAvailableUdpPortInRange" classname="org.springframework.util.SocketUtilsTests" time="0.0"/>
  <testcase name="findAvailableTcpPortWithMin" classname="org.springframework.util.SocketUtilsTests" time="0.0"/>
  <testcase name="find50AvailableUdpPorts" classname="org.springframework.util.SocketUtilsTests" time="0.001"/>
  <testcase name="findAvailableTcpPortWithZeroMinPort" classname="org.springframework.util.SocketUtilsTests" time="0.0"/>
  <testcase name="find4AvailableTcpPortsInRange" classname="org.springframework.util.SocketUtilsTests" time="0.0"/>
  <testcase name="findAvailableTcpPortInRange" classname="org.springframework.util.SocketUtilsTests" time="0.0"/>
  <testcase name="findAvailableUdpPortsWithRequestedNumberGreaterThanSizeOfRange" classname="org.springframework.util.SocketUtilsTests" time="0.0"/>
  <testcase name="find50AvailableUdpPortsInRange" classname="org.springframework.util.SocketUtilsTests" time="0.002"/>
  <testcase name="findAvailableTcpPort" classname="org.springframework.util.SocketUtilsTests" time="0.0"/>
  <system-out><![CDATA[]]></system-out>
  <system-err><![CDATA[]]></system-err>
</testsuite>
