<?xml version="1.0" encoding="UTF-8"?>
<testsuite name="org.springframework.tests.TestGroupTests" tests="9" skipped="0" failures="0" errors="0" timestamp="2021-03-19T02:33:29" hostname="Dream.local" time="0.001">
  <properties/>
  <testcase name="parseNull" classname="org.springframework.tests.TestGroupTests" time="0.0"/>
  <testcase name="parseInMixedCase" classname="org.springframework.tests.TestGroupTests" time="0.0"/>
  <testcase name="parseMissing" classname="org.springframework.tests.TestGroupTests" time="0.0"/>
  <testcase name="parseAllExceptMissing" classname="org.springframework.tests.TestGroupTests" time="0.0"/>
  <testcase name="parseEmptyString" classname="org.springframework.tests.TestGroupTests" time="0.001"/>
  <testcase name="parseAll" classname="org.springframework.tests.TestGroupTests" time="0.0"/>
  <testcase name="parseWithSpaces" classname="org.springframework.tests.TestGroupTests" time="0.0"/>
  <testcase name="parseBlankString" classname="org.springframework.tests.TestGroupTests" time="0.0"/>
  <testcase name="parseAllExceptPerformance" classname="org.springframework.tests.TestGroupTests" time="0.0"/>
  <system-out><![CDATA[]]></system-out>
  <system-err><![CDATA[]]></system-err>
</testsuite>
