<?xml version="1.0" encoding="UTF-8"?>
<testsuite name="org.springframework.core.env.MutablePropertySourcesTests" tests="2" skipped="0" failures="0" errors="0" timestamp="2021-03-19T02:33:23" hostname="Dream.local" time="0.001">
  <properties/>
  <testcase name="getNonExistentPropertySourceReturnsNull" classname="org.springframework.core.env.MutablePropertySourcesTests" time="0.0"/>
  <testcase name="test" classname="org.springframework.core.env.MutablePropertySourcesTests" time="0.001"/>
  <system-out><![CDATA[]]></system-out>
  <system-err><![CDATA[]]></system-err>
</testsuite>
