<?xml version="1.0" encoding="UTF-8"?>
<testsuite name="org.springframework.core.annotation.DefaultAnnotationAttributeExtractorTests" tests="1" skipped="0" failures="0" errors="0" timestamp="2021-03-19T10:45:11" hostname="Dream.local" time="0.0">
  <properties/>
  <testcase name="getAttributeValueForImplicitAliases" classname="org.springframework.core.annotation.DefaultAnnotationAttributeExtractorTests" time="0.0"/>
  <system-out><![CDATA[]]></system-out>
  <system-err><![CDATA[]]></system-err>
</testsuite>
