<?xml version="1.0" encoding="UTF-8"?>
<testsuite name="org.springframework.core.annotation.OrderSourceProviderTests" tests="7" skipped="0" failures="0" errors="0" timestamp="2021-03-19T10:45:10" hostname="Dream.local" time="0.005">
  <properties/>
  <testcase name="arrayFactoryMethodOverridesStaticOrder" classname="org.springframework.core.annotation.OrderSourceProviderTests" time="0.002"/>
  <testcase name="listNoFactoryMethod" classname="org.springframework.core.annotation.OrderSourceProviderTests" time="0.0"/>
  <testcase name="listFactoryMethod" classname="org.springframework.core.annotation.OrderSourceProviderTests" time="0.001"/>
  <testcase name="arrayNoFactoryMethod" classname="org.springframework.core.annotation.OrderSourceProviderTests" time="0.0"/>
  <testcase name="arrayFactoryMethod" classname="org.springframework.core.annotation.OrderSourceProviderTests" time="0.001"/>
  <testcase name="listFactoryMethodOverridesStaticOrder" classname="org.springframework.core.annotation.OrderSourceProviderTests" time="0.0"/>
  <testcase name="plainComparator" classname="org.springframework.core.annotation.OrderSourceProviderTests" time="0.001"/>
  <system-out><![CDATA[]]></system-out>
  <system-err><![CDATA[]]></system-err>
</testsuite>
