<?xml version="1.0" encoding="UTF-8"?>
<testsuite name="org.springframework.util.concurrent.FutureAdapterTests" tests="5" skipped="0" failures="0" errors="0" timestamp="2021-03-19T10:45:16" hostname="Dream.local" time="0.013">
  <properties/>
  <testcase name="cancel" classname="org.springframework.util.concurrent.FutureAdapterTests" time="0.011"/>
  <testcase name="isDone" classname="org.springframework.util.concurrent.FutureAdapterTests" time="0.0"/>
  <testcase name="getTimeOut" classname="org.springframework.util.concurrent.FutureAdapterTests" time="0.002"/>
  <testcase name="get" classname="org.springframework.util.concurrent.FutureAdapterTests" time="0.0"/>
  <testcase name="isCancelled" classname="org.springframework.util.concurrent.FutureAdapterTests" time="0.0"/>
  <system-out><![CDATA[]]></system-out>
  <system-err><![CDATA[]]></system-err>
</testsuite>
