<?xml version="1.0" encoding="UTF-8"?>
<testsuite name="org.springframework.core.io.support.ResourceArrayPropertyEditorTests" tests="4" skipped="0" failures="0" errors="0" timestamp="2021-03-19T10:45:10" hostname="Dream.local" time="0.028">
  <properties/>
  <testcase name="testPatternResource" classname="org.springframework.core.io.support.ResourceArrayPropertyEditorTests" time="0.026"/>
  <testcase name="testVanillaResource" classname="org.springframework.core.io.support.ResourceArrayPropertyEditorTests" time="0.0"/>
  <testcase name="testStrictSystemPropertyReplacement" classname="org.springframework.core.io.support.ResourceArrayPropertyEditorTests" time="0.001"/>
  <testcase name="testSystemPropertyReplacement" classname="org.springframework.core.io.support.ResourceArrayPropertyEditorTests" time="0.001"/>
  <system-out><![CDATA[]]></system-out>
  <system-err><![CDATA[]]></system-err>
</testsuite>
