<?xml version="1.0" encoding="UTF-8"?>
<testsuite name="org.springframework.core.io.support.SpringFactoriesLoaderTests" tests="3" skipped="0" failures="0" errors="0" timestamp="2021-03-19T02:33:23" hostname="Dream.local" time="0.018">
  <properties/>
  <testcase name="loadFactoriesInCorrectOrder" classname="org.springframework.core.io.support.SpringFactoriesLoaderTests" time="0.017"/>
  <testcase name="loadPackagePrivateFactory" classname="org.springframework.core.io.support.SpringFactoriesLoaderTests" time="0.001"/>
  <testcase name="loadInvalid" classname="org.springframework.core.io.support.SpringFactoriesLoaderTests" time="0.0"/>
  <system-out><![CDATA[]]></system-out>
  <system-err><![CDATA[]]></system-err>
</testsuite>
