<?xml version="1.0" encoding="UTF-8"?>
<testsuite name="org.springframework.util.comparator.InvertibleComparatorTests" tests="6" skipped="0" failures="0" errors="0" timestamp="2021-03-19T10:45:12" hostname="Dream.local" time="0.001">
  <properties/>
  <testcase name="shouldCompareDescending" classname="org.springframework.util.comparator.InvertibleComparatorTests" time="0.001"/>
  <testcase name="shouldInvert" classname="org.springframework.util.comparator.InvertibleComparatorTests" time="0.0"/>
  <testcase name="shouldCompareAscending" classname="org.springframework.util.comparator.InvertibleComparatorTests" time="0.0"/>
  <testcase name="shouldDefaultToAscending" classname="org.springframework.util.comparator.InvertibleComparatorTests" time="0.0"/>
  <testcase name="shouldNeedComparatorWithAscending" classname="org.springframework.util.comparator.InvertibleComparatorTests" time="0.0"/>
  <testcase name="shouldNeedComparator" classname="org.springframework.util.comparator.InvertibleComparatorTests" time="0.0"/>
  <system-out><![CDATA[]]></system-out>
  <system-err><![CDATA[]]></system-err>
</testsuite>
