<?xml version="1.0" encoding="UTF-8"?>
<testsuite name="org.springframework.util.TypeUtilsTests" tests="4" skipped="0" failures="0" errors="0" timestamp="2021-03-19T02:33:24" hostname="Dream.local" time="0.001">
  <properties/>
  <testcase name="withParameterizedTypes" classname="org.springframework.util.TypeUtilsTests" time="0.001"/>
  <testcase name="withWildcardTypes" classname="org.springframework.util.TypeUtilsTests" time="0.0"/>
  <testcase name="withGenericArrayTypes" classname="org.springframework.util.TypeUtilsTests" time="0.0"/>
  <testcase name="withClasses" classname="org.springframework.util.TypeUtilsTests" time="0.0"/>
  <system-out><![CDATA[]]></system-out>
  <system-err><![CDATA[]]></system-err>
</testsuite>
