<?xml version="1.0" encoding="UTF-8"?>
<testsuite name="org.springframework.util.xml.StaxEventHandlerTests" tests="4" skipped="0" failures="0" errors="0" timestamp="2021-03-19T02:33:25" hostname="Dream.local" time="3.133">
  <properties/>
  <testcase name="noNamespacePrefixesDom" classname="org.springframework.util.xml.StaxEventHandlerTests" time="0.01"/>
  <testcase name="noNamespacePrefixes" classname="org.springframework.util.xml.StaxEventHandlerTests" time="2.878"/>
  <testcase name="namespacePrefixes" classname="org.springframework.util.xml.StaxEventHandlerTests" time="0.241"/>
  <testcase name="namespacePrefixesDom" classname="org.springframework.util.xml.StaxEventHandlerTests" time="0.004"/>
  <system-out><![CDATA[]]></system-out>
  <system-err><![CDATA[]]></system-err>
</testsuite>
