<?xml version="1.0" encoding="UTF-8"?>
<testsuite name="org.springframework.util.xml.StaxEventXMLReaderTests" tests="6" skipped="0" failures="0" errors="0" timestamp="2021-03-19T10:45:12" hostname="Dream.local" time="0.176">
  <properties/>
  <testcase name="partial" classname="org.springframework.util.xml.StaxEventXMLReaderTests" time="0.025"/>
  <testcase name="contentHandlerNamespacesPrefixes" classname="org.springframework.util.xml.StaxEventXMLReaderTests" time="0.008"/>
  <testcase name="whitespace" classname="org.springframework.util.xml.StaxEventXMLReaderTests" time="0.009"/>
  <testcase name="contentHandlerNoNamespacesPrefixes" classname="org.springframework.util.xml.StaxEventXMLReaderTests" time="0.002"/>
  <testcase name="lexicalHandler" classname="org.springframework.util.xml.StaxEventXMLReaderTests" time="0.126"/>
  <testcase name="contentHandlerNamespacesNoPrefixes" classname="org.springframework.util.xml.StaxEventXMLReaderTests" time="0.003"/>
  <system-out><![CDATA[]]></system-out>
  <system-err><![CDATA[]]></system-err>
</testsuite>
