<?xml version="1.0" encoding="UTF-8"?>
<testsuite name="org.springframework.util.comparator.NullSafeComparatorTests" tests="2" skipped="0" failures="0" errors="0" timestamp="2021-03-19T02:33:24" hostname="Dream.local" time="0.0">
  <properties/>
  <testcase name="shouldCompareWithNullsLow" classname="org.springframework.util.comparator.NullSafeComparatorTests" time="0.0"/>
  <testcase name="shouldCompareWithNullsHigh" classname="org.springframework.util.comparator.NullSafeComparatorTests" time="0.0"/>
  <system-out><![CDATA[]]></system-out>
  <system-err><![CDATA[]]></system-err>
</testsuite>
