<?xml version="1.0" encoding="UTF-8"?>
<testsuite name="org.springframework.util.ExceptionTypeFilterTests" tests="1" skipped="0" failures="0" errors="0" timestamp="2021-03-19T10:45:12" hostname="Dream.local" time="0.001">
  <properties/>
  <testcase name="subClassMatch" classname="org.springframework.util.ExceptionTypeFilterTests" time="0.001"/>
  <system-out><![CDATA[]]></system-out>
  <system-err><![CDATA[]]></system-err>
</testsuite>
