<?xml version="1.0" encoding="UTF-8"?>
<testsuite name="org.springframework.util.xml.XMLEventStreamReaderTests" tests="2" skipped="0" failures="0" errors="0" timestamp="2021-03-19T02:33:28" hostname="Dream.local" time="0.011">
  <properties/>
  <testcase name="readCorrect" classname="org.springframework.util.xml.XMLEventStreamReaderTests" time="0.01"/>
  <testcase name="readAll" classname="org.springframework.util.xml.XMLEventStreamReaderTests" time="0.001"/>
  <system-out><![CDATA[]]></system-out>
  <system-err><![CDATA[]]></system-err>
</testsuite>
