<?xml version="1.0" encoding="UTF-8"?>
<testsuite name="org.springframework.util.xml.StaxStreamHandlerTests" tests="4" skipped="0" failures="0" errors="0" timestamp="2021-03-19T02:33:28" hostname="Dream.local" time="0.491">
  <properties/>
  <testcase name="noNamespacePrefixesDom" classname="org.springframework.util.xml.StaxStreamHandlerTests" time="0.002"/>
  <testcase name="noNamespacePrefixes" classname="org.springframework.util.xml.StaxStreamHandlerTests" time="0.238"/>
  <testcase name="namespacePrefixes" classname="org.springframework.util.xml.StaxStreamHandlerTests" time="0.246"/>
  <testcase name="namespacePrefixesDom" classname="org.springframework.util.xml.StaxStreamHandlerTests" time="0.005"/>
  <system-out><![CDATA[]]></system-out>
  <system-err><![CDATA[]]></system-err>
</testsuite>
