<?xml version="1.0" encoding="UTF-8"?>
<testsuite name="org.springframework.core.type.AnnotationTypeFilterTests" tests="6" skipped="0" failures="0" errors="0" timestamp="2021-03-19T02:33:24" hostname="Dream.local" time="0.006">
  <properties/>
  <testcase name="testDirectAnnotationMatch" classname="org.springframework.core.type.AnnotationTypeFilterTests" time="0.003"/>
  <testcase name="testInheritedAnnotationFromBaseClassDoesMatch" classname="org.springframework.core.type.AnnotationTypeFilterTests" time="0.001"/>
  <testcase name="testNonAnnotatedClassDoesntMatch" classname="org.springframework.core.type.AnnotationTypeFilterTests" time="0.0"/>
  <testcase name="testInheritedAnnotationFromInterfaceDoesNotMatch" classname="org.springframework.core.type.AnnotationTypeFilterTests" time="0.001"/>
  <testcase name="testNonInheritedAnnotationDoesNotMatch" classname="org.springframework.core.type.AnnotationTypeFilterTests" time="0.001"/>
  <testcase name="testMatchesInterfacesIfConfigured" classname="org.springframework.core.type.AnnotationTypeFilterTests" time="0.0"/>
  <system-out><![CDATA[]]></system-out>
  <system-err><![CDATA[]]></system-err>
</testsuite>
