<?xml version="1.0" encoding="UTF-8"?>
<testsuite name="org.springframework.util.ExceptionTypeFilterTests" tests="1" skipped="0" failures="0" errors="0" timestamp="2021-03-19T02:33:24" hostname="Dream.local" time="0.002">
  <properties/>
  <testcase name="subClassMatch" classname="org.springframework.util.ExceptionTypeFilterTests" time="0.002"/>
  <system-out><![CDATA[]]></system-out>
  <system-err><![CDATA[]]></system-err>
</testsuite>
