<?xml version="1.0" encoding="UTF-8"?>
<testsuite name="org.springframework.util.comparator.CompoundComparatorTests" tests="1" skipped="0" failures="0" errors="0" timestamp="2021-03-19T02:33:24" hostname="Dream.local" time="0.001">
  <properties/>
  <testcase name="shouldNeedAtLeastOneComparator" classname="org.springframework.util.comparator.CompoundComparatorTests" time="0.001"/>
  <system-out><![CDATA[]]></system-out>
  <system-err><![CDATA[]]></system-err>
</testsuite>
