<?xml version="1.0" encoding="UTF-8"?>
<testsuite name="org.springframework.util.xml.XMLEventStreamWriterTests" tests="1" skipped="0" failures="0" errors="0" timestamp="2021-03-19T10:45:15" hostname="Dream.local" time="0.005">
  <properties/>
  <testcase name="write" classname="org.springframework.util.xml.XMLEventStreamWriterTests" time="0.005"/>
  <system-out><![CDATA[]]></system-out>
  <system-err><![CDATA[]]></system-err>
</testsuite>
