<?xml version="1.0" encoding="UTF-8"?>
<testsuite name="org.springframework.util.xml.StaxStreamHandlerTests" tests="4" skipped="0" failures="0" errors="0" timestamp="2021-03-19T10:45:14" hostname="Dream.local" time="0.54">
  <properties/>
  <testcase name="noNamespacePrefixesDom" classname="org.springframework.util.xml.StaxStreamHandlerTests" time="0.002"/>
  <testcase name="noNamespacePrefixes" classname="org.springframework.util.xml.StaxStreamHandlerTests" time="0.28"/>
  <testcase name="namespacePrefixes" classname="org.springframework.util.xml.StaxStreamHandlerTests" time="0.254"/>
  <testcase name="namespacePrefixesDom" classname="org.springframework.util.xml.StaxStreamHandlerTests" time="0.004"/>
  <system-out><![CDATA[]]></system-out>
  <system-err><![CDATA[]]></system-err>
</testsuite>
