<?xml version="1.0" encoding="UTF-8"?>
<testsuite name="org.springframework.util.concurrent.ListenableFutureTaskTests" tests="4" skipped="0" failures="0" errors="0" timestamp="2021-03-19T02:33:29" hostname="Dream.local" time="0.023">
  <properties/>
  <testcase name="success" classname="org.springframework.util.concurrent.ListenableFutureTaskTests" time="0.002"/>
  <testcase name="failure" classname="org.springframework.util.concurrent.ListenableFutureTaskTests" time="0.001"/>
  <testcase name="failureWithLambdas" classname="org.springframework.util.concurrent.ListenableFutureTaskTests" time="0.02"/>
  <testcase name="successWithLambdas" classname="org.springframework.util.concurrent.ListenableFutureTaskTests" time="0.0"/>
  <system-out><![CDATA[]]></system-out>
  <system-err><![CDATA[]]></system-err>
</testsuite>
