<?xml version="1.0" encoding="UTF-8"?>
<testsuite name="org.springframework.util.StreamUtilsTests" tests="8" skipped="0" failures="0" errors="0" timestamp="2021-03-19T02:33:24" hostname="Dream.local" time="0.105">
  <properties/>
  <testcase name="nonClosingOutputStream" classname="org.springframework.util.StreamUtilsTests" time="0.019"/>
  <testcase name="copyStream" classname="org.springframework.util.StreamUtilsTests" time="0.033"/>
  <testcase name="copyString" classname="org.springframework.util.StreamUtilsTests" time="0.002"/>
  <testcase name="copyToString" classname="org.springframework.util.StreamUtilsTests" time="0.025"/>
  <testcase name="copyBytes" classname="org.springframework.util.StreamUtilsTests" time="0.002"/>
  <testcase name="copyRange" classname="org.springframework.util.StreamUtilsTests" time="0.002"/>
  <testcase name="nonClosingInputStream" classname="org.springframework.util.StreamUtilsTests" time="0.019"/>
  <testcase name="copyToByteArray" classname="org.springframework.util.StreamUtilsTests" time="0.003"/>
  <system-out><![CDATA[]]></system-out>
  <system-err><![CDATA[]]></system-err>
</testsuite>
