<?xml version="1.0" encoding="UTF-8"?>
<testsuite name="org.springframework.aop.target.CommonsPool2TargetSourceProxyTests" tests="1" skipped="0" failures="0" errors="0" timestamp="2021-03-19T02:33:07" hostname="Dream.local" time="0.022">
  <properties/>
  <testcase name="testProxy" classname="org.springframework.aop.target.CommonsPool2TargetSourceProxyTests" time="0.022"/>
  <system-out><![CDATA[]]></system-out>
  <system-err><![CDATA[]]></system-err>
</testsuite>
