<?xml version="1.0" encoding="UTF-8"?>
<testsuite name="org.springframework.aop.support.NameMatchMethodPointcutTests" tests="6" skipped="0" failures="0" errors="0" timestamp="2021-03-19T02:33:08" hostname="Dream.local" time="0.006">
  <properties/>
  <testcase name="testMatchingOnly" classname="org.springframework.aop.support.NameMatchMethodPointcutTests" time="0.002"/>
  <testcase name="testEmpty" classname="org.springframework.aop.support.NameMatchMethodPointcutTests" time="0.0"/>
  <testcase name="testSets" classname="org.springframework.aop.support.NameMatchMethodPointcutTests" time="0.0"/>
  <testcase name="testEqualsAndHashCode" classname="org.springframework.aop.support.NameMatchMethodPointcutTests" time="0.001"/>
  <testcase name="testMatchOneMethod" classname="org.springframework.aop.support.NameMatchMethodPointcutTests" time="0.0"/>
  <testcase name="testSerializable" classname="org.springframework.aop.support.NameMatchMethodPointcutTests" time="0.003"/>
  <system-out><![CDATA[]]></system-out>
  <system-err><![CDATA[]]></system-err>
</testsuite>
