<?xml version="1.0" encoding="UTF-8"?>
<testsuite name="org.springframework.aop.config.AopNamespaceHandlerPointcutErrorTests" tests="2" skipped="0" failures="0" errors="0" timestamp="2021-03-19T02:33:07" hostname="Dream.local" time="0.031">
  <properties/>
  <testcase name="testMissingPointcutConfig" classname="org.springframework.aop.config.AopNamespaceHandlerPointcutErrorTests" time="0.015"/>
  <testcase name="testDuplicatePointcutConfig" classname="org.springframework.aop.config.AopNamespaceHandlerPointcutErrorTests" time="0.016"/>
  <system-out><![CDATA[]]></system-out>
  <system-err><![CDATA[]]></system-err>
</testsuite>
