<?xml version="1.0" encoding="UTF-8"?>
<testsuite name="org.springframework.aop.interceptor.SimpleTraceInterceptorTests" tests="2" skipped="0" failures="0" errors="0" timestamp="2021-03-19T02:33:09" hostname="Dream.local" time="0.001">
  <properties/>
  <testcase name="testExceptionPathStillLogsCorrectly" classname="org.springframework.aop.interceptor.SimpleTraceInterceptorTests" time="0.001"/>
  <testcase name="testSunnyDayPathLogsCorrectly" classname="org.springframework.aop.interceptor.SimpleTraceInterceptorTests" time="0.0"/>
  <system-out><![CDATA[]]></system-out>
  <system-err><![CDATA[]]></system-err>
</testsuite>
