<?xml version="1.0" encoding="UTF-8"?>
<testsuite name="org.springframework.aop.aspectj.annotation.AspectProxyFactoryTests" tests="9" skipped="0" failures="0" errors="0" timestamp="2021-03-19T10:44:55" hostname="Dream.local" time="0.056">
  <properties/>
  <testcase name="testWithNonAspect" classname="org.springframework.aop.aspectj.annotation.AspectProxyFactoryTests" time="0.002"/>
  <testcase name="testUnproxiedVarargsWithEnumArray" classname="org.springframework.aop.aspectj.annotation.AspectProxyFactoryTests" time="0.011"/>
  <testcase name="testWithInstance" classname="org.springframework.aop.aspectj.annotation.AspectProxyFactoryTests" time="0.027"/>
  <testcase name="testWithPerThisAspect" classname="org.springframework.aop.aspectj.annotation.AspectProxyFactoryTests" time="0.006"/>
  <testcase name="testWithInstanceWithNonAspect" classname="org.springframework.aop.aspectj.annotation.AspectProxyFactoryTests" time="0.0"/>
  <testcase name="testWithNonSingletonAspectInstance" classname="org.springframework.aop.aspectj.annotation.AspectProxyFactoryTests" time="0.001"/>
  <testcase name="testWithSimpleAspect" classname="org.springframework.aop.aspectj.annotation.AspectProxyFactoryTests" time="0.002"/>
  <testcase name="testProxiedVarargsWithEnumArray" classname="org.springframework.aop.aspectj.annotation.AspectProxyFactoryTests" time="0.002"/>
  <testcase name="testSerializable" classname="org.springframework.aop.aspectj.annotation.AspectProxyFactoryTests" time="0.005"/>
  <system-out><![CDATA[]]></system-out>
  <system-err><![CDATA[]]></system-err>
</testsuite>
