<?xml version="1.0" encoding="UTF-8"?>
<testsuite name="org.springframework.aop.support.RegexpMethodPointcutAdvisorIntegrationTests" tests="3" skipped="0" failures="0" errors="0" timestamp="2021-03-19T02:33:08" hostname="Dream.local" time="0.067">
  <properties/>
  <testcase name="testSerialization" classname="org.springframework.aop.support.RegexpMethodPointcutAdvisorIntegrationTests" time="0.041"/>
  <testcase name="testSinglePattern" classname="org.springframework.aop.support.RegexpMethodPointcutAdvisorIntegrationTests" time="0.005"/>
  <testcase name="testMultiplePatterns" classname="org.springframework.aop.support.RegexpMethodPointcutAdvisorIntegrationTests" time="0.021"/>
  <system-out><![CDATA[]]></system-out>
  <system-err><![CDATA[]]></system-err>
</testsuite>
