<?xml version="1.0" encoding="UTF-8"?>
<testsuite name="org.springframework.aop.support.ClassUtilsTests" tests="1" skipped="0" failures="0" errors="0" timestamp="2021-03-19T02:33:08" hostname="Dream.local" time="0.001">
  <properties/>
  <testcase name="getShortNameForCglibClass" classname="org.springframework.aop.support.ClassUtilsTests" time="0.001"/>
  <system-out><![CDATA[]]></system-out>
  <system-err><![CDATA[]]></system-err>
</testsuite>
