<?xml version="1.0" encoding="UTF-8"?>
<testsuite name="org.springframework.aop.framework.ProxyFactoryTests" tests="14" skipped="1" failures="0" errors="0" timestamp="2021-03-19T10:44:52" hostname="Dream.local" time="0.85">
  <properties/>
  <testcase name="testReplaceAdvisor" classname="org.springframework.aop.framework.ProxyFactoryTests" time="0.668"/>
  <testcase name="testProxyTargetClassWithInterfaceAsTarget" classname="org.springframework.aop.framework.ProxyFactoryTests" time="0.007"/>
  <testcase name="testExclusionOfNonPublicInterfaces" classname="org.springframework.aop.framework.ProxyFactoryTests" time="0.0">
    <skipped/>
  </testcase>
  <testcase name="testInterceptorInclusionMethods" classname="org.springframework.aop.framework.ProxyFactoryTests" time="0.004"/>
  <testcase name="testCanAddAndRemoveAspectInterfacesOnSingleton" classname="org.springframework.aop.framework.ProxyFactoryTests" time="0.007"/>
  <testcase name="testRemoveAdvisorByReference" classname="org.springframework.aop.framework.ProxyFactoryTests" time="0.001"/>
  <testcase name="testInterceptorWithoutJoinpoint" classname="org.springframework.aop.framework.ProxyFactoryTests" time="0.0"/>
  <testcase name="testGetsAllInterfaces" classname="org.springframework.aop.framework.ProxyFactoryTests" time="0.006"/>
  <testcase name="testIndexOfMethods" classname="org.springframework.aop.framework.ProxyFactoryTests" time="0.0"/>
  <testcase name="testRemoveAdvisorByIndex" classname="org.springframework.aop.framework.ProxyFactoryTests" time="0.001"/>
  <testcase name="testProxyTargetClassWithConcreteClassAsTarget" classname="org.springframework.aop.framework.ProxyFactoryTests" time="0.126"/>
  <testcase name="testInterfaceProxiesCanBeOrderedThroughAnnotations" classname="org.springframework.aop.framework.ProxyFactoryTests" time="0.011"/>
  <testcase name="testTargetClassProxiesCanBeOrderedThroughAnnotations" classname="org.springframework.aop.framework.ProxyFactoryTests" time="0.012"/>
  <testcase name="testAddRepeatedInterface" classname="org.springframework.aop.framework.ProxyFactoryTests" time="0.004"/>
  <system-out><![CDATA[]]></system-out>
  <system-err><![CDATA[]]></system-err>
</testsuite>
