<?xml version="1.0" encoding="UTF-8"?>
<testsuite name="org.springframework.aop.target.dynamic.RefreshableTargetSourceTests" tests="4" skipped="1" failures="0" errors="0" timestamp="2021-03-19T02:33:07" hostname="Dream.local" time="0.107">
  <properties/>
  <testcase name="testRefreshCheckWithNonRefresh" classname="org.springframework.aop.target.dynamic.RefreshableTargetSourceTests" time="0.004"/>
  <testcase name="testWithNoRefreshCheck" classname="org.springframework.aop.target.dynamic.RefreshableTargetSourceTests" time="0.0"/>
  <testcase name="testRefreshOverTime" classname="org.springframework.aop.target.dynamic.RefreshableTargetSourceTests" time="0.002">
    <skipped/>
  </testcase>
  <testcase name="testRefreshCheckWithRefresh" classname="org.springframework.aop.target.dynamic.RefreshableTargetSourceTests" time="0.1"/>
  <system-out><![CDATA[]]></system-out>
  <system-err><![CDATA[]]></system-err>
</testsuite>
