<?xml version="1.0" encoding="UTF-8"?>
<testsuite name="org.springframework.aop.aspectj.TrickyAspectJPointcutExpressionTests" tests="5" skipped="0" failures="0" errors="0" timestamp="2021-03-19T02:33:08" hostname="Dream.local" time="0.028">
  <properties/>
  <testcase name="testManualProxyJavaWithDynamicPointcutAndProxyTargetClass" classname="org.springframework.aop.aspectj.TrickyAspectJPointcutExpressionTests" time="0.012"/>
  <testcase name="testManualProxyJavaWithDynamicPointcut" classname="org.springframework.aop.aspectj.TrickyAspectJPointcutExpressionTests" time="0.004"/>
  <testcase name="testManualProxyJavaWithStaticPointcutAndTwoClassLoaders" classname="org.springframework.aop.aspectj.TrickyAspectJPointcutExpressionTests" time="0.009"/>
  <testcase name="testManualProxyJavaWithStaticPointcut" classname="org.springframework.aop.aspectj.TrickyAspectJPointcutExpressionTests" time="0.002"/>
  <testcase name="testManualProxyJavaWithUnconditionalPointcut" classname="org.springframework.aop.aspectj.TrickyAspectJPointcutExpressionTests" time="0.0"/>
  <system-out><![CDATA[]]></system-out>
  <system-err><![CDATA[]]></system-err>
</testsuite>
