<?xml version="1.0" encoding="UTF-8"?>
<testsuite name="org.springframework.aop.aspectj.annotation.AspectJPointcutAdvisorTests" tests="4" skipped="0" failures="0" errors="0" timestamp="2021-03-19T10:44:55" hostname="Dream.local" time="0.02">
  <properties/>
  <testcase name="testPerCflowBelowTarget" classname="org.springframework.aop.aspectj.annotation.AspectJPointcutAdvisorTests" time="0.006"/>
  <testcase name="testSingleton" classname="org.springframework.aop.aspectj.annotation.AspectJPointcutAdvisorTests" time="0.004"/>
  <testcase name="testPerCflowTarget" classname="org.springframework.aop.aspectj.annotation.AspectJPointcutAdvisorTests" time="0.001"/>
  <testcase name="testPerTarget" classname="org.springframework.aop.aspectj.annotation.AspectJPointcutAdvisorTests" time="0.009"/>
  <system-out><![CDATA[]]></system-out>
  <system-err><![CDATA[]]></system-err>
</testsuite>
