<?xml version="1.0" encoding="UTF-8"?>
<testsuite name="org.springframework.aop.aspectj.BeanNamePointcutMatchingTests" tests="2" skipped="0" failures="0" errors="0" timestamp="2021-03-19T02:33:07" hostname="Dream.local" time="0.008">
  <properties/>
  <testcase name="testNonMatchingPointcuts" classname="org.springframework.aop.aspectj.BeanNamePointcutMatchingTests" time="0.005"/>
  <testcase name="testMatchingPointcuts" classname="org.springframework.aop.aspectj.BeanNamePointcutMatchingTests" time="0.003"/>
  <system-out><![CDATA[]]></system-out>
  <system-err><![CDATA[]]></system-err>
</testsuite>
