<?xml version="1.0" encoding="UTF-8"?>
<testsuite name="org.springframework.aop.support.ComposablePointcutTests" tests="5" skipped="0" failures="0" errors="0" timestamp="2021-03-19T02:33:08" hostname="Dream.local" time="0.001">
  <properties/>
  <testcase name="testUnionMethodMatcher" classname="org.springframework.aop.support.ComposablePointcutTests" time="0.0"/>
  <testcase name="testIntersectionMethodMatcher" classname="org.springframework.aop.support.ComposablePointcutTests" time="0.0"/>
  <testcase name="testMatchAll" classname="org.springframework.aop.support.ComposablePointcutTests" time="0.001"/>
  <testcase name="testEqualsAndHashCode" classname="org.springframework.aop.support.ComposablePointcutTests" time="0.0"/>
  <testcase name="testFilterByClass" classname="org.springframework.aop.support.ComposablePointcutTests" time="0.0"/>
  <system-out><![CDATA[]]></system-out>
  <system-err><![CDATA[]]></system-err>
</testsuite>
